<?xml version="1.0" encoding="UTF-8"?>
<!-- Generated by org.testng.reporters.JUnitXMLReporter -->
<testsuite hostname="qa-auto-1" name="Categories Feature With Firefox" tests="8" failures="0" timestamp="9 Jan 2018 15:31:45 GMT" time="0.0" errors="0">
  <testcase name="@BeforeTest setup" time="0.0" classname="Execution_Suite.Categories_Features">
    <failure type="org.openqa.selenium.WebDriverException" message="Cannot find firefox binary in PATH. Make sure firefox is installed. OS appears to be: VISTA
Build info: version: &amp;apos;3.6.0&amp;apos;, revision: &amp;apos;6fbf3ec767&amp;apos;, time: &amp;apos;2017-09-27T16:15:26.402Z&amp;apos;
System info: host: &amp;apos;QA-AUTO-1&amp;apos;, ip: &amp;apos;172.25.242.10&amp;apos;, os.name: &amp;apos;Windows 7&amp;apos;, os.arch: &amp;apos;amd64&amp;apos;, os.version: &amp;apos;6.1&amp;apos;, java.version: &amp;apos;1.8.0_131&amp;apos;
Driver info: driver.version: FirefoxDriver">
      <![CDATA[org.openqa.selenium.WebDriverException: Cannot find firefox binary in PATH. Make sure firefox is installed. OS appears to be: VISTA
Build info: version: '3.6.0', revision: '6fbf3ec767', time: '2017-09-27T16:15:26.402Z'
System info: host: 'QA-AUTO-1', ip: '172.25.242.10', os.name: 'Windows 7', os.arch: 'amd64', os.version: '6.1', java.version: '1.8.0_131'
Driver info: driver.version: FirefoxDriver
	at org.openqa.selenium.firefox.FirefoxBinary.<init>(FirefoxBinary.java:116)
	at org.openqa.selenium.firefox.FirefoxOptions.getBinary(FirefoxOptions.java:217)
	at org.openqa.selenium.firefox.FirefoxDriver.toExecutor(FirefoxDriver.java:147)
	at org.openqa.selenium.firefox.FirefoxDriver.<init>(FirefoxDriver.java:120)
	at org.openqa.selenium.firefox.FirefoxDriver.<init>(FirefoxDriver.java:98)
	at Execution_Suite.Categories_Features.setup(Categories_Features.java:50)
... Removed 21 stack frames]]>
    </failure>
  </testcase> <!-- @BeforeTest setup -->
  <testcase name="@AfterMethod getResult" time="0.0" classname="Execution_Suite.Categories_Features">
    <skipped/>
  </testcase> <!-- @AfterMethod getResult -->
  <testcase name="@AfterMethod getResult" time="0.0" classname="Execution_Suite.Categories_Features">
    <skipped/>
  </testcase> <!-- @AfterMethod getResult -->
  <testcase name="@AfterMethod getResult" time="0.0" classname="Execution_Suite.Categories_Features">
    <skipped/>
  </testcase> <!-- @AfterMethod getResult -->
  <testcase name="@AfterMethod getResult" time="0.0" classname="Execution_Suite.Categories_Features">
    <skipped/>
  </testcase> <!-- @AfterMethod getResult -->
  <testcase name="@AfterMethod getResult" time="0.0" classname="Execution_Suite.Categories_Features">
    <skipped/>
  </testcase> <!-- @AfterMethod getResult -->
  <testcase name="@AfterMethod getResult" time="0.0" classname="Execution_Suite.Categories_Features">
    <skipped/>
  </testcase> <!-- @AfterMethod getResult -->
  <testcase name="@AfterMethod getResult" time="0.0" classname="Execution_Suite.Categories_Features">
    <skipped/>
  </testcase> <!-- @AfterMethod getResult -->
  <testcase name="@AfterMethod getResult" time="0.0" classname="Execution_Suite.Categories_Features">
    <skipped/>
  </testcase> <!-- @AfterMethod getResult -->
  <testcase name="@AfterTest teardown" time="0.0" classname="Execution_Suite.Categories_Features">
    <skipped/>
  </testcase> <!-- @AfterTest teardown -->
  <testcase name="login" time="0.0" classname="Execution_Suite.Categories_Features">
    <skipped/>
  </testcase> <!-- login -->
  <testcase name="AddNewCategory" time="0.0" classname="Execution_Suite.Categories_Features">
    <skipped/>
  </testcase> <!-- AddNewCategory -->
  <testcase name="UpdateCategory" time="0.0" classname="Execution_Suite.Categories_Features">
    <skipped/>
  </testcase> <!-- UpdateCategory -->
  <testcase name="DeleteCategory" time="0.0" classname="Execution_Suite.Categories_Features">
    <skipped/>
  </testcase> <!-- DeleteCategory -->
  <testcase name="ReassignCategoryToProduct" time="0.0" classname="Execution_Suite.Categories_Features">
    <skipped/>
  </testcase> <!-- ReassignCategoryToProduct -->
  <testcase name="EITAdminMessageCenter_SummaryDisplay" time="0.0" classname="Execution_Suite.Categories_Features">
    <skipped/>
  </testcase> <!-- EITAdminMessageCenter_SummaryDisplay -->
  <testcase name="BulkEdit_ChangeRadioButtons" time="0.0" classname="Execution_Suite.Categories_Features">
    <skipped/>
  </testcase> <!-- BulkEdit_ChangeRadioButtons -->
  <testcase name="BulkUpdateNetCost" time="0.0" classname="Execution_Suite.Categories_Features">
    <skipped/>
  </testcase> <!-- BulkUpdateNetCost -->
</testsuite> <!-- Categories Feature With Firefox -->
