<?xml version="1.0" encoding="UTF-8"?>
<!-- Generated by org.testng.reporters.JUnitXMLReporter -->
<testsuite hostname="macpk-wks-0076" ignored="0" name="Decorator With Edge" tests="2" failures="0" timestamp="11 Sep 2018 04:54:30 GMT" time="20.773" errors="0">
  <testcase name="@BeforeTest setup" time="20.682" classname="Execution_Suite.Velocity_WithoutLicence_Decorator">
    <failure type="org.openqa.selenium.WebDriverException" message="Timed out waiting for driver server to start.
Build info: version: &amp;apos;3.13.0&amp;apos;, revision: &amp;apos;2f0d292&amp;apos;, time: &amp;apos;2018-06-25T15:32:14.902Z&amp;apos;
System info: host: &amp;apos;MACPK-WKS-0076&amp;apos;, ip: &amp;apos;172.25.174.207&amp;apos;, os.name: &amp;apos;Windows 7&amp;apos;, os.arch: &amp;apos;amd64&amp;apos;, os.version: &amp;apos;6.1&amp;apos;, java.version: &amp;apos;1.8.0_181&amp;apos;
Driver info: driver.version: EdgeDriver">
      <![CDATA[org.openqa.selenium.WebDriverException: Timed out waiting for driver server to start.Build info: version: '3.13.0', revision: '2f0d292', time: '2018-06-25T15:32:14.902Z'System info: host: 'MACPK-WKS-0076', ip: '172.25.174.207', os.name: 'Windows 7', os.arch: 'amd64', os.version: '6.1', java.version: '1.8.0_181'Driver info: driver.version: EdgeDriverat org.openqa.selenium.remote.service.DriverService.waitUntilAvailable(DriverService.java:193)at org.openqa.selenium.remote.service.DriverService.start(DriverService.java:179)at org.openqa.selenium.remote.service.DriverCommandExecutor.execute(DriverCommandExecutor.java:79)at org.openqa.selenium.remote.RemoteWebDriver.execute(RemoteWebDriver.java:548)at org.openqa.selenium.remote.RemoteWebDriver.startSession(RemoteWebDriver.java:212)at org.openqa.selenium.remote.RemoteWebDriver.<init>(RemoteWebDriver.java:130)at org.openqa.selenium.edge.EdgeDriver.<init>(EdgeDriver.java:141)at org.openqa.selenium.edge.EdgeDriver.<init>(EdgeDriver.java:96)at Execution_Suite.Velocity_WithoutLicence_Decorator.setup(Velocity_WithoutLicence_Decorator.java:84)Caused by: org.openqa.selenium.net.UrlChecker$TimeoutException: Timed out waiting for [http://localhost:45872/status] to be available after 20010 msat org.openqa.selenium.net.UrlChecker.waitUntilAvailable(UrlChecker.java:100)at org.openqa.selenium.remote.service.DriverService.waitUntilAvailable(DriverService.java:188)... 32 moreCaused by: java.util.concurrent.TimeoutExceptionat java.util.concurrent.FutureTask.get(Unknown Source)at com.google.common.util.concurrent.SimpleTimeLimiter.callWithTimeout(SimpleTimeLimiter.java:156)at org.openqa.selenium.net.UrlChecker.waitUntilAvailable(UrlChecker.java:75)... 33 more... Removed 24 stack frames]]>
    </failure>
  </testcase> <!-- @BeforeTest setup -->
  <testcase name="@AfterMethod getResult" time="0.0" classname="Execution_Suite.Velocity_WithoutLicence_Decorator">
    <skipped/>
  </testcase> <!-- @AfterMethod getResult -->
  <testcase name="@AfterMethod getResult" time="0.0" classname="Execution_Suite.Velocity_WithoutLicence_Decorator">
    <skipped/>
  </testcase> <!-- @AfterMethod getResult -->
  <testcase name="@AfterTest teardown" time="0.0" classname="Execution_Suite.Velocity_WithoutLicence_Decorator">
    <skipped/>
  </testcase> <!-- @AfterTest teardown -->
  <testcase name="login" time="0.0" classname="Execution_Suite.Velocity_WithoutLicence_Decorator">
    <skipped/>
  </testcase> <!-- login -->
  <testcase name="AddSharedProductDecorator" time="0.0" classname="Execution_Suite.Velocity_WithoutLicence_Decorator">
    <skipped/>
  </testcase> <!-- AddSharedProductDecorator -->
</testsuite> <!-- Decorator With Edge -->
