<?xml version="1.0" encoding="UTF-8"?>
<!-- Generated by org.testng.reporters.JUnitXMLReporter -->
<testsuite hostname="macpk-wks-0076" ignored="0" name="Distributor Without Licence On Firefox" tests="12" failures="1" timestamp="13 Apr 2019 03:14:29 GMT" time="566.179" errors="0">
  <testcase name="login" time="21.654" classname="Execution_Suite.Velocity_Distributor_WithoutLicence"/>
  <testcase name="HelpLicenceAgreement" time="4.401" classname="Execution_Suite.Velocity_Distributor_WithoutLicence"/>
  <testcase name="EspWebsiteLogoCheck" time="30.045" classname="Execution_Suite.Velocity_Distributor_WithoutLicence">
    <failure type="org.openqa.selenium.NoSuchElementException" message="no such element: Unable to locate element: {&amp;quot;method&amp;quot;:&amp;quot;css selector&amp;quot;,&amp;quot;selector&amp;quot;:&amp;quot;#shellTop-view &amp;gt; div.container-fluid &amp;gt; div.espHeader.row-fluid &amp;gt; div.span7.hidden-print &amp;gt; a&amp;quot;}
  (Session info: chrome=73.0.3683.103)
  (Driver info: chromedriver=2.46.628402 (536cd7adbad73a3783fdc2cab92ab2ba7ec361e1),platform=Windows NT 6.1.7601 SP1 x86_64) (WARNING: The server did not provide any stacktrace information)
Command duration or timeout: 0 milliseconds
For documentation on this error, please visit: http://seleniumhq.org/exceptions/no_such_element.html
Build info: version: &amp;apos;3.14.0&amp;apos;, revision: &amp;apos;aacccce0&amp;apos;, time: &amp;apos;2018-08-02T20:19:58.91Z&amp;apos;
System info: host: &amp;apos;MACPK-WKS-0076&amp;apos;, ip: &amp;apos;172.25.177.82&amp;apos;, os.name: &amp;apos;Windows 7&amp;apos;, os.arch: &amp;apos;amd64&amp;apos;, os.version: &amp;apos;6.1&amp;apos;, java.version: &amp;apos;1.8.0_181&amp;apos;
Driver info: org.openqa.selenium.chrome.ChromeDriver
Capabilities {acceptInsecureCerts: false, acceptSslCerts: false, applicationCacheEnabled: false, browserConnectionEnabled: false, browserName: chrome, chrome: {chromedriverVersion: 2.46.628402 (536cd7adbad73a..., userDataDir: C:\Users\BILAL~1.MUB\AppDat...}, cssSelectorsEnabled: true, databaseEnabled: false, goog:chromeOptions: {debuggerAddress: localhost:52414}, handlesAlerts: true, hasTouchScreen: false, javascriptEnabled: true, locationContextEnabled: true, mobileEmulationEnabled: false, nativeEvents: true, networkConnectionEnabled: false, pageLoadStrategy: normal, platform: XP, platformName: XP, proxy: Proxy(), rotatable: false, setWindowRect: true, strictFileInteractability: false, takesHeapSnapshot: true, takesScreenshot: true, timeouts: {implicit: 0, pageLoad: 300000, script: 30000}, unexpectedAlertBehaviour: ignore, unhandledPromptBehavior: ignore, version: 73.0.3683.103, webStorageEnabled: true}
Session ID: 67ad15e1ec8d9e97e8acc63deedb7640
*** Element info: {Using=css selector, value=#shellTop-view &amp;gt; div.container-fluid &amp;gt; div.espHeader.row-fluid &amp;gt; div.span7.hidden-print &amp;gt; a}">
      <![CDATA[org.openqa.selenium.NoSuchElementException: no such element: Unable to locate element: {"method":"css selector","selector":"#shellTop-view > div.container-fluid > div.espHeader.row-fluid > div.span7.hidden-print > a"}  (Session info: chrome=73.0.3683.103)  (Driver info: chromedriver=2.46.628402 (536cd7adbad73a3783fdc2cab92ab2ba7ec361e1),platform=Windows NT 6.1.7601 SP1 x86_64) (WARNING: The server did not provide any stacktrace information)Command duration or timeout: 0 millisecondsFor documentation on this error, please visit: http://seleniumhq.org/exceptions/no_such_element.htmlBuild info: version: '3.14.0', revision: 'aacccce0', time: '2018-08-02T20:19:58.91Z'System info: host: 'MACPK-WKS-0076', ip: '172.25.177.82', os.name: 'Windows 7', os.arch: 'amd64', os.version: '6.1', java.version: '1.8.0_181'Driver info: org.openqa.selenium.chrome.ChromeDriverCapabilities {acceptInsecureCerts: false, acceptSslCerts: false, applicationCacheEnabled: false, browserConnectionEnabled: false, browserName: chrome, chrome: {chromedriverVersion: 2.46.628402 (536cd7adbad73a..., userDataDir: C:\Users\BILAL~1.MUB\AppDat...}, cssSelectorsEnabled: true, databaseEnabled: false, goog:chromeOptions: {debuggerAddress: localhost:52414}, handlesAlerts: true, hasTouchScreen: false, javascriptEnabled: true, locationContextEnabled: true, mobileEmulationEnabled: false, nativeEvents: true, networkConnectionEnabled: false, pageLoadStrategy: normal, platform: XP, platformName: XP, proxy: Proxy(), rotatable: false, setWindowRect: true, strictFileInteractability: false, takesHeapSnapshot: true, takesScreenshot: true, timeouts: {implicit: 0, pageLoad: 300000, script: 30000}, unexpectedAlertBehaviour: ignore, unhandledPromptBehavior: ignore, version: 73.0.3683.103, webStorageEnabled: true}Session ID: 67ad15e1ec8d9e97e8acc63deedb7640*** Element info: {Using=css selector, value=#shellTop-view > div.container-fluid > div.espHeader.row-fluid > div.span7.hidden-print > a}at org.openqa.selenium.remote.ErrorHandler.createThrowable(ErrorHandler.java:214)at org.openqa.selenium.remote.ErrorHandler.throwIfResponseFailed(ErrorHandler.java:166)at org.openqa.selenium.remote.http.JsonHttpResponseCodec.reconstructValue(JsonHttpResponseCodec.java:40)at org.openqa.selenium.remote.http.AbstractHttpResponseCodec.decode(AbstractHttpResponseCodec.java:80)at org.openqa.selenium.remote.http.AbstractHttpResponseCodec.decode(AbstractHttpResponseCodec.java:44)at org.openqa.selenium.remote.HttpCommandExecutor.execute(HttpCommandExecutor.java:158)at org.openqa.selenium.remote.service.DriverCommandExecutor.execute(DriverCommandExecutor.java:83)at org.openqa.selenium.remote.RemoteWebDriver.execute(RemoteWebDriver.java:548)at org.openqa.selenium.remote.RemoteWebDriver.findElement(RemoteWebDriver.java:322)at org.openqa.selenium.remote.RemoteWebDriver.findElementByCssSelector(RemoteWebDriver.java:416)at org.openqa.selenium.By$ByCssSelector.findElement(By.java:431)at org.openqa.selenium.remote.RemoteWebDriver.findElement(RemoteWebDriver.java:314)at Execution_Suite.Velocity_Distributor_WithoutLicence.EspWebsiteLogoCheck(Velocity_Distributor_WithoutLicence.java:252)... Removed 29 stack frames]]>
    </failure>
  </testcase> <!-- EspWebsiteLogoCheck -->
  <testcase name="NoSupplierInfo" time="0.039" classname="Execution_Suite.Velocity_Distributor_WithoutLicence"/>
  <testcase name="NoCatalogandComplainceTab" time="0.03" classname="Execution_Suite.Velocity_Distributor_WithoutLicence"/>
  <testcase name="NoImportExportTab" time="0.032" classname="Execution_Suite.Velocity_Distributor_WithoutLicence"/>
  <testcase name="NoBulkEdit" time="0.034" classname="Execution_Suite.Velocity_Distributor_WithoutLicence"/>
  <testcase name="AddSharedProduct" time="122.975" classname="Execution_Suite.Velocity_Distributor_WithoutLicence"/>
  <testcase name="PrivateProductAdd" time="125.345" classname="Execution_Suite.Velocity_Distributor_WithoutLicence"/>
  <testcase name="CopyProductAndUpdate" time="33.999" classname="Execution_Suite.Velocity_Distributor_WithoutLicence"/>
  <testcase name="CreateCustomProducts" time="185.451" classname="Execution_Suite.Velocity_Distributor_WithoutLicence"/>
  <testcase name="NavigationfromWebsitesToCustomProducts" time="26.444" classname="Execution_Suite.Velocity_Distributor_WithoutLicence"/>
</testsuite> <!-- Distributor Without Licence On Firefox -->
