<?xml version="1.0" encoding="UTF-8"?>
<!-- Generated by org.testng.reporters.JUnitXMLReporter -->
<testsuite hostname="macpk-wks-0008" ignored="0" name="FirefoxTest" tests="12" failures="0" timestamp="24 Oct 2017 12:16:22 GMT" time="8.05" errors="0">
  <testcase name="@BeforeTest setup" time="7.955" classname="Execution_Suite.Velocity_Distributor_WithoutLicence">
    <failure type="org.openqa.selenium.WebDriverException" message="Failed to decode response from marionette
Build info: version: &amp;apos;3.6.0&amp;apos;, revision: &amp;apos;6fbf3ec767&amp;apos;, time: &amp;apos;2017-09-27T16:15:26.402Z&amp;apos;
System info: host: &amp;apos;MACPK-WKS-0008&amp;apos;, ip: &amp;apos;172.25.174.196&amp;apos;, os.name: &amp;apos;Windows 7&amp;apos;, os.arch: &amp;apos;amd64&amp;apos;, os.version: &amp;apos;6.1&amp;apos;, java.version: &amp;apos;1.8.0_131&amp;apos;
Driver info: driver.version: FirefoxDriver
remote stacktrace: stack backtrace:
   0:           0x4bb74f - &amp;lt;no info&amp;gt;
   1:           0x4bbea9 - &amp;lt;no info&amp;gt;
   2:           0x448c00 - &amp;lt;no info&amp;gt;
   3:           0x4203e1 - &amp;lt;no info&amp;gt;
   4:           0x407dc7 - &amp;lt;no info&amp;gt;
   5:           0x6d95b9 - &amp;lt;no info&amp;gt;
   6:           0x4173a7 - &amp;lt;no info&amp;gt;
   7:           0x6d38b3 - &amp;lt;no info&amp;gt;
   8:         0x76ee59ed - BaseThreadInitThunk">
      <![CDATA[org.openqa.selenium.WebDriverException: Failed to decode response from marionette
Build info: version: '3.6.0', revision: '6fbf3ec767', time: '2017-09-27T16:15:26.402Z'
System info: host: 'MACPK-WKS-0008', ip: '172.25.174.196', os.name: 'Windows 7', os.arch: 'amd64', os.version: '6.1', java.version: '1.8.0_131'
Driver info: driver.version: FirefoxDriver
remote stacktrace: stack backtrace:
   0:           0x4bb74f - <no info>
   1:           0x4bbea9 - <no info>
   2:           0x448c00 - <no info>
   3:           0x4203e1 - <no info>
   4:           0x407dc7 - <no info>
   5:           0x6d95b9 - <no info>
   6:           0x4173a7 - <no info>
   7:           0x6d38b3 - <no info>
   8:         0x76ee59ed - BaseThreadInitThunk
	at org.openqa.selenium.remote.W3CHandshakeResponse.lambda$new$0(W3CHandshakeResponse.java:57)
	at org.openqa.selenium.remote.W3CHandshakeResponse.lambda$getResponseFunction$2(W3CHandshakeResponse.java:104)
	at org.openqa.selenium.remote.ProtocolHandshake.lambda$createSession$24(ProtocolHandshake.java:359)
	at java.util.stream.ReferencePipeline$3$1.accept(Unknown Source)
	at java.util.Spliterators$ArraySpliterator.tryAdvance(Unknown Source)
	at java.util.stream.ReferencePipeline.forEachWithCancel(Unknown Source)
	at java.util.stream.AbstractPipeline.copyIntoWithCancel(Unknown Source)
	at java.util.stream.AbstractPipeline.copyInto(Unknown Source)
	at java.util.stream.AbstractPipeline.wrapAndCopyInto(Unknown Source)
	at java.util.stream.FindOps$FindOp.evaluateSequential(Unknown Source)
	at java.util.stream.AbstractPipeline.evaluate(Unknown Source)
	at java.util.stream.ReferencePipeline.findFirst(Unknown Source)
	at org.openqa.selenium.remote.ProtocolHandshake.createSession(ProtocolHandshake.java:362)
	at org.openqa.selenium.remote.ProtocolHandshake.createSession(ProtocolHandshake.java:136)
	at org.openqa.selenium.remote.HttpCommandExecutor.execute(HttpCommandExecutor.java:142)
	at org.openqa.selenium.remote.service.DriverCommandExecutor.execute(DriverCommandExecutor.java:83)
	at org.openqa.selenium.remote.RemoteWebDriver.execute(RemoteWebDriver.java:586)
	at org.openqa.selenium.remote.RemoteWebDriver.startSession(RemoteWebDriver.java:217)
	at org.openqa.selenium.remote.RemoteWebDriver.<init>(RemoteWebDriver.java:140)
	at org.openqa.selenium.firefox.FirefoxDriver.<init>(FirefoxDriver.java:120)
	at org.openqa.selenium.firefox.FirefoxDriver.<init>(FirefoxDriver.java:98)
	at Execution_Suite.Velocity_Distributor_WithoutLicence.setup(Velocity_Distributor_WithoutLicence.java:52)
... Removed 27 stack frames]]>
    </failure>
  </testcase> <!-- @BeforeTest setup -->
  <testcase name="@AfterTest teardown" time="0.0" classname="Execution_Suite.Velocity_Distributor_WithoutLicence">
    <skipped/>
  </testcase> <!-- @AfterTest teardown -->
  <testcase name="login" time="0.0" classname="Execution_Suite.Velocity_Distributor_WithoutLicence">
    <skipped/>
  </testcase> <!-- login -->
  <testcase name="HelpLicenceAgreement" time="0.001" classname="Execution_Suite.Velocity_Distributor_WithoutLicence">
    <skipped/>
  </testcase> <!-- HelpLicenceAgreement -->
  <testcase name="EspWebsiteLogoCheck" time="0.0" classname="Execution_Suite.Velocity_Distributor_WithoutLicence">
    <skipped/>
  </testcase> <!-- EspWebsiteLogoCheck -->
  <testcase name="NoSupplierInfo" time="0.0" classname="Execution_Suite.Velocity_Distributor_WithoutLicence">
    <skipped/>
  </testcase> <!-- NoSupplierInfo -->
  <testcase name="NoCatalogandComplainceTab" time="0.0" classname="Execution_Suite.Velocity_Distributor_WithoutLicence">
    <skipped/>
  </testcase> <!-- NoCatalogandComplainceTab -->
  <testcase name="NoImportExportTab" time="0.001" classname="Execution_Suite.Velocity_Distributor_WithoutLicence">
    <skipped/>
  </testcase> <!-- NoImportExportTab -->
  <testcase name="NoBulkEdit" time="0.0" classname="Execution_Suite.Velocity_Distributor_WithoutLicence">
    <skipped/>
  </testcase> <!-- NoBulkEdit -->
  <testcase name="AddSharedProduct" time="0.0" classname="Execution_Suite.Velocity_Distributor_WithoutLicence">
    <skipped/>
  </testcase> <!-- AddSharedProduct -->
  <testcase name="PrivateProductAdd" time="0.0" classname="Execution_Suite.Velocity_Distributor_WithoutLicence">
    <skipped/>
  </testcase> <!-- PrivateProductAdd -->
  <testcase name="CopyProductAndUpdate" time="0.0" classname="Execution_Suite.Velocity_Distributor_WithoutLicence">
    <skipped/>
  </testcase> <!-- CopyProductAndUpdate -->
  <testcase name="CreateCustomProducts" time="0.0" classname="Execution_Suite.Velocity_Distributor_WithoutLicence">
    <skipped/>
  </testcase> <!-- CreateCustomProducts -->
  <testcase name="NavigationfromWebsitesToCustomProducts" time="0.0" classname="Execution_Suite.Velocity_Distributor_WithoutLicence">
    <skipped/>
  </testcase> <!-- NavigationfromWebsitesToCustomProducts -->
</testsuite> <!-- FirefoxTest -->
