<?xml version="1.0" encoding="UTF-8"?>
<!-- Generated by org.testng.reporters.JUnitXMLReporter -->
<testsuite hostname="macpk-wks-0076" ignored="0" name="Restricted Words and Validations With Opera" tests="30" failures="9" timestamp="10 Sep 2018 16:01:16 GMT" time="707.992" errors="0">
  <testcase name="login" time="24.078" classname="Execution_Suite.RestrictedWords_and_Validations_Features"/>
  <testcase name="SupplierSearch" time="0.848" classname="Execution_Suite.RestrictedWords_and_Validations_Features"/>
  <testcase name="API_RepLink_Spotlight_Mapped_TLC_OnSupplierSearch" time="0.101" classname="Execution_Suite.RestrictedWords_and_Validations_Features"/>
  <testcase name="AddEITSupplierNote" time="5.499" classname="Execution_Suite.RestrictedWords_and_Validations_Features"/>
  <testcase name="UpdateEITNote" time="5.548" classname="Execution_Suite.RestrictedWords_and_Validations_Features"/>
  <testcase name="EITNote_ManageProducts_Verification" time="69.878" classname="Execution_Suite.RestrictedWords_and_Validations_Features"/>
  <testcase name="DeleteEITNote" time="5.422" classname="Execution_Suite.RestrictedWords_and_Validations_Features"/>
  <testcase name="SKUField_BasicDetails_Displayed" time="31.709" classname="Execution_Suite.RestrictedWords_and_Validations_Features"/>
  <testcase name="ColorAttributes_AutoRename" time="27.817" classname="Execution_Suite.RestrictedWords_and_Validations_Features"/>
  <testcase name="AddNewColors" time="35.211" classname="Execution_Suite.RestrictedWords_and_Validations_Features"/>
  <testcase name="NewProductsAddedByEIT_Unconfirmed" time="11.301" classname="Execution_Suite.RestrictedWords_and_Validations_Features"/>
  <testcase name="Availability_CheckUncheckAll_Verification" time="78.431" classname="Execution_Suite.RestrictedWords_and_Validations_Features"/>
  <testcase name="Product_InLegalReview" time="26.862" classname="Execution_Suite.RestrictedWords_and_Validations_Features"/>
  <testcase name="SupplierInReview_LegalReviewProduct_Download" time="17.447" classname="Execution_Suite.RestrictedWords_and_Validations_Features"/>
  <testcase name="Product_WithRestrictedWords" time="112.196" classname="Execution_Suite.RestrictedWords_and_Validations_Features"/>
  <testcase name="SupplierInReview_RestrictedWordsReviewProduct_Download" time="16.931" classname="Execution_Suite.RestrictedWords_and_Validations_Features"/>
  <testcase name="EITAdmin_Restrictedwords_Sanity" time="38.134" classname="Execution_Suite.RestrictedWords_and_Validations_Features"/>
  <testcase name="EITAdmin_SupplierLevel_Validations" time="67.899" classname="Execution_Suite.RestrictedWords_and_Validations_Features"/>
  <testcase name="ScoreCard_EmailFrequency" time="21.918" classname="Execution_Suite.RestrictedWords_and_Validations_Features"/>
  <testcase name="EITAdmin_EmailFrequency_WithScorecardEmailFrequencyChanges" time="43.315" classname="Execution_Suite.RestrictedWords_and_Validations_Features"/>
  <testcase name="ScorecardChanges" time="5.181" classname="Execution_Suite.RestrictedWords_and_Validations_Features"/>
  <testcase name="SentEmail_ToSuppliers" time="32.932" classname="Execution_Suite.RestrictedWords_and_Validations_Features">
    <failure type="org.openqa.selenium.NoAlertPresentException" message="no alert open
  (Session info: chrome with embedded Chromium 68.0.3440.106)
  (Driver info: OperaDriver=2.37 (e258a0b2caf82204936ecc5f7cfc98d44f76feb9),platform=Windows NT 6.1.7601 SP1 x86_64) (WARNING: The server did not provide any stacktrace information)
Command duration or timeout: 0 milliseconds
Build info: version: &amp;apos;3.13.0&amp;apos;, revision: &amp;apos;2f0d292&amp;apos;, time: &amp;apos;2018-06-25T15:32:14.902Z&amp;apos;
System info: host: &amp;apos;MACPK-WKS-0076&amp;apos;, ip: &amp;apos;172.25.174.222&amp;apos;, os.name: &amp;apos;Windows 7&amp;apos;, os.arch: &amp;apos;amd64&amp;apos;, os.version: &amp;apos;6.1&amp;apos;, java.version: &amp;apos;1.8.0_181&amp;apos;
Driver info: org.openqa.selenium.opera.OperaDriver
Capabilities {acceptInsecureCerts: false, acceptSslCerts: false, applicationCacheEnabled: false, browserConnectionEnabled: false, browserName: chrome, chrome: {chromedriverVersion: 2.37 (e258a0b2caf82204936ec..., userDataDir: C:\Users\BILAL~1.MUB\AppDat...}, cssSelectorsEnabled: true, databaseEnabled: false, handlesAlerts: true, hasTouchScreen: false, javascriptEnabled: true, locationContextEnabled: true, mobileEmulationEnabled: false, nativeEvents: true, networkConnectionEnabled: false, pageLoadStrategy: normal, platform: XP, platformName: XP, rotatable: false, setWindowRect: true, takesHeapSnapshot: true, takesScreenshot: true, unexpectedAlertBehaviour: , unhandledPromptBehavior: , version: 68.0.3440.106, webStorageEnabled: true}
Session ID: 9f5e16d4efc6389b85f4585104b514b8">
      <![CDATA[org.openqa.selenium.NoAlertPresentException: no alert open  (Session info: chrome with embedded Chromium 68.0.3440.106)  (Driver info: OperaDriver=2.37 (e258a0b2caf82204936ecc5f7cfc98d44f76feb9),platform=Windows NT 6.1.7601 SP1 x86_64) (WARNING: The server did not provide any stacktrace information)Command duration or timeout: 0 millisecondsBuild info: version: '3.13.0', revision: '2f0d292', time: '2018-06-25T15:32:14.902Z'System info: host: 'MACPK-WKS-0076', ip: '172.25.174.222', os.name: 'Windows 7', os.arch: 'amd64', os.version: '6.1', java.version: '1.8.0_181'Driver info: org.openqa.selenium.opera.OperaDriverCapabilities {acceptInsecureCerts: false, acceptSslCerts: false, applicationCacheEnabled: false, browserConnectionEnabled: false, browserName: chrome, chrome: {chromedriverVersion: 2.37 (e258a0b2caf82204936ec..., userDataDir: C:\Users\BILAL~1.MUB\AppDat...}, cssSelectorsEnabled: true, databaseEnabled: false, handlesAlerts: true, hasTouchScreen: false, javascriptEnabled: true, locationContextEnabled: true, mobileEmulationEnabled: false, nativeEvents: true, networkConnectionEnabled: false, pageLoadStrategy: normal, platform: XP, platformName: XP, rotatable: false, setWindowRect: true, takesHeapSnapshot: true, takesScreenshot: true, unexpectedAlertBehaviour: , unhandledPromptBehavior: , version: 68.0.3440.106, webStorageEnabled: true}Session ID: 9f5e16d4efc6389b85f4585104b514b8at org.openqa.selenium.remote.ErrorHandler.createThrowable(ErrorHandler.java:214)at org.openqa.selenium.remote.ErrorHandler.throwIfResponseFailed(ErrorHandler.java:166)at org.openqa.selenium.remote.http.JsonHttpResponseCodec.reconstructValue(JsonHttpResponseCodec.java:40)at org.openqa.selenium.remote.http.AbstractHttpResponseCodec.decode(AbstractHttpResponseCodec.java:80)at org.openqa.selenium.remote.http.AbstractHttpResponseCodec.decode(AbstractHttpResponseCodec.java:44)at org.openqa.selenium.remote.HttpCommandExecutor.execute(HttpCommandExecutor.java:158)at org.openqa.selenium.remote.service.DriverCommandExecutor.execute(DriverCommandExecutor.java:83)at org.openqa.selenium.remote.RemoteWebDriver.execute(RemoteWebDriver.java:548)at org.openqa.selenium.remote.RemoteWebDriver.execute(RemoteWebDriver.java:605)at org.openqa.selenium.remote.RemoteWebDriver$RemoteTargetLocator.alert(RemoteWebDriver.java:928)at Execution_Suite.RestrictedWords_and_Validations_Features.SentEmail_ToSuppliers(RestrictedWords_and_Validations_Features.java:2764)... Removed 29 stack frames]]>
    </failure>
  </testcase> <!-- SentEmail_ToSuppliers -->
  <testcase name="NewProductFilter_Validation" time="0.031" classname="Execution_Suite.RestrictedWords_and_Validations_Features">
    <failure type="org.openqa.selenium.UnhandledAlertException" message="unexpected alert open: {Alert text : Email was sent to MMubarik}
  (Session info: chrome with embedded Chromium 68.0.3440.106)
  (Driver info: OperaDriver=2.37 (e258a0b2caf82204936ecc5f7cfc98d44f76feb9),platform=Windows NT 6.1.7601 SP1 x86_64) (WARNING: The server did not provide any stacktrace information)
Command duration or timeout: 0 milliseconds: null
Build info: version: &amp;apos;3.13.0&amp;apos;, revision: &amp;apos;2f0d292&amp;apos;, time: &amp;apos;2018-06-25T15:32:14.902Z&amp;apos;
System info: host: &amp;apos;MACPK-WKS-0076&amp;apos;, ip: &amp;apos;172.25.174.222&amp;apos;, os.name: &amp;apos;Windows 7&amp;apos;, os.arch: &amp;apos;amd64&amp;apos;, os.version: &amp;apos;6.1&amp;apos;, java.version: &amp;apos;1.8.0_181&amp;apos;
Driver info: org.openqa.selenium.opera.OperaDriver
Capabilities {acceptInsecureCerts: false, acceptSslCerts: false, applicationCacheEnabled: false, browserConnectionEnabled: false, browserName: chrome, chrome: {chromedriverVersion: 2.37 (e258a0b2caf82204936ec..., userDataDir: C:\Users\BILAL~1.MUB\AppDat...}, cssSelectorsEnabled: true, databaseEnabled: false, handlesAlerts: true, hasTouchScreen: false, javascriptEnabled: true, locationContextEnabled: true, mobileEmulationEnabled: false, nativeEvents: true, networkConnectionEnabled: false, pageLoadStrategy: normal, platform: XP, platformName: XP, rotatable: false, setWindowRect: true, takesHeapSnapshot: true, takesScreenshot: true, unexpectedAlertBehaviour: , unhandledPromptBehavior: , version: 68.0.3440.106, webStorageEnabled: true}
Session ID: 9f5e16d4efc6389b85f4585104b514b8
*** Element info: {Using=css selector, value=#shellTop-view &amp;gt; div &amp;gt; div &amp;gt; ul &amp;gt; li:nth-child(1) &amp;gt; a}">
      <![CDATA[org.openqa.selenium.UnhandledAlertException: unexpected alert open: {Alert text : Email was sent to MMubarik}  (Session info: chrome with embedded Chromium 68.0.3440.106)  (Driver info: OperaDriver=2.37 (e258a0b2caf82204936ecc5f7cfc98d44f76feb9),platform=Windows NT 6.1.7601 SP1 x86_64) (WARNING: The server did not provide any stacktrace information)Command duration or timeout: 0 milliseconds: nullBuild info: version: '3.13.0', revision: '2f0d292', time: '2018-06-25T15:32:14.902Z'System info: host: 'MACPK-WKS-0076', ip: '172.25.174.222', os.name: 'Windows 7', os.arch: 'amd64', os.version: '6.1', java.version: '1.8.0_181'Driver info: org.openqa.selenium.opera.OperaDriverCapabilities {acceptInsecureCerts: false, acceptSslCerts: false, applicationCacheEnabled: false, browserConnectionEnabled: false, browserName: chrome, chrome: {chromedriverVersion: 2.37 (e258a0b2caf82204936ec..., userDataDir: C:\Users\BILAL~1.MUB\AppDat...}, cssSelectorsEnabled: true, databaseEnabled: false, handlesAlerts: true, hasTouchScreen: false, javascriptEnabled: true, locationContextEnabled: true, mobileEmulationEnabled: false, nativeEvents: true, networkConnectionEnabled: false, pageLoadStrategy: normal, platform: XP, platformName: XP, rotatable: false, setWindowRect: true, takesHeapSnapshot: true, takesScreenshot: true, unexpectedAlertBehaviour: , unhandledPromptBehavior: , version: 68.0.3440.106, webStorageEnabled: true}Session ID: 9f5e16d4efc6389b85f4585104b514b8*** Element info: {Using=css selector, value=#shellTop-view > div > div > ul > li:nth-child(1) > a}at org.openqa.selenium.remote.ErrorHandler.createThrowable(ErrorHandler.java:214)at org.openqa.selenium.remote.ErrorHandler.throwIfResponseFailed(ErrorHandler.java:172)at org.openqa.selenium.remote.http.JsonHttpResponseCodec.reconstructValue(JsonHttpResponseCodec.java:40)at org.openqa.selenium.remote.http.AbstractHttpResponseCodec.decode(AbstractHttpResponseCodec.java:80)at org.openqa.selenium.remote.http.AbstractHttpResponseCodec.decode(AbstractHttpResponseCodec.java:44)at org.openqa.selenium.remote.HttpCommandExecutor.execute(HttpCommandExecutor.java:158)at org.openqa.selenium.remote.service.DriverCommandExecutor.execute(DriverCommandExecutor.java:83)at org.openqa.selenium.remote.RemoteWebDriver.execute(RemoteWebDriver.java:548)at org.openqa.selenium.remote.RemoteWebDriver.findElement(RemoteWebDriver.java:322)at org.openqa.selenium.remote.RemoteWebDriver.findElementByCssSelector(RemoteWebDriver.java:416)at org.openqa.selenium.By$ByCssSelector.findElement(By.java:431)at org.openqa.selenium.remote.RemoteWebDriver.findElement(RemoteWebDriver.java:314)at Execution_Suite.RestrictedWords_and_Validations_Features.NewProductFilter_Validation(RestrictedWords_and_Validations_Features.java:2805)... Removed 29 stack frames]]>
    </failure>
  </testcase> <!-- NewProductFilter_Validation -->
  <testcase name="CategorySaving_WithEITCategory_WithProductCategory" time="0.013" classname="Execution_Suite.RestrictedWords_and_Validations_Features">
    <failure type="org.openqa.selenium.UnhandledAlertException" message="unexpected alert open: {Alert text : Email was sent to MMubarik}
  (Session info: chrome with embedded Chromium 68.0.3440.106)
  (Driver info: OperaDriver=2.37 (e258a0b2caf82204936ecc5f7cfc98d44f76feb9),platform=Windows NT 6.1.7601 SP1 x86_64) (WARNING: The server did not provide any stacktrace information)
Command duration or timeout: 0 milliseconds: null
Build info: version: &amp;apos;3.13.0&amp;apos;, revision: &amp;apos;2f0d292&amp;apos;, time: &amp;apos;2018-06-25T15:32:14.902Z&amp;apos;
System info: host: &amp;apos;MACPK-WKS-0076&amp;apos;, ip: &amp;apos;172.25.174.222&amp;apos;, os.name: &amp;apos;Windows 7&amp;apos;, os.arch: &amp;apos;amd64&amp;apos;, os.version: &amp;apos;6.1&amp;apos;, java.version: &amp;apos;1.8.0_181&amp;apos;
Driver info: org.openqa.selenium.opera.OperaDriver
Capabilities {acceptInsecureCerts: false, acceptSslCerts: false, applicationCacheEnabled: false, browserConnectionEnabled: false, browserName: chrome, chrome: {chromedriverVersion: 2.37 (e258a0b2caf82204936ec..., userDataDir: C:\Users\BILAL~1.MUB\AppDat...}, cssSelectorsEnabled: true, databaseEnabled: false, handlesAlerts: true, hasTouchScreen: false, javascriptEnabled: true, locationContextEnabled: true, mobileEmulationEnabled: false, nativeEvents: true, networkConnectionEnabled: false, pageLoadStrategy: normal, platform: XP, platformName: XP, rotatable: false, setWindowRect: true, takesHeapSnapshot: true, takesScreenshot: true, unexpectedAlertBehaviour: , unhandledPromptBehavior: , version: 68.0.3440.106, webStorageEnabled: true}
Session ID: 9f5e16d4efc6389b85f4585104b514b8
*** Element info: {Using=css selector, value=#importExportButtonGroup &amp;gt; button:nth-child(14)}">
      <![CDATA[org.openqa.selenium.UnhandledAlertException: unexpected alert open: {Alert text : Email was sent to MMubarik}  (Session info: chrome with embedded Chromium 68.0.3440.106)  (Driver info: OperaDriver=2.37 (e258a0b2caf82204936ecc5f7cfc98d44f76feb9),platform=Windows NT 6.1.7601 SP1 x86_64) (WARNING: The server did not provide any stacktrace information)Command duration or timeout: 0 milliseconds: nullBuild info: version: '3.13.0', revision: '2f0d292', time: '2018-06-25T15:32:14.902Z'System info: host: 'MACPK-WKS-0076', ip: '172.25.174.222', os.name: 'Windows 7', os.arch: 'amd64', os.version: '6.1', java.version: '1.8.0_181'Driver info: org.openqa.selenium.opera.OperaDriverCapabilities {acceptInsecureCerts: false, acceptSslCerts: false, applicationCacheEnabled: false, browserConnectionEnabled: false, browserName: chrome, chrome: {chromedriverVersion: 2.37 (e258a0b2caf82204936ec..., userDataDir: C:\Users\BILAL~1.MUB\AppDat...}, cssSelectorsEnabled: true, databaseEnabled: false, handlesAlerts: true, hasTouchScreen: false, javascriptEnabled: true, locationContextEnabled: true, mobileEmulationEnabled: false, nativeEvents: true, networkConnectionEnabled: false, pageLoadStrategy: normal, platform: XP, platformName: XP, rotatable: false, setWindowRect: true, takesHeapSnapshot: true, takesScreenshot: true, unexpectedAlertBehaviour: , unhandledPromptBehavior: , version: 68.0.3440.106, webStorageEnabled: true}Session ID: 9f5e16d4efc6389b85f4585104b514b8*** Element info: {Using=css selector, value=#importExportButtonGroup > button:nth-child(14)}at org.openqa.selenium.remote.ErrorHandler.createThrowable(ErrorHandler.java:214)at org.openqa.selenium.remote.ErrorHandler.throwIfResponseFailed(ErrorHandler.java:172)at org.openqa.selenium.remote.http.JsonHttpResponseCodec.reconstructValue(JsonHttpResponseCodec.java:40)at org.openqa.selenium.remote.http.AbstractHttpResponseCodec.decode(AbstractHttpResponseCodec.java:80)at org.openqa.selenium.remote.http.AbstractHttpResponseCodec.decode(AbstractHttpResponseCodec.java:44)at org.openqa.selenium.remote.HttpCommandExecutor.execute(HttpCommandExecutor.java:158)at org.openqa.selenium.remote.service.DriverCommandExecutor.execute(DriverCommandExecutor.java:83)at org.openqa.selenium.remote.RemoteWebDriver.execute(RemoteWebDriver.java:548)at org.openqa.selenium.remote.RemoteWebDriver.findElement(RemoteWebDriver.java:322)at org.openqa.selenium.remote.RemoteWebDriver.findElementByCssSelector(RemoteWebDriver.java:416)at org.openqa.selenium.By$ByCssSelector.findElement(By.java:431)at org.openqa.selenium.remote.RemoteWebDriver.findElement(RemoteWebDriver.java:314)at Execution_Suite.RestrictedWords_and_Validations_Features.CategorySaving_WithEITCategory_WithProductCategory(RestrictedWords_and_Validations_Features.java:3038)... Removed 29 stack frames]]>
    </failure>
  </testcase> <!-- CategorySaving_WithEITCategory_WithProductCategory -->
  <testcase name="AfterCopyProduct_FieldsDefaultBehaviourValidation" time="0.005" classname="Execution_Suite.RestrictedWords_and_Validations_Features">
    <failure type="org.openqa.selenium.UnhandledAlertException" message="unexpected alert open: {Alert text : Email was sent to MMubarik}
  (Session info: chrome with embedded Chromium 68.0.3440.106)
  (Driver info: OperaDriver=2.37 (e258a0b2caf82204936ecc5f7cfc98d44f76feb9),platform=Windows NT 6.1.7601 SP1 x86_64) (WARNING: The server did not provide any stacktrace information)
Command duration or timeout: 0 milliseconds: null
Build info: version: &amp;apos;3.13.0&amp;apos;, revision: &amp;apos;2f0d292&amp;apos;, time: &amp;apos;2018-06-25T15:32:14.902Z&amp;apos;
System info: host: &amp;apos;MACPK-WKS-0076&amp;apos;, ip: &amp;apos;172.25.174.222&amp;apos;, os.name: &amp;apos;Windows 7&amp;apos;, os.arch: &amp;apos;amd64&amp;apos;, os.version: &amp;apos;6.1&amp;apos;, java.version: &amp;apos;1.8.0_181&amp;apos;
Driver info: org.openqa.selenium.opera.OperaDriver
Capabilities {acceptInsecureCerts: false, acceptSslCerts: false, applicationCacheEnabled: false, browserConnectionEnabled: false, browserName: chrome, chrome: {chromedriverVersion: 2.37 (e258a0b2caf82204936ec..., userDataDir: C:\Users\BILAL~1.MUB\AppDat...}, cssSelectorsEnabled: true, databaseEnabled: false, handlesAlerts: true, hasTouchScreen: false, javascriptEnabled: true, locationContextEnabled: true, mobileEmulationEnabled: false, nativeEvents: true, networkConnectionEnabled: false, pageLoadStrategy: normal, platform: XP, platformName: XP, rotatable: false, setWindowRect: true, takesHeapSnapshot: true, takesScreenshot: true, unexpectedAlertBehaviour: , unhandledPromptBehavior: , version: 68.0.3440.106, webStorageEnabled: true}
Session ID: 9f5e16d4efc6389b85f4585104b514b8
*** Element info: {Using=xpath, value=//button[contains(@data-bind,&amp;apos;showCopyProductModal&amp;apos;)]}">
      <![CDATA[org.openqa.selenium.UnhandledAlertException: unexpected alert open: {Alert text : Email was sent to MMubarik}  (Session info: chrome with embedded Chromium 68.0.3440.106)  (Driver info: OperaDriver=2.37 (e258a0b2caf82204936ecc5f7cfc98d44f76feb9),platform=Windows NT 6.1.7601 SP1 x86_64) (WARNING: The server did not provide any stacktrace information)Command duration or timeout: 0 milliseconds: nullBuild info: version: '3.13.0', revision: '2f0d292', time: '2018-06-25T15:32:14.902Z'System info: host: 'MACPK-WKS-0076', ip: '172.25.174.222', os.name: 'Windows 7', os.arch: 'amd64', os.version: '6.1', java.version: '1.8.0_181'Driver info: org.openqa.selenium.opera.OperaDriverCapabilities {acceptInsecureCerts: false, acceptSslCerts: false, applicationCacheEnabled: false, browserConnectionEnabled: false, browserName: chrome, chrome: {chromedriverVersion: 2.37 (e258a0b2caf82204936ec..., userDataDir: C:\Users\BILAL~1.MUB\AppDat...}, cssSelectorsEnabled: true, databaseEnabled: false, handlesAlerts: true, hasTouchScreen: false, javascriptEnabled: true, locationContextEnabled: true, mobileEmulationEnabled: false, nativeEvents: true, networkConnectionEnabled: false, pageLoadStrategy: normal, platform: XP, platformName: XP, rotatable: false, setWindowRect: true, takesHeapSnapshot: true, takesScreenshot: true, unexpectedAlertBehaviour: , unhandledPromptBehavior: , version: 68.0.3440.106, webStorageEnabled: true}Session ID: 9f5e16d4efc6389b85f4585104b514b8*** Element info: {Using=xpath, value=//button[contains(@data-bind,'showCopyProductModal')]}at org.openqa.selenium.remote.ErrorHandler.createThrowable(ErrorHandler.java:214)at org.openqa.selenium.remote.ErrorHandler.throwIfResponseFailed(ErrorHandler.java:172)at org.openqa.selenium.remote.http.JsonHttpResponseCodec.reconstructValue(JsonHttpResponseCodec.java:40)at org.openqa.selenium.remote.http.AbstractHttpResponseCodec.decode(AbstractHttpResponseCodec.java:80)at org.openqa.selenium.remote.http.AbstractHttpResponseCodec.decode(AbstractHttpResponseCodec.java:44)at org.openqa.selenium.remote.HttpCommandExecutor.execute(HttpCommandExecutor.java:158)at org.openqa.selenium.remote.service.DriverCommandExecutor.execute(DriverCommandExecutor.java:83)at org.openqa.selenium.remote.RemoteWebDriver.execute(RemoteWebDriver.java:548)at org.openqa.selenium.remote.RemoteWebDriver.findElement(RemoteWebDriver.java:322)at org.openqa.selenium.remote.RemoteWebDriver.findElementByXPath(RemoteWebDriver.java:424)at org.openqa.selenium.By$ByXPath.findElement(By.java:353)at org.openqa.selenium.remote.RemoteWebDriver.findElement(RemoteWebDriver.java:314)at Execution_Suite.RestrictedWords_and_Validations_Features.AfterCopyProduct_FieldsDefaultBehaviourValidation(RestrictedWords_and_Validations_Features.java:3553)... Removed 29 stack frames]]>
    </failure>
  </testcase> <!-- AfterCopyProduct_FieldsDefaultBehaviourValidation -->
  <testcase name="SEOFlag_BulkRemove" time="2.011" classname="Execution_Suite.RestrictedWords_and_Validations_Features">
    <failure type="org.openqa.selenium.UnhandledAlertException" message="unexpected alert open: {Alert text : Email was sent to MMubarik}
  (Session info: chrome with embedded Chromium 68.0.3440.106)
  (Driver info: OperaDriver=2.37 (e258a0b2caf82204936ecc5f7cfc98d44f76feb9),platform=Windows NT 6.1.7601 SP1 x86_64) (WARNING: The server did not provide any stacktrace information)
Command duration or timeout: 0 milliseconds: null
Build info: version: &amp;apos;3.13.0&amp;apos;, revision: &amp;apos;2f0d292&amp;apos;, time: &amp;apos;2018-06-25T15:32:14.902Z&amp;apos;
System info: host: &amp;apos;MACPK-WKS-0076&amp;apos;, ip: &amp;apos;172.25.174.222&amp;apos;, os.name: &amp;apos;Windows 7&amp;apos;, os.arch: &amp;apos;amd64&amp;apos;, os.version: &amp;apos;6.1&amp;apos;, java.version: &amp;apos;1.8.0_181&amp;apos;
Driver info: org.openqa.selenium.opera.OperaDriver
Capabilities {acceptInsecureCerts: false, acceptSslCerts: false, applicationCacheEnabled: false, browserConnectionEnabled: false, browserName: chrome, chrome: {chromedriverVersion: 2.37 (e258a0b2caf82204936ec..., userDataDir: C:\Users\BILAL~1.MUB\AppDat...}, cssSelectorsEnabled: true, databaseEnabled: false, handlesAlerts: true, hasTouchScreen: false, javascriptEnabled: true, locationContextEnabled: true, mobileEmulationEnabled: false, nativeEvents: true, networkConnectionEnabled: false, pageLoadStrategy: normal, platform: XP, platformName: XP, rotatable: false, setWindowRect: true, takesHeapSnapshot: true, takesScreenshot: true, unexpectedAlertBehaviour: , unhandledPromptBehavior: , version: 68.0.3440.106, webStorageEnabled: true}
Session ID: 9f5e16d4efc6389b85f4585104b514b8
*** Element info: {Using=xpath, value=//div[contains(@id,&amp;apos;info_pibusyindicator&amp;apos;)]}">
      <![CDATA[org.openqa.selenium.UnhandledAlertException: unexpected alert open: {Alert text : Email was sent to MMubarik}  (Session info: chrome with embedded Chromium 68.0.3440.106)  (Driver info: OperaDriver=2.37 (e258a0b2caf82204936ecc5f7cfc98d44f76feb9),platform=Windows NT 6.1.7601 SP1 x86_64) (WARNING: The server did not provide any stacktrace information)Command duration or timeout: 0 milliseconds: nullBuild info: version: '3.13.0', revision: '2f0d292', time: '2018-06-25T15:32:14.902Z'System info: host: 'MACPK-WKS-0076', ip: '172.25.174.222', os.name: 'Windows 7', os.arch: 'amd64', os.version: '6.1', java.version: '1.8.0_181'Driver info: org.openqa.selenium.opera.OperaDriverCapabilities {acceptInsecureCerts: false, acceptSslCerts: false, applicationCacheEnabled: false, browserConnectionEnabled: false, browserName: chrome, chrome: {chromedriverVersion: 2.37 (e258a0b2caf82204936ec..., userDataDir: C:\Users\BILAL~1.MUB\AppDat...}, cssSelectorsEnabled: true, databaseEnabled: false, handlesAlerts: true, hasTouchScreen: false, javascriptEnabled: true, locationContextEnabled: true, mobileEmulationEnabled: false, nativeEvents: true, networkConnectionEnabled: false, pageLoadStrategy: normal, platform: XP, platformName: XP, rotatable: false, setWindowRect: true, takesHeapSnapshot: true, takesScreenshot: true, unexpectedAlertBehaviour: , unhandledPromptBehavior: , version: 68.0.3440.106, webStorageEnabled: true}Session ID: 9f5e16d4efc6389b85f4585104b514b8*** Element info: {Using=xpath, value=//div[contains(@id,'info_pibusyindicator')]}at org.openqa.selenium.remote.ErrorHandler.createThrowable(ErrorHandler.java:214)at org.openqa.selenium.remote.ErrorHandler.throwIfResponseFailed(ErrorHandler.java:172)at org.openqa.selenium.remote.http.JsonHttpResponseCodec.reconstructValue(JsonHttpResponseCodec.java:40)at org.openqa.selenium.remote.http.AbstractHttpResponseCodec.decode(AbstractHttpResponseCodec.java:80)at org.openqa.selenium.remote.http.AbstractHttpResponseCodec.decode(AbstractHttpResponseCodec.java:44)at org.openqa.selenium.remote.HttpCommandExecutor.execute(HttpCommandExecutor.java:158)at org.openqa.selenium.remote.service.DriverCommandExecutor.execute(DriverCommandExecutor.java:83)at org.openqa.selenium.remote.RemoteWebDriver.execute(RemoteWebDriver.java:548)at org.openqa.selenium.remote.RemoteWebDriver.findElement(RemoteWebDriver.java:322)at org.openqa.selenium.remote.RemoteWebDriver.findElementByXPath(RemoteWebDriver.java:424)at org.openqa.selenium.By$ByXPath.findElement(By.java:353)at org.openqa.selenium.remote.RemoteWebDriver.findElement(RemoteWebDriver.java:314)at Execution_Suite.RestrictedWords_and_Validations_Features.waitForPageLoad(RestrictedWords_and_Validations_Features.java:4654)at Execution_Suite.RestrictedWords_and_Validations_Features.SEOFlag_BulkRemove(RestrictedWords_and_Validations_Features.java:3647)... Removed 29 stack frames]]>
    </failure>
  </testcase> <!-- SEOFlag_BulkRemove -->
  <testcase name="AddToNewGroup_Products" time="2.003" classname="Execution_Suite.RestrictedWords_and_Validations_Features">
    <failure type="org.openqa.selenium.UnhandledAlertException" message="unexpected alert open: {Alert text : Email was sent to MMubarik}
  (Session info: chrome with embedded Chromium 68.0.3440.106)
  (Driver info: OperaDriver=2.37 (e258a0b2caf82204936ecc5f7cfc98d44f76feb9),platform=Windows NT 6.1.7601 SP1 x86_64) (WARNING: The server did not provide any stacktrace information)
Command duration or timeout: 0 milliseconds: null
Build info: version: &amp;apos;3.13.0&amp;apos;, revision: &amp;apos;2f0d292&amp;apos;, time: &amp;apos;2018-06-25T15:32:14.902Z&amp;apos;
System info: host: &amp;apos;MACPK-WKS-0076&amp;apos;, ip: &amp;apos;172.25.174.222&amp;apos;, os.name: &amp;apos;Windows 7&amp;apos;, os.arch: &amp;apos;amd64&amp;apos;, os.version: &amp;apos;6.1&amp;apos;, java.version: &amp;apos;1.8.0_181&amp;apos;
Driver info: org.openqa.selenium.opera.OperaDriver
Capabilities {acceptInsecureCerts: false, acceptSslCerts: false, applicationCacheEnabled: false, browserConnectionEnabled: false, browserName: chrome, chrome: {chromedriverVersion: 2.37 (e258a0b2caf82204936ec..., userDataDir: C:\Users\BILAL~1.MUB\AppDat...}, cssSelectorsEnabled: true, databaseEnabled: false, handlesAlerts: true, hasTouchScreen: false, javascriptEnabled: true, locationContextEnabled: true, mobileEmulationEnabled: false, nativeEvents: true, networkConnectionEnabled: false, pageLoadStrategy: normal, platform: XP, platformName: XP, rotatable: false, setWindowRect: true, takesHeapSnapshot: true, takesScreenshot: true, unexpectedAlertBehaviour: , unhandledPromptBehavior: , version: 68.0.3440.106, webStorageEnabled: true}
Session ID: 9f5e16d4efc6389b85f4585104b514b8
*** Element info: {Using=xpath, value=//div[contains(@id,&amp;apos;info_pibusyindicator&amp;apos;)]}">
      <![CDATA[org.openqa.selenium.UnhandledAlertException: unexpected alert open: {Alert text : Email was sent to MMubarik}  (Session info: chrome with embedded Chromium 68.0.3440.106)  (Driver info: OperaDriver=2.37 (e258a0b2caf82204936ecc5f7cfc98d44f76feb9),platform=Windows NT 6.1.7601 SP1 x86_64) (WARNING: The server did not provide any stacktrace information)Command duration or timeout: 0 milliseconds: nullBuild info: version: '3.13.0', revision: '2f0d292', time: '2018-06-25T15:32:14.902Z'System info: host: 'MACPK-WKS-0076', ip: '172.25.174.222', os.name: 'Windows 7', os.arch: 'amd64', os.version: '6.1', java.version: '1.8.0_181'Driver info: org.openqa.selenium.opera.OperaDriverCapabilities {acceptInsecureCerts: false, acceptSslCerts: false, applicationCacheEnabled: false, browserConnectionEnabled: false, browserName: chrome, chrome: {chromedriverVersion: 2.37 (e258a0b2caf82204936ec..., userDataDir: C:\Users\BILAL~1.MUB\AppDat...}, cssSelectorsEnabled: true, databaseEnabled: false, handlesAlerts: true, hasTouchScreen: false, javascriptEnabled: true, locationContextEnabled: true, mobileEmulationEnabled: false, nativeEvents: true, networkConnectionEnabled: false, pageLoadStrategy: normal, platform: XP, platformName: XP, rotatable: false, setWindowRect: true, takesHeapSnapshot: true, takesScreenshot: true, unexpectedAlertBehaviour: , unhandledPromptBehavior: , version: 68.0.3440.106, webStorageEnabled: true}Session ID: 9f5e16d4efc6389b85f4585104b514b8*** Element info: {Using=xpath, value=//div[contains(@id,'info_pibusyindicator')]}at org.openqa.selenium.remote.ErrorHandler.createThrowable(ErrorHandler.java:214)at org.openqa.selenium.remote.ErrorHandler.throwIfResponseFailed(ErrorHandler.java:172)at org.openqa.selenium.remote.http.JsonHttpResponseCodec.reconstructValue(JsonHttpResponseCodec.java:40)at org.openqa.selenium.remote.http.AbstractHttpResponseCodec.decode(AbstractHttpResponseCodec.java:80)at org.openqa.selenium.remote.http.AbstractHttpResponseCodec.decode(AbstractHttpResponseCodec.java:44)at org.openqa.selenium.remote.HttpCommandExecutor.execute(HttpCommandExecutor.java:158)at org.openqa.selenium.remote.service.DriverCommandExecutor.execute(DriverCommandExecutor.java:83)at org.openqa.selenium.remote.RemoteWebDriver.execute(RemoteWebDriver.java:548)at org.openqa.selenium.remote.RemoteWebDriver.findElement(RemoteWebDriver.java:322)at org.openqa.selenium.remote.RemoteWebDriver.findElementByXPath(RemoteWebDriver.java:424)at org.openqa.selenium.By$ByXPath.findElement(By.java:353)at org.openqa.selenium.remote.RemoteWebDriver.findElement(RemoteWebDriver.java:314)at Execution_Suite.RestrictedWords_and_Validations_Features.waitForPageLoad(RestrictedWords_and_Validations_Features.java:4654)at Execution_Suite.RestrictedWords_and_Validations_Features.AddToNewGroup_Products(RestrictedWords_and_Validations_Features.java:3769)... Removed 29 stack frames]]>
    </failure>
  </testcase> <!-- AddToNewGroup_Products -->
  <testcase name="AddToExistingGroup" time="0.01" classname="Execution_Suite.RestrictedWords_and_Validations_Features">
    <failure type="org.openqa.selenium.UnhandledAlertException" message="unexpected alert open: {Alert text : Email was sent to MMubarik}
  (Session info: chrome with embedded Chromium 68.0.3440.106)
  (Driver info: OperaDriver=2.37 (e258a0b2caf82204936ecc5f7cfc98d44f76feb9),platform=Windows NT 6.1.7601 SP1 x86_64) (WARNING: The server did not provide any stacktrace information)
Command duration or timeout: 0 milliseconds: null
Build info: version: &amp;apos;3.13.0&amp;apos;, revision: &amp;apos;2f0d292&amp;apos;, time: &amp;apos;2018-06-25T15:32:14.902Z&amp;apos;
System info: host: &amp;apos;MACPK-WKS-0076&amp;apos;, ip: &amp;apos;172.25.174.222&amp;apos;, os.name: &amp;apos;Windows 7&amp;apos;, os.arch: &amp;apos;amd64&amp;apos;, os.version: &amp;apos;6.1&amp;apos;, java.version: &amp;apos;1.8.0_181&amp;apos;
Driver info: org.openqa.selenium.opera.OperaDriver
Capabilities {acceptInsecureCerts: false, acceptSslCerts: false, applicationCacheEnabled: false, browserConnectionEnabled: false, browserName: chrome, chrome: {chromedriverVersion: 2.37 (e258a0b2caf82204936ec..., userDataDir: C:\Users\BILAL~1.MUB\AppDat...}, cssSelectorsEnabled: true, databaseEnabled: false, handlesAlerts: true, hasTouchScreen: false, javascriptEnabled: true, locationContextEnabled: true, mobileEmulationEnabled: false, nativeEvents: true, networkConnectionEnabled: false, pageLoadStrategy: normal, platform: XP, platformName: XP, rotatable: false, setWindowRect: true, takesHeapSnapshot: true, takesScreenshot: true, unexpectedAlertBehaviour: , unhandledPromptBehavior: , version: 68.0.3440.106, webStorageEnabled: true}
Session ID: 9f5e16d4efc6389b85f4585104b514b8
*** Element info: {Using=xpath, value=//*[@id=&amp;apos;dashboard-view&amp;apos;]/div[2]/div[3]/div[2]/div/div[3]/table/tbody/tr/td[1]/input}">
      <![CDATA[org.openqa.selenium.UnhandledAlertException: unexpected alert open: {Alert text : Email was sent to MMubarik}  (Session info: chrome with embedded Chromium 68.0.3440.106)  (Driver info: OperaDriver=2.37 (e258a0b2caf82204936ecc5f7cfc98d44f76feb9),platform=Windows NT 6.1.7601 SP1 x86_64) (WARNING: The server did not provide any stacktrace information)Command duration or timeout: 0 milliseconds: nullBuild info: version: '3.13.0', revision: '2f0d292', time: '2018-06-25T15:32:14.902Z'System info: host: 'MACPK-WKS-0076', ip: '172.25.174.222', os.name: 'Windows 7', os.arch: 'amd64', os.version: '6.1', java.version: '1.8.0_181'Driver info: org.openqa.selenium.opera.OperaDriverCapabilities {acceptInsecureCerts: false, acceptSslCerts: false, applicationCacheEnabled: false, browserConnectionEnabled: false, browserName: chrome, chrome: {chromedriverVersion: 2.37 (e258a0b2caf82204936ec..., userDataDir: C:\Users\BILAL~1.MUB\AppDat...}, cssSelectorsEnabled: true, databaseEnabled: false, handlesAlerts: true, hasTouchScreen: false, javascriptEnabled: true, locationContextEnabled: true, mobileEmulationEnabled: false, nativeEvents: true, networkConnectionEnabled: false, pageLoadStrategy: normal, platform: XP, platformName: XP, rotatable: false, setWindowRect: true, takesHeapSnapshot: true, takesScreenshot: true, unexpectedAlertBehaviour: , unhandledPromptBehavior: , version: 68.0.3440.106, webStorageEnabled: true}Session ID: 9f5e16d4efc6389b85f4585104b514b8*** Element info: {Using=xpath, value=//*[@id='dashboard-view']/div[2]/div[3]/div[2]/div/div[3]/table/tbody/tr/td[1]/input}at org.openqa.selenium.remote.ErrorHandler.createThrowable(ErrorHandler.java:214)at org.openqa.selenium.remote.ErrorHandler.throwIfResponseFailed(ErrorHandler.java:172)at org.openqa.selenium.remote.http.JsonHttpResponseCodec.reconstructValue(JsonHttpResponseCodec.java:40)at org.openqa.selenium.remote.http.AbstractHttpResponseCodec.decode(AbstractHttpResponseCodec.java:80)at org.openqa.selenium.remote.http.AbstractHttpResponseCodec.decode(AbstractHttpResponseCodec.java:44)at org.openqa.selenium.remote.HttpCommandExecutor.execute(HttpCommandExecutor.java:158)at org.openqa.selenium.remote.service.DriverCommandExecutor.execute(DriverCommandExecutor.java:83)at org.openqa.selenium.remote.RemoteWebDriver.execute(RemoteWebDriver.java:548)at org.openqa.selenium.remote.RemoteWebDriver.findElement(RemoteWebDriver.java:322)at org.openqa.selenium.remote.RemoteWebDriver.findElementByXPath(RemoteWebDriver.java:424)at org.openqa.selenium.By$ByXPath.findElement(By.java:353)at org.openqa.selenium.remote.RemoteWebDriver.findElement(RemoteWebDriver.java:314)at Execution_Suite.RestrictedWords_and_Validations_Features.AddToExistingGroup(RestrictedWords_and_Validations_Features.java:3848)... Removed 29 stack frames]]>
    </failure>
  </testcase> <!-- AddToExistingGroup -->
  <testcase name="ManageGroups_Editing_WithGroupsRemoval" time="0.02" classname="Execution_Suite.RestrictedWords_and_Validations_Features">
    <failure type="org.openqa.selenium.UnhandledAlertException" message="unexpected alert open: {Alert text : Email was sent to MMubarik}
  (Session info: chrome with embedded Chromium 68.0.3440.106)
  (Driver info: OperaDriver=2.37 (e258a0b2caf82204936ecc5f7cfc98d44f76feb9),platform=Windows NT 6.1.7601 SP1 x86_64) (WARNING: The server did not provide any stacktrace information)
Command duration or timeout: 0 milliseconds: null
Build info: version: &amp;apos;3.13.0&amp;apos;, revision: &amp;apos;2f0d292&amp;apos;, time: &amp;apos;2018-06-25T15:32:14.902Z&amp;apos;
System info: host: &amp;apos;MACPK-WKS-0076&amp;apos;, ip: &amp;apos;172.25.174.222&amp;apos;, os.name: &amp;apos;Windows 7&amp;apos;, os.arch: &amp;apos;amd64&amp;apos;, os.version: &amp;apos;6.1&amp;apos;, java.version: &amp;apos;1.8.0_181&amp;apos;
Driver info: org.openqa.selenium.opera.OperaDriver
Capabilities {acceptInsecureCerts: false, acceptSslCerts: false, applicationCacheEnabled: false, browserConnectionEnabled: false, browserName: chrome, chrome: {chromedriverVersion: 2.37 (e258a0b2caf82204936ec..., userDataDir: C:\Users\BILAL~1.MUB\AppDat...}, cssSelectorsEnabled: true, databaseEnabled: false, handlesAlerts: true, hasTouchScreen: false, javascriptEnabled: true, locationContextEnabled: true, mobileEmulationEnabled: false, nativeEvents: true, networkConnectionEnabled: false, pageLoadStrategy: normal, platform: XP, platformName: XP, rotatable: false, setWindowRect: true, takesHeapSnapshot: true, takesScreenshot: true, unexpectedAlertBehaviour: , unhandledPromptBehavior: , version: 68.0.3440.106, webStorageEnabled: true}
Session ID: 9f5e16d4efc6389b85f4585104b514b8
*** Element info: {Using=xpath, value=//input[contains(@data-bind,&amp;apos;checked: isSelected&amp;apos;)]}">
      <![CDATA[org.openqa.selenium.UnhandledAlertException: unexpected alert open: {Alert text : Email was sent to MMubarik}  (Session info: chrome with embedded Chromium 68.0.3440.106)  (Driver info: OperaDriver=2.37 (e258a0b2caf82204936ecc5f7cfc98d44f76feb9),platform=Windows NT 6.1.7601 SP1 x86_64) (WARNING: The server did not provide any stacktrace information)Command duration or timeout: 0 milliseconds: nullBuild info: version: '3.13.0', revision: '2f0d292', time: '2018-06-25T15:32:14.902Z'System info: host: 'MACPK-WKS-0076', ip: '172.25.174.222', os.name: 'Windows 7', os.arch: 'amd64', os.version: '6.1', java.version: '1.8.0_181'Driver info: org.openqa.selenium.opera.OperaDriverCapabilities {acceptInsecureCerts: false, acceptSslCerts: false, applicationCacheEnabled: false, browserConnectionEnabled: false, browserName: chrome, chrome: {chromedriverVersion: 2.37 (e258a0b2caf82204936ec..., userDataDir: C:\Users\BILAL~1.MUB\AppDat...}, cssSelectorsEnabled: true, databaseEnabled: false, handlesAlerts: true, hasTouchScreen: false, javascriptEnabled: true, locationContextEnabled: true, mobileEmulationEnabled: false, nativeEvents: true, networkConnectionEnabled: false, pageLoadStrategy: normal, platform: XP, platformName: XP, rotatable: false, setWindowRect: true, takesHeapSnapshot: true, takesScreenshot: true, unexpectedAlertBehaviour: , unhandledPromptBehavior: , version: 68.0.3440.106, webStorageEnabled: true}Session ID: 9f5e16d4efc6389b85f4585104b514b8*** Element info: {Using=xpath, value=//input[contains(@data-bind,'checked: isSelected')]}at org.openqa.selenium.remote.ErrorHandler.createThrowable(ErrorHandler.java:214)at org.openqa.selenium.remote.ErrorHandler.throwIfResponseFailed(ErrorHandler.java:172)at org.openqa.selenium.remote.http.JsonHttpResponseCodec.reconstructValue(JsonHttpResponseCodec.java:40)at org.openqa.selenium.remote.http.AbstractHttpResponseCodec.decode(AbstractHttpResponseCodec.java:80)at org.openqa.selenium.remote.http.AbstractHttpResponseCodec.decode(AbstractHttpResponseCodec.java:44)at org.openqa.selenium.remote.HttpCommandExecutor.execute(HttpCommandExecutor.java:158)at org.openqa.selenium.remote.service.DriverCommandExecutor.execute(DriverCommandExecutor.java:83)at org.openqa.selenium.remote.RemoteWebDriver.execute(RemoteWebDriver.java:548)at org.openqa.selenium.remote.RemoteWebDriver.findElement(RemoteWebDriver.java:322)at org.openqa.selenium.remote.RemoteWebDriver.findElementByXPath(RemoteWebDriver.java:424)at org.openqa.selenium.By$ByXPath.findElement(By.java:353)at org.openqa.selenium.remote.RemoteWebDriver.findElement(RemoteWebDriver.java:314)at Execution_Suite.RestrictedWords_and_Validations_Features.ManageGroups_Editing_WithGroupsRemoval(RestrictedWords_and_Validations_Features.java:3922)... Removed 29 stack frames]]>
    </failure>
  </testcase> <!-- ManageGroups_Editing_WithGroupsRemoval -->
  <testcase name="LockProducts" time="0.007" classname="Execution_Suite.RestrictedWords_and_Validations_Features">
    <failure type="org.openqa.selenium.UnhandledAlertException" message="unexpected alert open: {Alert text : Email was sent to MMubarik}
  (Session info: chrome with embedded Chromium 68.0.3440.106)
  (Driver info: OperaDriver=2.37 (e258a0b2caf82204936ecc5f7cfc98d44f76feb9),platform=Windows NT 6.1.7601 SP1 x86_64) (WARNING: The server did not provide any stacktrace information)
Command duration or timeout: 0 milliseconds: null
Build info: version: &amp;apos;3.13.0&amp;apos;, revision: &amp;apos;2f0d292&amp;apos;, time: &amp;apos;2018-06-25T15:32:14.902Z&amp;apos;
System info: host: &amp;apos;MACPK-WKS-0076&amp;apos;, ip: &amp;apos;172.25.174.222&amp;apos;, os.name: &amp;apos;Windows 7&amp;apos;, os.arch: &amp;apos;amd64&amp;apos;, os.version: &amp;apos;6.1&amp;apos;, java.version: &amp;apos;1.8.0_181&amp;apos;
Driver info: org.openqa.selenium.opera.OperaDriver
Capabilities {acceptInsecureCerts: false, acceptSslCerts: false, applicationCacheEnabled: false, browserConnectionEnabled: false, browserName: chrome, chrome: {chromedriverVersion: 2.37 (e258a0b2caf82204936ec..., userDataDir: C:\Users\BILAL~1.MUB\AppDat...}, cssSelectorsEnabled: true, databaseEnabled: false, handlesAlerts: true, hasTouchScreen: false, javascriptEnabled: true, locationContextEnabled: true, mobileEmulationEnabled: false, nativeEvents: true, networkConnectionEnabled: false, pageLoadStrategy: normal, platform: XP, platformName: XP, rotatable: false, setWindowRect: true, takesHeapSnapshot: true, takesScreenshot: true, unexpectedAlertBehaviour: , unhandledPromptBehavior: , version: 68.0.3440.106, webStorageEnabled: true}
Session ID: 9f5e16d4efc6389b85f4585104b514b8
*** Element info: {Using=xpath, value=//a[contains(text(),&amp;apos;EIT Dashboard&amp;apos;)]}">
      <![CDATA[org.openqa.selenium.UnhandledAlertException: unexpected alert open: {Alert text : Email was sent to MMubarik}  (Session info: chrome with embedded Chromium 68.0.3440.106)  (Driver info: OperaDriver=2.37 (e258a0b2caf82204936ecc5f7cfc98d44f76feb9),platform=Windows NT 6.1.7601 SP1 x86_64) (WARNING: The server did not provide any stacktrace information)Command duration or timeout: 0 milliseconds: nullBuild info: version: '3.13.0', revision: '2f0d292', time: '2018-06-25T15:32:14.902Z'System info: host: 'MACPK-WKS-0076', ip: '172.25.174.222', os.name: 'Windows 7', os.arch: 'amd64', os.version: '6.1', java.version: '1.8.0_181'Driver info: org.openqa.selenium.opera.OperaDriverCapabilities {acceptInsecureCerts: false, acceptSslCerts: false, applicationCacheEnabled: false, browserConnectionEnabled: false, browserName: chrome, chrome: {chromedriverVersion: 2.37 (e258a0b2caf82204936ec..., userDataDir: C:\Users\BILAL~1.MUB\AppDat...}, cssSelectorsEnabled: true, databaseEnabled: false, handlesAlerts: true, hasTouchScreen: false, javascriptEnabled: true, locationContextEnabled: true, mobileEmulationEnabled: false, nativeEvents: true, networkConnectionEnabled: false, pageLoadStrategy: normal, platform: XP, platformName: XP, rotatable: false, setWindowRect: true, takesHeapSnapshot: true, takesScreenshot: true, unexpectedAlertBehaviour: , unhandledPromptBehavior: , version: 68.0.3440.106, webStorageEnabled: true}Session ID: 9f5e16d4efc6389b85f4585104b514b8*** Element info: {Using=xpath, value=//a[contains(text(),'EIT Dashboard')]}at org.openqa.selenium.remote.ErrorHandler.createThrowable(ErrorHandler.java:214)at org.openqa.selenium.remote.ErrorHandler.throwIfResponseFailed(ErrorHandler.java:172)at org.openqa.selenium.remote.http.JsonHttpResponseCodec.reconstructValue(JsonHttpResponseCodec.java:40)at org.openqa.selenium.remote.http.AbstractHttpResponseCodec.decode(AbstractHttpResponseCodec.java:80)at org.openqa.selenium.remote.http.AbstractHttpResponseCodec.decode(AbstractHttpResponseCodec.java:44)at org.openqa.selenium.remote.HttpCommandExecutor.execute(HttpCommandExecutor.java:158)at org.openqa.selenium.remote.service.DriverCommandExecutor.execute(DriverCommandExecutor.java:83)at org.openqa.selenium.remote.RemoteWebDriver.execute(RemoteWebDriver.java:548)at org.openqa.selenium.remote.RemoteWebDriver.findElement(RemoteWebDriver.java:322)at org.openqa.selenium.remote.RemoteWebDriver.findElementByXPath(RemoteWebDriver.java:424)at org.openqa.selenium.By$ByXPath.findElement(By.java:353)at org.openqa.selenium.remote.RemoteWebDriver.findElement(RemoteWebDriver.java:314)at Execution_Suite.RestrictedWords_and_Validations_Features.LockProducts(RestrictedWords_and_Validations_Features.java:4116)... Removed 29 stack frames]]>
    </failure>
  </testcase> <!-- LockProducts -->
</testsuite> <!-- Restricted Words and Validations With Opera -->
