<?xml version="1.0" encoding="UTF-8"?>
<!-- Generated by org.testng.reporters.JUnitReportReporter -->
<testsuite skipped="18" hostname="macpk-wks-0076" name="Execution_Suite.Velocity_Withoutlicence_Supplier" tests="20" failures="0" timestamp="11 Apr 2019 09:50:52 GMT" time="133.501" errors="2">
  <testcase name="getResult" time="0.002" classname="Execution_Suite.Velocity_Withoutlicence_Supplier">
    <error type="java.lang.NullPointerException">
      <![CDATA[java.lang.NullPointerExceptionat Execution_Suite.Velocity_Withoutlicence_Supplier.getResult(Velocity_Withoutlicence_Supplier.java:5558)at sun.reflect.NativeMethodAccessorImpl.invoke0(Native Method)at sun.reflect.NativeMethodAccessorImpl.invoke(Unknown Source)at sun.reflect.DelegatingMethodAccessorImpl.invoke(Unknown Source)at java.lang.reflect.Method.invoke(Unknown Source)at org.testng.internal.MethodInvocationHelper.invokeMethod(MethodInvocationHelper.java:124)at org.testng.internal.MethodInvocationHelper.invokeMethodConsideringTimeout(MethodInvocationHelper.java:59)at org.testng.internal.Invoker.invokeConfigurationMethod(Invoker.java:451)at org.testng.internal.Invoker.invokeConfigurations(Invoker.java:222)at org.testng.internal.Invoker.invokeMethod(Invoker.java:634)at org.testng.internal.Invoker.invokeTestMethod(Invoker.java:707)at org.testng.internal.Invoker.invokeTestMethods(Invoker.java:979)at org.testng.internal.TestMethodWorker.invokeTestMethods(TestMethodWorker.java:125)at org.testng.internal.TestMethodWorker.run(TestMethodWorker.java:109)at org.testng.TestRunner.privateRun(TestRunner.java:648)at org.testng.TestRunner.run(TestRunner.java:505)at org.testng.SuiteRunner.runTest(SuiteRunner.java:455)at org.testng.SuiteRunner.runSequentially(SuiteRunner.java:450)at org.testng.SuiteRunner.privateRun(SuiteRunner.java:415)at org.testng.SuiteRunner.run(SuiteRunner.java:364)at org.testng.SuiteRunnerWorker.runSuite(SuiteRunnerWorker.java:52)at org.testng.SuiteRunnerWorker.run(SuiteRunnerWorker.java:84)at org.testng.TestNG.runSuitesSequentially(TestNG.java:1187)at org.testng.TestNG.runSuitesLocally(TestNG.java:1116)at org.testng.TestNG.runSuites(TestNG.java:1028)at org.testng.TestNG.run(TestNG.java:996)at org.testng.remote.AbstractRemoteTestNG.run(AbstractRemoteTestNG.java:114)at org.testng.remote.RemoteTestNG.initAndRun(RemoteTestNG.java:251)at org.testng.remote.RemoteTestNG.main(RemoteTestNG.java:77)]]>
    </error>
  </testcase> <!-- getResult -->
  <testcase name="login" time="133.499" classname="Execution_Suite.Velocity_Withoutlicence_Supplier">
    <error type="org.openqa.selenium.TimeoutException" message="Expected condition failed: waiting for element to be clickable: By.xpath: //span[contains(@id,&#039;asinum&#039;)] (tried for 120 second(s) with 500 milliseconds interval)
Build info: version: &#039;3.14.0&#039;, revision: &#039;aacccce0&#039;, time: &#039;2018-08-02T20:19:58.91Z&#039;
System info: host: &#039;MACPK-WKS-0076&#039;, ip: &#039;172.25.177.124&#039;, os.name: &#039;Windows 7&#039;, os.arch: &#039;amd64&#039;, os.version: &#039;6.1&#039;, java.version: &#039;1.8.0_181&#039;
Driver info: org.openqa.selenium.chrome.ChromeDriver
Capabilities {acceptInsecureCerts: false, acceptSslCerts: false, applicationCacheEnabled: false, browserConnectionEnabled: false, browserName: chrome, chrome: {chromedriverVersion: 2.46.628402 (536cd7adbad73a..., userDataDir: C:\Users\BILAL~1.MUB\AppDat...}, cssSelectorsEnabled: true, databaseEnabled: false, goog:chromeOptions: {debuggerAddress: localhost:53803}, handlesAlerts: true, hasTouchScreen: false, javascriptEnabled: true, locationContextEnabled: true, mobileEmulationEnabled: false, nativeEvents: true, networkConnectionEnabled: false, pageLoadStrategy: normal, platform: XP, platformName: XP, proxy: Proxy(), rotatable: false, setWindowRect: true, strictFileInteractability: false, takesHeapSnapshot: true, takesScreenshot: true, timeouts: {implicit: 0, pageLoad: 300000, script: 30000}, unexpectedAlertBehaviour: ignore, unhandledPromptBehavior: ignore, version: 73.0.3683.86, webStorageEnabled: true}
Session ID: cf89b338e8da9d2b001d6782b5bd1d13">
      <![CDATA[org.openqa.selenium.TimeoutException: Expected condition failed: waiting for element to be clickable: By.xpath: //span[contains(@id,'asinum')] (tried for 120 second(s) with 500 milliseconds interval)Build info: version: '3.14.0', revision: 'aacccce0', time: '2018-08-02T20:19:58.91Z'System info: host: 'MACPK-WKS-0076', ip: '172.25.177.124', os.name: 'Windows 7', os.arch: 'amd64', os.version: '6.1', java.version: '1.8.0_181'Driver info: org.openqa.selenium.chrome.ChromeDriverCapabilities {acceptInsecureCerts: false, acceptSslCerts: false, applicationCacheEnabled: false, browserConnectionEnabled: false, browserName: chrome, chrome: {chromedriverVersion: 2.46.628402 (536cd7adbad73a..., userDataDir: C:\Users\BILAL~1.MUB\AppDat...}, cssSelectorsEnabled: true, databaseEnabled: false, goog:chromeOptions: {debuggerAddress: localhost:53803}, handlesAlerts: true, hasTouchScreen: false, javascriptEnabled: true, locationContextEnabled: true, mobileEmulationEnabled: false, nativeEvents: true, networkConnectionEnabled: false, pageLoadStrategy: normal, platform: XP, platformName: XP, proxy: Proxy(), rotatable: false, setWindowRect: true, strictFileInteractability: false, takesHeapSnapshot: true, takesScreenshot: true, timeouts: {implicit: 0, pageLoad: 300000, script: 30000}, unexpectedAlertBehaviour: ignore, unhandledPromptBehavior: ignore, version: 73.0.3683.86, webStorageEnabled: true}Session ID: cf89b338e8da9d2b001d6782b5bd1d13at org.openqa.selenium.support.ui.WebDriverWait.timeoutException(WebDriverWait.java:113)at org.openqa.selenium.support.ui.FluentWait.until(FluentWait.java:283)at Execution_Suite.Velocity_Withoutlicence_Supplier.login(Velocity_Withoutlicence_Supplier.java:196)at sun.reflect.NativeMethodAccessorImpl.invoke0(Native Method)at sun.reflect.NativeMethodAccessorImpl.invoke(Unknown Source)at sun.reflect.DelegatingMethodAccessorImpl.invoke(Unknown Source)at java.lang.reflect.Method.invoke(Unknown Source)at org.testng.internal.MethodInvocationHelper.invokeMethod(MethodInvocationHelper.java:124)at org.testng.internal.Invoker.invokeMethod(Invoker.java:571)at org.testng.internal.Invoker.invokeTestMethod(Invoker.java:707)at org.testng.internal.Invoker.invokeTestMethods(Invoker.java:979)at org.testng.internal.TestMethodWorker.invokeTestMethods(TestMethodWorker.java:125)at org.testng.internal.TestMethodWorker.run(TestMethodWorker.java:109)at org.testng.TestRunner.privateRun(TestRunner.java:648)at org.testng.TestRunner.run(TestRunner.java:505)at org.testng.SuiteRunner.runTest(SuiteRunner.java:455)at org.testng.SuiteRunner.runSequentially(SuiteRunner.java:450)at org.testng.SuiteRunner.privateRun(SuiteRunner.java:415)at org.testng.SuiteRunner.run(SuiteRunner.java:364)at org.testng.SuiteRunnerWorker.runSuite(SuiteRunnerWorker.java:52)at org.testng.SuiteRunnerWorker.run(SuiteRunnerWorker.java:84)at org.testng.TestNG.runSuitesSequentially(TestNG.java:1187)at org.testng.TestNG.runSuitesLocally(TestNG.java:1116)at org.testng.TestNG.runSuites(TestNG.java:1028)at org.testng.TestNG.run(TestNG.java:996)at org.testng.remote.AbstractRemoteTestNG.run(AbstractRemoteTestNG.java:114)at org.testng.remote.RemoteTestNG.initAndRun(RemoteTestNG.java:251)at org.testng.remote.RemoteTestNG.main(RemoteTestNG.java:77)]]>
    </error>
  </testcase> <!-- login -->
  <testcase name="EspLogoCheck" time="0.000" classname="Execution_Suite.Velocity_Withoutlicence_Supplier">
    <skipped/>
  </testcase> <!-- EspLogoCheck -->
  <testcase name="SupplierInfo" time="0.000" classname="Execution_Suite.Velocity_Withoutlicence_Supplier">
    <skipped/>
  </testcase> <!-- SupplierInfo -->
  <testcase name="HelpLicenceAgreement" time="0.000" classname="Execution_Suite.Velocity_Withoutlicence_Supplier">
    <skipped/>
  </testcase> <!-- HelpLicenceAgreement -->
  <testcase name="HelpandSupport" time="0.000" classname="Execution_Suite.Velocity_Withoutlicence_Supplier">
    <skipped/>
  </testcase> <!-- HelpandSupport -->
  <testcase name="AddUpdate_Product" time="0.000" classname="Execution_Suite.Velocity_Withoutlicence_Supplier">
    <skipped/>
  </testcase> <!-- AddUpdate_Product -->
  <testcase name="ProductInActivation" time="0.000" classname="Execution_Suite.Velocity_Withoutlicence_Supplier">
    <skipped/>
  </testcase> <!-- ProductInActivation -->
  <testcase name="ScheduledProductActivation" time="0.000" classname="Execution_Suite.Velocity_Withoutlicence_Supplier">
    <skipped/>
  </testcase> <!-- ScheduledProductActivation -->
  <testcase name="CopyProduct" time="0.000" classname="Execution_Suite.Velocity_Withoutlicence_Supplier">
    <skipped/>
  </testcase> <!-- CopyProduct -->
  <testcase name="DeleteImageFromProduct" time="0.000" classname="Execution_Suite.Velocity_Withoutlicence_Supplier">
    <skipped/>
  </testcase> <!-- DeleteImageFromProduct -->
  <testcase name="AddUpdate_Product_MultiplePriceGrid" time="0.000" classname="Execution_Suite.Velocity_Withoutlicence_Supplier">
    <skipped/>
  </testcase> <!-- AddUpdate_Product_MultiplePriceGrid -->
  <testcase name="BulKEdit" time="0.000" classname="Execution_Suite.Velocity_Withoutlicence_Supplier">
    <skipped/>
  </testcase> <!-- BulKEdit -->
  <testcase name="SearchWithKeyword" time="0.000" classname="Execution_Suite.Velocity_Withoutlicence_Supplier">
    <skipped/>
  </testcase> <!-- SearchWithKeyword -->
  <testcase name="DefaultSearch" time="0.000" classname="Execution_Suite.Velocity_Withoutlicence_Supplier">
    <skipped/>
  </testcase> <!-- DefaultSearch -->
  <testcase name="ProductSortByNumber" time="0.000" classname="Execution_Suite.Velocity_Withoutlicence_Supplier">
    <skipped/>
  </testcase> <!-- ProductSortByNumber -->
  <testcase name="ProductSortByName" time="0.000" classname="Execution_Suite.Velocity_Withoutlicence_Supplier">
    <skipped/>
  </testcase> <!-- ProductSortByName -->
  <testcase name="ProductSortByCatalog" time="0.000" classname="Execution_Suite.Velocity_Withoutlicence_Supplier">
    <skipped/>
  </testcase> <!-- ProductSortByCatalog -->
  <testcase name="ProductSortByLastUpdated" time="0.000" classname="Execution_Suite.Velocity_Withoutlicence_Supplier">
    <skipped/>
  </testcase> <!-- ProductSortByLastUpdated -->
  <testcase name="ProductDelete" time="0.000" classname="Execution_Suite.Velocity_Withoutlicence_Supplier">
    <skipped/>
  </testcase> <!-- ProductDelete -->
</testsuite> <!-- Execution_Suite.Velocity_Withoutlicence_Supplier -->
