<?xml version="1.0" encoding="UTF-8"?>
<!-- Generated by org.testng.reporters.JUnitReportReporter -->
<testsuite skipped="17" hostname="macpk-wks-0008" name="Execution_Suite.Velocity_Suite7" tests="18" failures="0" timestamp="28 Dec 2017 11:56:55 GMT" time="0.000" errors="1">
  <testcase name="setup" time="0.000" classname="Execution_Suite.Velocity_Suite7">
    <error type="org.testng.TestNGException" message="
Parameter &#039;browser&#039; is required by BeforeTest on method setup but has not been marked @Optional or defined
in C:\Users\Bilal.Mubarik\AppData\Local\Temp\testng-eclipse--1101167997\testng-customsuite.xml">
      <![CDATA[org.testng.TestNGException: 
Parameter 'browser' is required by BeforeTest on method setup but has not been marked @Optional or defined
in C:\Users\Bilal.Mubarik\AppData\Local\Temp\testng-eclipse--1101167997\testng-customsuite.xml
	at org.testng.internal.Parameters.createParameters(Parameters.java:199)
	at org.testng.internal.Parameters.createParameters(Parameters.java:443)
	at org.testng.internal.Parameters.createConfigurationParameters(Parameters.java:118)
	at org.testng.internal.Invoker.invokeConfigurations(Invoker.java:206)
	at org.testng.internal.Invoker.invokeConfigurations(Invoker.java:146)
	at org.testng.TestRunner.beforeRun(TestRunner.java:626)
	at org.testng.TestRunner.run(TestRunner.java:594)
	at org.testng.SuiteRunner.runTest(SuiteRunner.java:380)
	at org.testng.SuiteRunner.runSequentially(SuiteRunner.java:375)
	at org.testng.SuiteRunner.privateRun(SuiteRunner.java:340)
	at org.testng.SuiteRunner.run(SuiteRunner.java:289)
	at org.testng.SuiteRunnerWorker.runSuite(SuiteRunnerWorker.java:52)
	at org.testng.SuiteRunnerWorker.run(SuiteRunnerWorker.java:86)
	at org.testng.TestNG.runSuitesSequentially(TestNG.java:1301)
	at org.testng.TestNG.runSuitesLocally(TestNG.java:1226)
	at org.testng.TestNG.runSuites(TestNG.java:1144)
	at org.testng.TestNG.run(TestNG.java:1115)
	at org.testng.remote.AbstractRemoteTestNG.run(AbstractRemoteTestNG.java:132)
	at org.testng.remote.RemoteTestNG.initAndRun(RemoteTestNG.java:230)
	at org.testng.remote.RemoteTestNG.main(RemoteTestNG.java:76)
]]>
    </error>
  </testcase> <!-- setup -->
  <testcase name="login" time="0.000" classname="Execution_Suite.Velocity_Suite7">
    <skipped/>
  </testcase> <!-- login -->
  <testcase name="SupplierSearch" time="0.000" classname="Execution_Suite.Velocity_Suite7">
    <skipped/>
  </testcase> <!-- SupplierSearch -->
  <testcase name="SKUField_BasicDetails_Displayed" time="0.000" classname="Execution_Suite.Velocity_Suite7">
    <skipped/>
  </testcase> <!-- SKUField_BasicDetails_Displayed -->
  <testcase name="ColorAttributes_AutoRename" time="0.000" classname="Execution_Suite.Velocity_Suite7">
    <skipped/>
  </testcase> <!-- ColorAttributes_AutoRename -->
  <testcase name="AddNewColors" time="0.000" classname="Execution_Suite.Velocity_Suite7">
    <skipped/>
  </testcase> <!-- AddNewColors -->
  <testcase name="NewProductsAddedByEIT_Unconfirmed" time="0.000" classname="Execution_Suite.Velocity_Suite7">
    <skipped/>
  </testcase> <!-- NewProductsAddedByEIT_Unconfirmed -->
  <testcase name="Availability_CheckUncheckAll_Verification" time="0.000" classname="Execution_Suite.Velocity_Suite7">
    <skipped/>
  </testcase> <!-- Availability_CheckUncheckAll_Verification -->
  <testcase name="Product_InLegalReview" time="0.000" classname="Execution_Suite.Velocity_Suite7">
    <skipped/>
  </testcase> <!-- Product_InLegalReview -->
  <testcase name="SupplierInReview_LegalReviewProduct_Download" time="0.000" classname="Execution_Suite.Velocity_Suite7">
    <skipped/>
  </testcase> <!-- SupplierInReview_LegalReviewProduct_Download -->
  <testcase name="Product_WithRestrictedWords" time="0.000" classname="Execution_Suite.Velocity_Suite7">
    <skipped/>
  </testcase> <!-- Product_WithRestrictedWords -->
  <testcase name="SupplierInReview_RestrictedWordsReviewProduct_Download" time="0.000" classname="Execution_Suite.Velocity_Suite7">
    <skipped/>
  </testcase> <!-- SupplierInReview_RestrictedWordsReviewProduct_Download -->
  <testcase name="EITAdmin_Restrictedwords_Sanity" time="0.000" classname="Execution_Suite.Velocity_Suite7">
    <skipped/>
  </testcase> <!-- EITAdmin_Restrictedwords_Sanity -->
  <testcase name="EITAdmin_SupplierLevel_Validations" time="0.000" classname="Execution_Suite.Velocity_Suite7">
    <skipped/>
  </testcase> <!-- EITAdmin_SupplierLevel_Validations -->
  <testcase name="ScoreCard_EmailFrequency" time="0.000" classname="Execution_Suite.Velocity_Suite7">
    <skipped/>
  </testcase> <!-- ScoreCard_EmailFrequency -->
  <testcase name="EITAdmin_EmailFrequency_WithScorecardEmailFrequencyChanges" time="0.000" classname="Execution_Suite.Velocity_Suite7">
    <skipped/>
  </testcase> <!-- EITAdmin_EmailFrequency_WithScorecardEmailFrequencyChanges -->
  <testcase name="ScorecardChanges" time="0.000" classname="Execution_Suite.Velocity_Suite7">
    <skipped/>
  </testcase> <!-- ScorecardChanges -->
  <testcase name="SentEmail_ToSuppliers" time="0.000" classname="Execution_Suite.Velocity_Suite7">
    <skipped/>
  </testcase> <!-- SentEmail_ToSuppliers -->
</testsuite> <!-- Execution_Suite.Velocity_Suite7 -->
