
<!DOCTYPE html>
<html>
	<head>
		<!--
			ExtentReports Library 2.41.1 | http://relevantcodes.com/extentreports-for-selenium/ | https://github.com/anshooarora/
			Copyright (c) 2015, Anshoo Arora (Relevant Codes) | Copyrights licensed under the New BSD License | http://opensource.org/licenses/BSD-3-Clause
			Documentation: http://extentreports.relevantcodes.com 
		-->

		<meta charset='UTF-8' /> 
		<meta name='description' content='ExtentReports (by Anshoo Arora) is a reporting library for automation testing for .NET and Java. It creates detailed and beautiful HTML reports for modern browsers. ExtentReports shows test and step summary along with dashboards, system and environment details for quick analysis of your tests.' />
		<meta name='robots' content='noodp, noydir' />
		<meta name='viewport' content='width=device-width, initial-scale=1' />
		<meta name='extentx' id='extentx' content='' />
		
		<title>
				ExtentReports 2.0
		</title>
		
		
		<link href='https://fonts.googleapis.com/css?family=Source+Sans+Pro:400,600' rel='stylesheet' type='text/css'>
		<link href='https://cdn.rawgit.com/anshooarora/extentreports/6032d73243ba4fe4fb8769eb9c315d4fdf16fe68/cdn/extent.css' type='text/css' rel='stylesheet' />
		
		<style>
				
            
                
            
        
		</style>
	</head>
	
	
	<body class='extent default standard hide-overflow'>
		<!-- nav -->
		<nav>
			<div class='logo-container blue darken-2'>
				<a class='logo-content' href='http://extentreports.relevantcodes.com'>
					<span>ExtentReports</span>
				</a>
				<a href='#' data-activates='slide-out' class='button-collapse hide-on-large-only'><i class='mdi-navigation-apps'></i></a>
			</div>
			<ul id='slide-out' class='side-nav fixed hide-on-med-and-down'>
				<li class='analysis waves-effect active'><a href='#!' class='test-view' onclick="_updateCurrentStage(0)"><i class='mdi-action-dashboard'></i>Test Details</a></li>
				<li class='analysis waves-effect'>
					<a href='#!' onclick="_updateCurrentStage(-1)" class='dashboard-view'><i class='mdi-action-track-changes'></i></i>Analysis</a>
				</li>
			</ul>
			<span class='report-name'>Velocity App</span> <span class='report-headline'></span>
			<ul class='right hide-on-med-and-down nav-right'>
				<li class='theme-selector' alt='Click to toggle dark theme. To enable by default, use js configuration $("body").addClass("dark");' title='Click to toggle dark theme. To enable by default, use js configuration $("body").addClass("dark");'>
					<i class='mdi-hardware-desktop-windows'></i>
				</li>
				<li>
					<span class='suite-started-time'>2018-09-10 21:01:15</span>
				</li>
				<li>
					<span>v2.41.1</span>
				</li>
			</ul>
		</nav>
		<!-- /nav -->
		
		<!-- container -->
		<div class='container'>
			
			<!-- dashboard -->
			<div id='dashboard-view' class='row'>
				<div class='time-totals'>
					<div class='col l2 m4 s6'>
						<div class='card suite-total-tests'> 
							<span class='panel-name'>Total Tests</span> 
							<span class='total-tests'> <span class='panel-lead'></span> </span> 
						</div> 
					</div>
					<div class='col l2 m4 s6'>
						<div class='card suite-total-steps'> 
							<span class='panel-name'>Total Steps</span> 
							<span class='total-steps'> <span class='panel-lead'></span> </span> 
						</div> 
					</div>
					<div class='col l2 m4 s12'>
						<div class='card suite-total-time-current'> 
							<span class='panel-name'>Total Time Taken (Current Run)</span> 
							<span class='suite-total-time-current-value panel-lead'>0h 11m 43s+483ms</span> 
						</div> 
					</div>
					<div class='col l2 m4 s12'>
						<div class='card suite-total-time-overall'> 
							<span class='panel-name'>Total Time Taken (Overall)</span> 
							<span class='suite-total-time-overall-value panel-lead'>0h 11m 43s+483ms</span> 
						</div> 
					</div>
					<div class='col l2 m4 s6 suite-start-time'>
						<div class='card accent green-accent'> 
							<span class='panel-name'>Start</span> 
							<span class='panel-lead suite-started-time'>2018-09-10 20:49:32</span> 
						</div> 
					</div>
					<div class='col l2 m4 s6 suite-end-time'>
						<div class='card accent pink-accent'> 
							<span class='panel-name'>End</span> 
							<span class='panel-lead suite-ended-time'>2018-09-10 21:01:15</span> 
						</div> 
					</div>
				</div>
				<div class='charts'>
					<div class='col s12 m6 l4 fh'> 
						<div class='card-panel'> 
							<div>
								<span class='panel-name'>Tests View</span>
							</div> 
							<div class='panel-setting modal-trigger test-count-setting right'>
								<a href='#test-count-setting'><i class='mdi-navigation-more-vert text-md'></i></a>
							</div> 
							<div class='chart-box'>
								<canvas class='text-centered' id='test-analysis'></canvas>
							</div> 
							<div>
								<span class='weight-light'><span class='t-pass-count weight-normal'></span> test(s) passed</span>
							</div> 
							<div>
								<span class='weight-light'><span class='t-fail-count weight-normal'></span> test(s) failed, <span class='t-others-count weight-normal'></span> others</span>
							</div> 
						</div> 
					</div> 
					<div class='col s12 m6 l4 fh'> 
						<div class='card-panel'> 
							<div>
								<span class='panel-name'>Steps View</span>
							</div> 
							<div class='panel-setting modal-trigger step-status-filter right'>
								<a href='#step-status-filter'><i class='mdi-navigation-more-vert text-md'></i></a>
							</div> 
							<div class='chart-box'>
								<canvas class='text-centered' id='step-analysis'></canvas>
							</div> 
							<div>
								<span class='weight-light'><span class='s-pass-count weight-normal'></span> step(s) passed </span>
							</div> 
							<div>
								<span class='weight-light'><span class='s-fail-count weight-normal'></span> step(s) failed, <span class='s-others-count weight-normal'></span> others</span>
							</div> 
						</div> 
					</div>
					<div class='col s12 m12 l4 fh'> 
						<div class='card-panel'> 
							<span class='panel-name'>Pass Percentage</span> 
							<span class='pass-percentage panel-lead'></span> 
							<div class='progress light-blue lighten-3'> 
								<div class='determinate light-blue'></div> 
							</div> 
						</div> 
					</div>
				</div>
				<div class='system-view'>
					<div class='col l4 m12 s12'>
						<div class='card-panel'>
							<span class='label info outline right'>Environment</span>
							<table>
								<thead>
									<tr>
										<th>Param</th>
										<th>Value</th>
									</tr>
								</thead>
								<tbody>
										<tr>
											<td>User Name</td>
											<td>Bilal.Mubarik</td>
										</tr>
										<tr>
											<td>OS</td>
											<td>Windows 7</td>
										</tr>
										<tr>
											<td>Java Version</td>
											<td>1.8.0_181</td>
										</tr>
										<tr>
											<td>Host Name</td>
											<td>macpk-wks-0076</td>
										</tr>
										<tr>
											<td>HostName</td>
											<td>Bilal</td>
										</tr>
										<tr>
											<td>Environment</td>
											<td>QA</td>
										</tr>
								</tbody>
							</table>
						</div>
					</div>
				</div>
			</div>
			<!-- /dashboard -->
			
			<!-- tests -->
			<div id='test-view' class='row _addedTable'>
				<div class='col _addedCell1'>
					<div class='contents'>
						<div class='card-panel heading'>
							<h5>Tests</h5>
						</div>
						<div class='card-panel filters'>
							<div>
								<a class='dropdown-button btn-floating btn-small waves-effect waves-light grey tests-toggle' data-activates='tests-toggle' data-constrainwidth='true' data-beloworigin='true' data-hover='true' href='#'>
									<i class='mdi-action-reorder'></i>
								</a>
								<ul id='tests-toggle' class='dropdown-content'>
									<li class='pass'><a href='#!'>Pass</a></li>
									<li class='fail'><a href='#!'>Fail</a></li>
									<li class='skip'><a href='#!'>Skip</a></li>
									<li class='divider'></li>
									<li class='clear'><a href='#!'>Clear Filters</a></li>
								</ul>
							</div>
							<div>
								<a class='btn-floating btn-small waves-effect waves-light grey' id='clear-filters' alt='Clear Filters' title='Clear Filters'>
									<i class='mdi-navigation-close'></i>
								</a>
							</div>
							<div>
								<a class='btn-floating btn-small waves-effect waves-light grey' id='enableDashboard' alt='Enable Dashboard' title='Enable Dashboard'>
									<i class='mdi-action-track-changes'></i>
								</a>
							</div>
							<div>
								<a class='btn-floating btn-small waves-effect waves-light blue enabled' id='refreshCharts' alt='Refresh Charts on Filters' title='Refresh Charts on Filters'>
									<i class='mdi-navigation-refresh'></i>
								</a>
							</div>
							<div class='search' alt='Search Tests' title='Search Tests'>
								<div class='input-field left'>
									<input id='searchTests' type='text' class='validate' placeholder='Search Tests...'>
								</div>
								<a href="#" class='btn-floating btn-small waves-effect waves-light grey'>
									<i class='mdi-action-search'></i>
								</a>
							</div>
						</div>
						<div class='card-panel no-padding-h no-padding-v no-margin-v'>
							<div class='wrapper'>
								<ul id='test-collection' class='test-collection'>
										<li class='collection-item test displayed active pass ' extentid='291e18c7-809a-412f-84b3-5cdd040b0a4f'>
											<div class='test-head'>
												<span class='test-name'>Login </span>
												<span class='test-status label right outline capitalize pass'>pass</span>
												<span class='category-assigned hide '></span>
											</div>
											<div class='test-body'>
												<div class='test-info'>
													<span title='Test started time' alt='Test started time' class='test-started-time label green lighten-1 text-white'>2018-09-10 20:50:16</span>
													<span title='Test ended time' alt='Test ended time' class='test-ended-time label red lighten-1 text-white'>2018-09-10 20:50:16</span>
													<span title='Time taken to finish' alt='Time taken to finish' class='test-time-taken label blue-grey lighten-3 text-white'>0h 0m 0s+3ms</span>
												</div>
												<div class='test-desc'></div>
												<div class='test-attributes'>
												</div>
												<div class='test-steps'>
													<table class='bordered table-results'>
														<thead>
															<tr>
																<th>Status</th>
																<th>Timestamp</th>
																<th>Details</th>
															</tr>
														</thead>
														<tbody>
																<tr>
																	<td class='status pass' title='pass' alt='pass'><i class='mdi-action-check-circle'></i></td>
																	<td class='timestamp'>20:50:16</td>
																	<td class='step-details'>Login to Esp Updates Successfully</td>
																</tr>
														</tbody>
													</table>
													<ul class='collapsible node-list' data-collapsible='accordion'>
													</ul>
												</div>
											</div>
										</li>
										<li class='collection-item test displayed active pass ' extentid='3fa4cba5-3243-4c2b-b9f4-bbc780d2a31f'>
											<div class='test-head'>
												<span class='test-name'>SupplierSearch </span>
												<span class='test-status label right outline capitalize pass'>pass</span>
												<span class='category-assigned hide '></span>
											</div>
											<div class='test-body'>
												<div class='test-info'>
													<span title='Test started time' alt='Test started time' class='test-started-time label green lighten-1 text-white'>2018-09-10 20:50:17</span>
													<span title='Test ended time' alt='Test ended time' class='test-ended-time label red lighten-1 text-white'>2018-09-10 20:50:17</span>
													<span title='Time taken to finish' alt='Time taken to finish' class='test-time-taken label blue-grey lighten-3 text-white'>0h 0m 0s+2ms</span>
												</div>
												<div class='test-desc'></div>
												<div class='test-attributes'>
												</div>
												<div class='test-steps'>
													<table class='bordered table-results'>
														<thead>
															<tr>
																<th>Status</th>
																<th>Timestamp</th>
																<th>Details</th>
															</tr>
														</thead>
														<tbody>
																<tr>
																	<td class='status pass' title='pass' alt='pass'><i class='mdi-action-check-circle'></i></td>
																	<td class='timestamp'>20:50:17</td>
																	<td class='step-details'>Supplier Searched Successfully</td>
																</tr>
														</tbody>
													</table>
													<ul class='collapsible node-list' data-collapsible='accordion'>
													</ul>
												</div>
											</div>
										</li>
										<li class='collection-item test displayed active pass ' extentid='144fbd92-8b21-4588-aada-d63e917274da'>
											<div class='test-head'>
												<span class='test-name'>API_RepLink_Spotlight_Mapped_TLC_OnSupplierSearch </span>
												<span class='test-status label right outline capitalize pass'>pass</span>
												<span class='category-assigned hide '></span>
											</div>
											<div class='test-body'>
												<div class='test-info'>
													<span title='Test started time' alt='Test started time' class='test-started-time label green lighten-1 text-white'>2018-09-10 20:50:17</span>
													<span title='Test ended time' alt='Test ended time' class='test-ended-time label red lighten-1 text-white'>2018-09-10 20:50:17</span>
													<span title='Time taken to finish' alt='Time taken to finish' class='test-time-taken label blue-grey lighten-3 text-white'>0h 0m 0s+3ms</span>
												</div>
												<div class='test-desc'></div>
												<div class='test-attributes'>
												</div>
												<div class='test-steps'>
													<table class='bordered table-results'>
														<thead>
															<tr>
																<th>Status</th>
																<th>Timestamp</th>
																<th>Details</th>
															</tr>
														</thead>
														<tbody>
																<tr>
																	<td class='status pass' title='pass' alt='pass'><i class='mdi-action-check-circle'></i></td>
																	<td class='timestamp'>20:50:17</td>
																	<td class='step-details'>API,Replink,Spotlight,Mapped and TLC fields for notes displayed Successfully</td>
																</tr>
														</tbody>
													</table>
													<ul class='collapsible node-list' data-collapsible='accordion'>
													</ul>
												</div>
											</div>
										</li>
										<li class='collection-item test displayed active pass ' extentid='8d5f8465-c5cb-4ed2-8d83-210c979b6262'>
											<div class='test-head'>
												<span class='test-name'>RelocateNotes_ReleatedUI </span>
												<span class='test-status label right outline capitalize pass'>pass</span>
												<span class='category-assigned hide '></span>
											</div>
											<div class='test-body'>
												<div class='test-info'>
													<span title='Test started time' alt='Test started time' class='test-started-time label green lighten-1 text-white'>2018-09-10 20:50:18</span>
													<span title='Test ended time' alt='Test ended time' class='test-ended-time label red lighten-1 text-white'></span>
													<span title='Time taken to finish' alt='Time taken to finish' class='test-time-taken label blue-grey lighten-3 text-white'></span>
												</div>
												<div class='test-desc'></div>
												<div class='test-attributes'>
												</div>
												<div class='test-steps'>
													<table class='bordered table-results'>
														<thead>
															<tr>
																<th>Status</th>
																<th>Timestamp</th>
																<th>Details</th>
															</tr>
														</thead>
														<tbody>
																<tr>
																	<td class='status pass' title='pass' alt='pass'><i class='mdi-action-check-circle'></i></td>
																	<td class='timestamp'>20:50:18</td>
																	<td class='step-details'>Relocate notes related UI elements on EIT Dashboard Successfully</td>
																</tr>
														</tbody>
													</table>
													<ul class='collapsible node-list' data-collapsible='accordion'>
													</ul>
												</div>
											</div>
										</li>
										<li class='collection-item test displayed active pass ' extentid='d45a4b98-9384-4fbb-9333-a6c3287c6680'>
											<div class='test-head'>
												<span class='test-name'>EIT Note Add </span>
												<span class='test-status label right outline capitalize pass'>pass</span>
												<span class='category-assigned hide '></span>
											</div>
											<div class='test-body'>
												<div class='test-info'>
													<span title='Test started time' alt='Test started time' class='test-started-time label green lighten-1 text-white'>2018-09-10 20:50:23</span>
													<span title='Test ended time' alt='Test ended time' class='test-ended-time label red lighten-1 text-white'>2018-09-10 20:50:23</span>
													<span title='Time taken to finish' alt='Time taken to finish' class='test-time-taken label blue-grey lighten-3 text-white'>0h 0m 0s+2ms</span>
												</div>
												<div class='test-desc'></div>
												<div class='test-attributes'>
												</div>
												<div class='test-steps'>
													<table class='bordered table-results'>
														<thead>
															<tr>
																<th>Status</th>
																<th>Timestamp</th>
																<th>Details</th>
															</tr>
														</thead>
														<tbody>
																<tr>
																	<td class='status pass' title='pass' alt='pass'><i class='mdi-action-check-circle'></i></td>
																	<td class='timestamp'>20:50:23</td>
																	<td class='step-details'>EIT Note Added Successfully</td>
																</tr>
														</tbody>
													</table>
													<ul class='collapsible node-list' data-collapsible='accordion'>
													</ul>
												</div>
											</div>
										</li>
										<li class='collection-item test displayed active pass ' extentid='cf5b3549-9b29-491a-bfd4-2bbb0d18537c'>
											<div class='test-head'>
												<span class='test-name'>EIT Note Update </span>
												<span class='test-status label right outline capitalize pass'>pass</span>
												<span class='category-assigned hide '></span>
											</div>
											<div class='test-body'>
												<div class='test-info'>
													<span title='Test started time' alt='Test started time' class='test-started-time label green lighten-1 text-white'>2018-09-10 20:50:28</span>
													<span title='Test ended time' alt='Test ended time' class='test-ended-time label red lighten-1 text-white'>2018-09-10 20:50:28</span>
													<span title='Time taken to finish' alt='Time taken to finish' class='test-time-taken label blue-grey lighten-3 text-white'>0h 0m 0s+1ms</span>
												</div>
												<div class='test-desc'></div>
												<div class='test-attributes'>
												</div>
												<div class='test-steps'>
													<table class='bordered table-results'>
														<thead>
															<tr>
																<th>Status</th>
																<th>Timestamp</th>
																<th>Details</th>
															</tr>
														</thead>
														<tbody>
																<tr>
																	<td class='status pass' title='pass' alt='pass'><i class='mdi-action-check-circle'></i></td>
																	<td class='timestamp'>20:50:28</td>
																	<td class='step-details'>EIT Note Updated Successfully</td>
																</tr>
														</tbody>
													</table>
													<ul class='collapsible node-list' data-collapsible='accordion'>
													</ul>
												</div>
											</div>
										</li>
										<li class='collection-item test displayed active pass ' extentid='e0266894-384c-4587-9cbb-63d825c3a032'>
											<div class='test-head'>
												<span class='test-name'>SizeFilter_Manageproduct_Verification </span>
												<span class='test-status label right outline capitalize pass'>pass</span>
												<span class='category-assigned hide '></span>
											</div>
											<div class='test-body'>
												<div class='test-info'>
													<span title='Test started time' alt='Test started time' class='test-started-time label green lighten-1 text-white'>2018-09-10 20:51:18</span>
													<span title='Test ended time' alt='Test ended time' class='test-ended-time label red lighten-1 text-white'></span>
													<span title='Time taken to finish' alt='Time taken to finish' class='test-time-taken label blue-grey lighten-3 text-white'></span>
												</div>
												<div class='test-desc'></div>
												<div class='test-attributes'>
												</div>
												<div class='test-steps'>
													<table class='bordered table-results'>
														<thead>
															<tr>
																<th>Status</th>
																<th>Timestamp</th>
																<th>Details</th>
															</tr>
														</thead>
														<tbody>
																<tr>
																	<td class='status pass' title='pass' alt='pass'><i class='mdi-action-check-circle'></i></td>
																	<td class='timestamp'>20:51:18</td>
																	<td class='step-details'>Size Filter Displayed Successfully on Manage Products Screen</td>
																</tr>
														</tbody>
													</table>
													<ul class='collapsible node-list' data-collapsible='accordion'>
													</ul>
												</div>
											</div>
										</li>
										<li class='collection-item test displayed active pass ' extentid='82c75402-4dca-402a-8dd7-11305fce4bad'>
											<div class='test-head'>
												<span class='test-name'>ViewNote_ProductDetails </span>
												<span class='test-status label right outline capitalize pass'>pass</span>
												<span class='category-assigned hide '></span>
											</div>
											<div class='test-body'>
												<div class='test-info'>
													<span title='Test started time' alt='Test started time' class='test-started-time label green lighten-1 text-white'>2018-09-10 20:51:38</span>
													<span title='Test ended time' alt='Test ended time' class='test-ended-time label red lighten-1 text-white'>2018-09-10 20:51:38</span>
													<span title='Time taken to finish' alt='Time taken to finish' class='test-time-taken label blue-grey lighten-3 text-white'>0h 0m 0s+1ms</span>
												</div>
												<div class='test-desc'></div>
												<div class='test-attributes'>
												</div>
												<div class='test-steps'>
													<table class='bordered table-results'>
														<thead>
															<tr>
																<th>Status</th>
																<th>Timestamp</th>
																<th>Details</th>
															</tr>
														</thead>
														<tbody>
																<tr>
																	<td class='status pass' title='pass' alt='pass'><i class='mdi-action-check-circle'></i></td>
																	<td class='timestamp'>20:51:38</td>
																	<td class='step-details'>View EIT Note on product details Successfully</td>
																</tr>
														</tbody>
													</table>
													<ul class='collapsible node-list' data-collapsible='accordion'>
													</ul>
												</div>
											</div>
										</li>
										<li class='collection-item test displayed active pass ' extentid='3773755f-d3e3-4209-b230-0856055ddaac'>
											<div class='test-head'>
												<span class='test-name'>EIT Note Delete </span>
												<span class='test-status label right outline capitalize pass'>pass</span>
												<span class='category-assigned hide '></span>
											</div>
											<div class='test-body'>
												<div class='test-info'>
													<span title='Test started time' alt='Test started time' class='test-started-time label green lighten-1 text-white'>2018-09-10 20:51:43</span>
													<span title='Test ended time' alt='Test ended time' class='test-ended-time label red lighten-1 text-white'>2018-09-10 20:51:43</span>
													<span title='Time taken to finish' alt='Time taken to finish' class='test-time-taken label blue-grey lighten-3 text-white'>0h 0m 0s+1ms</span>
												</div>
												<div class='test-desc'></div>
												<div class='test-attributes'>
												</div>
												<div class='test-steps'>
													<table class='bordered table-results'>
														<thead>
															<tr>
																<th>Status</th>
																<th>Timestamp</th>
																<th>Details</th>
															</tr>
														</thead>
														<tbody>
																<tr>
																	<td class='status pass' title='pass' alt='pass'><i class='mdi-action-check-circle'></i></td>
																	<td class='timestamp'>20:51:43</td>
																	<td class='step-details'>EIT Note Deleted Successfully</td>
																</tr>
														</tbody>
													</table>
													<ul class='collapsible node-list' data-collapsible='accordion'>
													</ul>
												</div>
											</div>
										</li>
										<li class='collection-item test displayed active pass ' extentid='568a6063-ae91-481b-8002-a591dbfcb061'>
											<div class='test-head'>
												<span class='test-name'>SKUField_BasicDetails_Displayed </span>
												<span class='test-status label right outline capitalize pass'>pass</span>
												<span class='category-assigned hide '></span>
											</div>
											<div class='test-body'>
												<div class='test-info'>
													<span title='Test started time' alt='Test started time' class='test-started-time label green lighten-1 text-white'>2018-09-10 20:52:15</span>
													<span title='Test ended time' alt='Test ended time' class='test-ended-time label red lighten-1 text-white'></span>
													<span title='Time taken to finish' alt='Time taken to finish' class='test-time-taken label blue-grey lighten-3 text-white'></span>
												</div>
												<div class='test-desc'></div>
												<div class='test-attributes'>
												</div>
												<div class='test-steps'>
													<table class='bordered table-results'>
														<thead>
															<tr>
																<th>Status</th>
																<th>Timestamp</th>
																<th>Details</th>
															</tr>
														</thead>
														<tbody>
																<tr>
																	<td class='status pass' title='pass' alt='pass'><i class='mdi-action-check-circle'></i></td>
																	<td class='timestamp'>20:52:15</td>
																	<td class='step-details'>SKU Field Displayed Sucessfully On Basic details screen,so verifaction of field displaying on basic details Passed</td>
																</tr>
														</tbody>
													</table>
													<ul class='collapsible node-list' data-collapsible='accordion'>
													</ul>
												</div>
											</div>
										</li>
										<li class='collection-item test displayed active pass ' extentid='ad167a14-7bdb-4936-8504-b47c507b824f'>
											<div class='test-head'>
												<span class='test-name'>New Product Flag checked Validation </span>
												<span class='test-status label right outline capitalize pass'>pass</span>
												<span class='category-assigned hide '></span>
											</div>
											<div class='test-body'>
												<div class='test-info'>
													<span title='Test started time' alt='Test started time' class='test-started-time label green lighten-1 text-white'>2018-09-10 20:52:15</span>
													<span title='Test ended time' alt='Test ended time' class='test-ended-time label red lighten-1 text-white'>2018-09-10 20:52:15</span>
													<span title='Time taken to finish' alt='Time taken to finish' class='test-time-taken label blue-grey lighten-3 text-white'>0h 0m 0s+2ms</span>
												</div>
												<div class='test-desc'></div>
												<div class='test-attributes'>
												</div>
												<div class='test-steps'>
													<table class='bordered table-results'>
														<thead>
															<tr>
																<th>Status</th>
																<th>Timestamp</th>
																<th>Details</th>
															</tr>
														</thead>
														<tbody>
																<tr>
																	<td class='status pass' title='pass' alt='pass'><i class='mdi-action-check-circle'></i></td>
																	<td class='timestamp'>20:52:15</td>
																	<td class='step-details'>New product flag displayed on basic detail screen and is checked</td>
																</tr>
														</tbody>
													</table>
													<ul class='collapsible node-list' data-collapsible='accordion'>
													</ul>
												</div>
											</div>
										</li>
										<li class='collection-item test displayed active fail ' extentid='992bc1e9-d4fc-4f2a-b015-fb143a3e1957'>
											<div class='test-head'>
												<span class='test-name'>ASICII_Characters_Verification </span>
												<span class='test-status label right outline capitalize fail'>fail</span>
												<span class='category-assigned hide '></span>
											</div>
											<div class='test-body'>
												<div class='test-info'>
													<span title='Test started time' alt='Test started time' class='test-started-time label green lighten-1 text-white'>2018-09-10 20:52:20</span>
													<span title='Test ended time' alt='Test ended time' class='test-ended-time label red lighten-1 text-white'></span>
													<span title='Time taken to finish' alt='Time taken to finish' class='test-time-taken label blue-grey lighten-3 text-white'></span>
												</div>
												<div class='test-desc'></div>
												<div class='test-attributes'>
												</div>
												<div class='test-steps'>
													<table class='bordered table-results'>
														<thead>
															<tr>
																<th>Status</th>
																<th>Timestamp</th>
																<th>Details</th>
															</tr>
														</thead>
														<tbody>
																<tr>
																	<td class='status fail' title='fail' alt='fail'><i class='mdi-navigation-cancel'></i></td>
																	<td class='timestamp'>20:52:20</td>
																	<td class='step-details'>ASCII Characters are validating UnSuccessfully</td>
																</tr>
														</tbody>
													</table>
													<ul class='collapsible node-list' data-collapsible='accordion'>
													</ul>
												</div>
											</div>
										</li>
										<li class='collection-item test displayed active pass ' extentid='f96b73b9-5ea5-40ae-b3fd-7ff2548f57ba'>
											<div class='test-head'>
												<span class='test-name'>ColorAttributes_AutoRename_WhiteColor </span>
												<span class='test-status label right outline capitalize pass'>pass</span>
												<span class='category-assigned hide '></span>
											</div>
											<div class='test-body'>
												<div class='test-info'>
													<span title='Test started time' alt='Test started time' class='test-started-time label green lighten-1 text-white'>2018-09-10 20:52:42</span>
													<span title='Test ended time' alt='Test ended time' class='test-ended-time label red lighten-1 text-white'></span>
													<span title='Time taken to finish' alt='Time taken to finish' class='test-time-taken label blue-grey lighten-3 text-white'></span>
												</div>
												<div class='test-desc'></div>
												<div class='test-attributes'>
												</div>
												<div class='test-steps'>
													<table class='bordered table-results'>
														<thead>
															<tr>
																<th>Status</th>
																<th>Timestamp</th>
																<th>Details</th>
															</tr>
														</thead>
														<tbody>
																<tr>
																	<td class='status pass' title='pass' alt='pass'><i class='mdi-action-check-circle'></i></td>
																	<td class='timestamp'>20:52:42</td>
																	<td class='step-details'>Attribute Hue color of White color changes to Light White from Medium Sucessfully</td>
																</tr>
														</tbody>
													</table>
													<ul class='collapsible node-list' data-collapsible='accordion'>
													</ul>
												</div>
											</div>
										</li>
										<li class='collection-item test displayed active pass ' extentid='5963879f-6b2e-4bcb-897a-d097d051a9be'>
											<div class='test-head'>
												<span class='test-name'>ColorAttributes_AutoRename_BlueColor </span>
												<span class='test-status label right outline capitalize pass'>pass</span>
												<span class='category-assigned hide '></span>
											</div>
											<div class='test-body'>
												<div class='test-info'>
													<span title='Test started time' alt='Test started time' class='test-started-time label green lighten-1 text-white'>2018-09-10 20:52:43</span>
													<span title='Test ended time' alt='Test ended time' class='test-ended-time label red lighten-1 text-white'>2018-09-10 20:52:43</span>
													<span title='Time taken to finish' alt='Time taken to finish' class='test-time-taken label blue-grey lighten-3 text-white'>0h 0m 0s+1ms</span>
												</div>
												<div class='test-desc'></div>
												<div class='test-attributes'>
												</div>
												<div class='test-steps'>
													<table class='bordered table-results'>
														<thead>
															<tr>
																<th>Status</th>
																<th>Timestamp</th>
																<th>Details</th>
															</tr>
														</thead>
														<tbody>
																<tr>
																	<td class='status pass' title='pass' alt='pass'><i class='mdi-action-check-circle'></i></td>
																	<td class='timestamp'>20:52:43</td>
																	<td class='step-details'>Attribute Hue color of blue color changes to Light Blue from Medium Sucessfully</td>
																</tr>
														</tbody>
													</table>
													<ul class='collapsible node-list' data-collapsible='accordion'>
													</ul>
												</div>
											</div>
										</li>
										<li class='collection-item test displayed active pass ' extentid='455b409a-a3b8-4538-b8a0-c01c04677571'>
											<div class='test-head'>
												<span class='test-name'>AddNewColors(Any/All Colors) </span>
												<span class='test-status label right outline capitalize pass'>pass</span>
												<span class='category-assigned hide '></span>
											</div>
											<div class='test-body'>
												<div class='test-info'>
													<span title='Test started time' alt='Test started time' class='test-started-time label green lighten-1 text-white'>2018-09-10 20:52:52</span>
													<span title='Test ended time' alt='Test ended time' class='test-ended-time label red lighten-1 text-white'></span>
													<span title='Time taken to finish' alt='Time taken to finish' class='test-time-taken label blue-grey lighten-3 text-white'></span>
												</div>
												<div class='test-desc'></div>
												<div class='test-attributes'>
												</div>
												<div class='test-steps'>
													<table class='bordered table-results'>
														<thead>
															<tr>
																<th>Status</th>
																<th>Timestamp</th>
																<th>Details</th>
															</tr>
														</thead>
														<tbody>
																<tr>
																	<td class='status pass' title='pass' alt='pass'><i class='mdi-action-check-circle'></i></td>
																	<td class='timestamp'>20:52:52</td>
																	<td class='step-details'>Any/All Color Added Sucessfully</td>
																</tr>
														</tbody>
													</table>
													<ul class='collapsible node-list' data-collapsible='accordion'>
													</ul>
												</div>
											</div>
										</li>
										<li class='collection-item test displayed active pass ' extentid='11311ea3-85bf-41e6-b0eb-739163a3b223'>
											<div class='test-head'>
												<span class='test-name'>AddNewColors(Any/All Colors) </span>
												<span class='test-status label right outline capitalize pass'>pass</span>
												<span class='category-assigned hide '></span>
											</div>
											<div class='test-body'>
												<div class='test-info'>
													<span title='Test started time' alt='Test started time' class='test-started-time label green lighten-1 text-white'>2018-09-10 20:53:01</span>
													<span title='Test ended time' alt='Test ended time' class='test-ended-time label red lighten-1 text-white'></span>
													<span title='Time taken to finish' alt='Time taken to finish' class='test-time-taken label blue-grey lighten-3 text-white'></span>
												</div>
												<div class='test-desc'></div>
												<div class='test-attributes'>
												</div>
												<div class='test-steps'>
													<table class='bordered table-results'>
														<thead>
															<tr>
																<th>Status</th>
																<th>Timestamp</th>
																<th>Details</th>
															</tr>
														</thead>
														<tbody>
																<tr>
																	<td class='status pass' title='pass' alt='pass'><i class='mdi-action-check-circle'></i></td>
																	<td class='timestamp'>20:53:01</td>
																	<td class='step-details'>Any/All Color Added Sucessfully</td>
																</tr>
														</tbody>
													</table>
													<ul class='collapsible node-list' data-collapsible='accordion'>
													</ul>
												</div>
											</div>
										</li>
										<li class='collection-item test displayed active pass ' extentid='29b189ca-790b-4af1-9db1-95a5f018fcb9'>
											<div class='test-head'>
												<span class='test-name'>AddNewColors(Standard Colors) </span>
												<span class='test-status label right outline capitalize pass'>pass</span>
												<span class='category-assigned hide '></span>
											</div>
											<div class='test-body'>
												<div class='test-info'>
													<span title='Test started time' alt='Test started time' class='test-started-time label green lighten-1 text-white'>2018-09-10 20:53:09</span>
													<span title='Test ended time' alt='Test ended time' class='test-ended-time label red lighten-1 text-white'></span>
													<span title='Time taken to finish' alt='Time taken to finish' class='test-time-taken label blue-grey lighten-3 text-white'></span>
												</div>
												<div class='test-desc'></div>
												<div class='test-attributes'>
												</div>
												<div class='test-steps'>
													<table class='bordered table-results'>
														<thead>
															<tr>
																<th>Status</th>
																<th>Timestamp</th>
																<th>Details</th>
															</tr>
														</thead>
														<tbody>
																<tr>
																	<td class='status pass' title='pass' alt='pass'><i class='mdi-action-check-circle'></i></td>
																	<td class='timestamp'>20:53:09</td>
																	<td class='step-details'>Standard Color Added Sucessfully</td>
																</tr>
														</tbody>
													</table>
													<ul class='collapsible node-list' data-collapsible='accordion'>
													</ul>
												</div>
											</div>
										</li>
										<li class='collection-item test displayed active pass ' extentid='04db7132-73e8-4ce9-a00c-b8140a2742b9'>
											<div class='test-head'>
												<span class='test-name'>AddNewColors(Other Colors) </span>
												<span class='test-status label right outline capitalize pass'>pass</span>
												<span class='category-assigned hide '></span>
											</div>
											<div class='test-body'>
												<div class='test-info'>
													<span title='Test started time' alt='Test started time' class='test-started-time label green lighten-1 text-white'>2018-09-10 20:53:18</span>
													<span title='Test ended time' alt='Test ended time' class='test-ended-time label red lighten-1 text-white'>2018-09-10 20:53:18</span>
													<span title='Time taken to finish' alt='Time taken to finish' class='test-time-taken label blue-grey lighten-3 text-white'>0h 0m 0s+2ms</span>
												</div>
												<div class='test-desc'></div>
												<div class='test-attributes'>
												</div>
												<div class='test-steps'>
													<table class='bordered table-results'>
														<thead>
															<tr>
																<th>Status</th>
																<th>Timestamp</th>
																<th>Details</th>
															</tr>
														</thead>
														<tbody>
																<tr>
																	<td class='status pass' title='pass' alt='pass'><i class='mdi-action-check-circle'></i></td>
																	<td class='timestamp'>20:53:18</td>
																	<td class='step-details'>Other Color Added Sucessfully</td>
																</tr>
														</tbody>
													</table>
													<ul class='collapsible node-list' data-collapsible='accordion'>
													</ul>
												</div>
											</div>
										</li>
										<li class='collection-item test displayed active pass ' extentid='55357376-a8e8-404f-8605-c510cef84df1'>
											<div class='test-head'>
												<span class='test-name'>NewProductsAddedByEIT_Unconfirmed </span>
												<span class='test-status label right outline capitalize pass'>pass</span>
												<span class='category-assigned hide '></span>
											</div>
											<div class='test-body'>
												<div class='test-info'>
													<span title='Test started time' alt='Test started time' class='test-started-time label green lighten-1 text-white'>2018-09-10 20:53:29</span>
													<span title='Test ended time' alt='Test ended time' class='test-ended-time label red lighten-1 text-white'>2018-09-10 20:53:29</span>
													<span title='Time taken to finish' alt='Time taken to finish' class='test-time-taken label blue-grey lighten-3 text-white'>0h 0m 0s+2ms</span>
												</div>
												<div class='test-desc'></div>
												<div class='test-attributes'>
												</div>
												<div class='test-steps'>
													<table class='bordered table-results'>
														<thead>
															<tr>
																<th>Status</th>
																<th>Timestamp</th>
																<th>Details</th>
															</tr>
														</thead>
														<tbody>
																<tr>
																	<td class='status pass' title='pass' alt='pass'><i class='mdi-action-check-circle'></i></td>
																	<td class='timestamp'>20:53:29</td>
																	<td class='step-details'>New Product Pricing Confirmed check box on pricing screen is unchecked,So Case Passed Sucessfully</td>
																</tr>
														</tbody>
													</table>
													<ul class='collapsible node-list' data-collapsible='accordion'>
													</ul>
												</div>
											</div>
										</li>
										<li class='collection-item test displayed active pass ' extentid='28a77e57-f3a3-43b0-b626-d44d7b45f2aa'>
											<div class='test-head'>
												<span class='test-name'>Availability UnselectAll </span>
												<span class='test-status label right outline capitalize pass'>pass</span>
												<span class='category-assigned hide '></span>
											</div>
											<div class='test-body'>
												<div class='test-info'>
													<span title='Test started time' alt='Test started time' class='test-started-time label green lighten-1 text-white'>2018-09-10 20:54:19</span>
													<span title='Test ended time' alt='Test ended time' class='test-ended-time label red lighten-1 text-white'></span>
													<span title='Time taken to finish' alt='Time taken to finish' class='test-time-taken label blue-grey lighten-3 text-white'></span>
												</div>
												<div class='test-desc'></div>
												<div class='test-attributes'>
												</div>
												<div class='test-steps'>
													<table class='bordered table-results'>
														<thead>
															<tr>
																<th>Status</th>
																<th>Timestamp</th>
																<th>Details</th>
															</tr>
														</thead>
														<tbody>
																<tr>
																	<td class='status pass' title='pass' alt='pass'><i class='mdi-action-check-circle'></i></td>
																	<td class='timestamp'>20:54:19</td>
																	<td class='step-details'>Unselect All Availability takes place sucessfully</td>
																</tr>
														</tbody>
													</table>
													<ul class='collapsible node-list' data-collapsible='accordion'>
													</ul>
												</div>
											</div>
										</li>
										<li class='collection-item test displayed active pass ' extentid='d9c33635-db37-481d-af96-114efa5b90ce'>
											<div class='test-head'>
												<span class='test-name'>Availability selectAll </span>
												<span class='test-status label right outline capitalize pass'>pass</span>
												<span class='category-assigned hide '></span>
											</div>
											<div class='test-body'>
												<div class='test-info'>
													<span title='Test started time' alt='Test started time' class='test-started-time label green lighten-1 text-white'>2018-09-10 20:54:21</span>
													<span title='Test ended time' alt='Test ended time' class='test-ended-time label red lighten-1 text-white'></span>
													<span title='Time taken to finish' alt='Time taken to finish' class='test-time-taken label blue-grey lighten-3 text-white'></span>
												</div>
												<div class='test-desc'></div>
												<div class='test-attributes'>
												</div>
												<div class='test-steps'>
													<table class='bordered table-results'>
														<thead>
															<tr>
																<th>Status</th>
																<th>Timestamp</th>
																<th>Details</th>
															</tr>
														</thead>
														<tbody>
																<tr>
																	<td class='status pass' title='pass' alt='pass'><i class='mdi-action-check-circle'></i></td>
																	<td class='timestamp'>20:54:21</td>
																	<td class='step-details'>select All Availability takes place sucessfully</td>
																</tr>
														</tbody>
													</table>
													<ul class='collapsible node-list' data-collapsible='accordion'>
													</ul>
												</div>
											</div>
										</li>
										<li class='collection-item test displayed active pass ' extentid='03d9e48c-411e-4dd1-a375-dfb09ea1b497'>
											<div class='test-head'>
												<span class='test-name'>Basic Details SKU Field Enabled Verification </span>
												<span class='test-status label right outline capitalize pass'>pass</span>
												<span class='category-assigned hide '></span>
											</div>
											<div class='test-body'>
												<div class='test-info'>
													<span title='Test started time' alt='Test started time' class='test-started-time label green lighten-1 text-white'>2018-09-10 20:54:23</span>
													<span title='Test ended time' alt='Test ended time' class='test-ended-time label red lighten-1 text-white'></span>
													<span title='Time taken to finish' alt='Time taken to finish' class='test-time-taken label blue-grey lighten-3 text-white'></span>
												</div>
												<div class='test-desc'></div>
												<div class='test-attributes'>
												</div>
												<div class='test-steps'>
													<table class='bordered table-results'>
														<thead>
															<tr>
																<th>Status</th>
																<th>Timestamp</th>
																<th>Details</th>
															</tr>
														</thead>
														<tbody>
																<tr>
																	<td class='status pass' title='pass' alt='pass'><i class='mdi-action-check-circle'></i></td>
																	<td class='timestamp'>20:54:23</td>
																	<td class='step-details'>On Basic details screen SKU field is enabled</td>
																</tr>
														</tbody>
													</table>
													<ul class='collapsible node-list' data-collapsible='accordion'>
													</ul>
												</div>
											</div>
										</li>
										<li class='collection-item test displayed active pass ' extentid='b5863ac5-14bb-44d3-a188-b931c563d98e'>
											<div class='test-head'>
												<span class='test-name'>Basic Details Inventory Status Field Enabled Verification </span>
												<span class='test-status label right outline capitalize pass'>pass</span>
												<span class='category-assigned hide '></span>
											</div>
											<div class='test-body'>
												<div class='test-info'>
													<span title='Test started time' alt='Test started time' class='test-started-time label green lighten-1 text-white'>2018-09-10 20:54:23</span>
													<span title='Test ended time' alt='Test ended time' class='test-ended-time label red lighten-1 text-white'>2018-09-10 20:54:48</span>
													<span title='Time taken to finish' alt='Time taken to finish' class='test-time-taken label blue-grey lighten-3 text-white'>0h 0m 24s+765ms</span>
												</div>
												<div class='test-desc'></div>
												<div class='test-attributes'>
												</div>
												<div class='test-steps'>
													<table class='bordered table-results'>
														<thead>
															<tr>
																<th>Status</th>
																<th>Timestamp</th>
																<th>Details</th>
															</tr>
														</thead>
														<tbody>
																<tr>
																	<td class='status pass' title='pass' alt='pass'><i class='mdi-action-check-circle'></i></td>
																	<td class='timestamp'>20:54:23</td>
																	<td class='step-details'>On Basic details screen Inventory Status field is enabled</td>
																</tr>
														</tbody>
													</table>
													<ul class='collapsible node-list' data-collapsible='accordion'>
													</ul>
												</div>
											</div>
										</li>
										<li class='collection-item test displayed active pass ' extentid='2f58d732-8a54-4890-9e71-fc2d7d5a3aad'>
											<div class='test-head'>
												<span class='test-name'>Product_InLegalReview </span>
												<span class='test-status label right outline capitalize pass'>pass</span>
												<span class='category-assigned hide '></span>
											</div>
											<div class='test-body'>
												<div class='test-info'>
													<span title='Test started time' alt='Test started time' class='test-started-time label green lighten-1 text-white'>2018-09-10 20:55:15</span>
													<span title='Test ended time' alt='Test ended time' class='test-ended-time label red lighten-1 text-white'>2018-09-10 20:55:15</span>
													<span title='Time taken to finish' alt='Time taken to finish' class='test-time-taken label blue-grey lighten-3 text-white'>0h 0m 0s+1ms</span>
												</div>
												<div class='test-desc'></div>
												<div class='test-attributes'>
												</div>
												<div class='test-steps'>
													<table class='bordered table-results'>
														<thead>
															<tr>
																<th>Status</th>
																<th>Timestamp</th>
																<th>Details</th>
															</tr>
														</thead>
														<tbody>
																<tr>
																	<td class='status pass' title='pass' alt='pass'><i class='mdi-action-check-circle'></i></td>
																	<td class='timestamp'>20:55:15</td>
																	<td class='step-details'>Product becomes inactive sucessfully and changes to legal review</td>
																</tr>
														</tbody>
													</table>
													<ul class='collapsible node-list' data-collapsible='accordion'>
													</ul>
												</div>
											</div>
										</li>
										<li class='collection-item test displayed active fail ' extentid='04657558-0373-4a28-ab0a-a2b577bf2092'>
											<div class='test-head'>
												<span class='test-name'>SupplierInReview_LegalReviewProduct_Download </span>
												<span class='test-status label right outline capitalize fail'>fail</span>
												<span class='category-assigned hide '></span>
											</div>
											<div class='test-body'>
												<div class='test-info'>
													<span title='Test started time' alt='Test started time' class='test-started-time label green lighten-1 text-white'>2018-09-10 20:55:32</span>
													<span title='Test ended time' alt='Test ended time' class='test-ended-time label red lighten-1 text-white'>2018-09-10 20:55:32</span>
													<span title='Time taken to finish' alt='Time taken to finish' class='test-time-taken label blue-grey lighten-3 text-white'>0h 0m 0s+2ms</span>
												</div>
												<div class='test-desc'></div>
												<div class='test-attributes'>
												</div>
												<div class='test-steps'>
													<table class='bordered table-results'>
														<thead>
															<tr>
																<th>Status</th>
																<th>Timestamp</th>
																<th>Details</th>
															</tr>
														</thead>
														<tbody>
																<tr>
																	<td class='status fail' title='fail' alt='fail'><i class='mdi-navigation-cancel'></i></td>
																	<td class='timestamp'>20:55:32</td>
																	<td class='step-details'>Supplier Product with legal review downloaded unsucessfully</td>
																</tr>
														</tbody>
													</table>
													<ul class='collapsible node-list' data-collapsible='accordion'>
													</ul>
												</div>
											</div>
										</li>
										<li class='collection-item test displayed active pass ' extentid='7d9bced5-9510-4557-98f3-a52809e94f37'>
											<div class='test-head'>
												<span class='test-name'>Product_WithRestrictedWords </span>
												<span class='test-status label right outline capitalize pass'>pass</span>
												<span class='category-assigned hide '></span>
											</div>
											<div class='test-body'>
												<div class='test-info'>
													<span title='Test started time' alt='Test started time' class='test-started-time label green lighten-1 text-white'>2018-09-10 20:57:24</span>
													<span title='Test ended time' alt='Test ended time' class='test-ended-time label red lighten-1 text-white'>2018-09-10 20:57:24</span>
													<span title='Time taken to finish' alt='Time taken to finish' class='test-time-taken label blue-grey lighten-3 text-white'>0h 0m 0s+4ms</span>
												</div>
												<div class='test-desc'></div>
												<div class='test-attributes'>
												</div>
												<div class='test-steps'>
													<table class='bordered table-results'>
														<thead>
															<tr>
																<th>Status</th>
																<th>Timestamp</th>
																<th>Details</th>
															</tr>
														</thead>
														<tbody>
																<tr>
																	<td class='status pass' title='pass' alt='pass'><i class='mdi-action-check-circle'></i></td>
																	<td class='timestamp'>20:57:24</td>
																	<td class='step-details'>Product becomes inactive sucessfully and changes to restricted words review</td>
																</tr>
														</tbody>
													</table>
													<ul class='collapsible node-list' data-collapsible='accordion'>
													</ul>
												</div>
											</div>
										</li>
										<li class='collection-item test displayed active pass ' extentid='8c580858-3442-4f0a-bd22-643cf8dcb23a'>
											<div class='test-head'>
												<span class='test-name'>SupplierInReview_RestrictedWordsReviewProduct_Download </span>
												<span class='test-status label right outline capitalize pass'>pass</span>
												<span class='category-assigned hide '></span>
											</div>
											<div class='test-body'>
												<div class='test-info'>
													<span title='Test started time' alt='Test started time' class='test-started-time label green lighten-1 text-white'>2018-09-10 20:57:41</span>
													<span title='Test ended time' alt='Test ended time' class='test-ended-time label red lighten-1 text-white'>2018-09-10 20:57:41</span>
													<span title='Time taken to finish' alt='Time taken to finish' class='test-time-taken label blue-grey lighten-3 text-white'>0h 0m 0s+3ms</span>
												</div>
												<div class='test-desc'></div>
												<div class='test-attributes'>
												</div>
												<div class='test-steps'>
													<table class='bordered table-results'>
														<thead>
															<tr>
																<th>Status</th>
																<th>Timestamp</th>
																<th>Details</th>
															</tr>
														</thead>
														<tbody>
																<tr>
																	<td class='status pass' title='pass' alt='pass'><i class='mdi-action-check-circle'></i></td>
																	<td class='timestamp'>20:57:41</td>
																	<td class='step-details'>Supplier Product with Restricted Words Review downloaded sucessfully</td>
																</tr>
														</tbody>
													</table>
													<ul class='collapsible node-list' data-collapsible='accordion'>
													</ul>
												</div>
											</div>
										</li>
										<li class='collection-item test displayed active pass ' extentid='6741c37b-2ad7-425e-beed-40874523409d'>
											<div class='test-head'>
												<span class='test-name'>Add RestrictedWords </span>
												<span class='test-status label right outline capitalize pass'>pass</span>
												<span class='category-assigned hide '></span>
											</div>
											<div class='test-body'>
												<div class='test-info'>
													<span title='Test started time' alt='Test started time' class='test-started-time label green lighten-1 text-white'>2018-09-10 20:57:57</span>
													<span title='Test ended time' alt='Test ended time' class='test-ended-time label red lighten-1 text-white'></span>
													<span title='Time taken to finish' alt='Time taken to finish' class='test-time-taken label blue-grey lighten-3 text-white'></span>
												</div>
												<div class='test-desc'></div>
												<div class='test-attributes'>
												</div>
												<div class='test-steps'>
													<table class='bordered table-results'>
														<thead>
															<tr>
																<th>Status</th>
																<th>Timestamp</th>
																<th>Details</th>
															</tr>
														</thead>
														<tbody>
																<tr>
																	<td class='status pass' title='pass' alt='pass'><i class='mdi-action-check-circle'></i></td>
																	<td class='timestamp'>20:57:57</td>
																	<td class='step-details'>RestrictedWords Added Successfully</td>
																</tr>
														</tbody>
													</table>
													<ul class='collapsible node-list' data-collapsible='accordion'>
													</ul>
												</div>
											</div>
										</li>
										<li class='collection-item test displayed active pass ' extentid='6c8b1859-6739-471f-959e-82241b3212f4'>
											<div class='test-head'>
												<span class='test-name'>Search RestrictedWords </span>
												<span class='test-status label right outline capitalize pass'>pass</span>
												<span class='category-assigned hide '></span>
											</div>
											<div class='test-body'>
												<div class='test-info'>
													<span title='Test started time' alt='Test started time' class='test-started-time label green lighten-1 text-white'>2018-09-10 20:58:04</span>
													<span title='Test ended time' alt='Test ended time' class='test-ended-time label red lighten-1 text-white'></span>
													<span title='Time taken to finish' alt='Time taken to finish' class='test-time-taken label blue-grey lighten-3 text-white'></span>
												</div>
												<div class='test-desc'></div>
												<div class='test-attributes'>
												</div>
												<div class='test-steps'>
													<table class='bordered table-results'>
														<thead>
															<tr>
																<th>Status</th>
																<th>Timestamp</th>
																<th>Details</th>
															</tr>
														</thead>
														<tbody>
																<tr>
																	<td class='status pass' title='pass' alt='pass'><i class='mdi-action-check-circle'></i></td>
																	<td class='timestamp'>20:58:04</td>
																	<td class='step-details'>RestrictedWords Searched Successfully</td>
																</tr>
														</tbody>
													</table>
													<ul class='collapsible node-list' data-collapsible='accordion'>
													</ul>
												</div>
											</div>
										</li>
										<li class='collection-item test displayed active pass ' extentid='ac8ddcbd-678d-426f-a2af-5951d1bbd58d'>
											<div class='test-head'>
												<span class='test-name'>Edit Restricted Words </span>
												<span class='test-status label right outline capitalize pass'>pass</span>
												<span class='category-assigned hide '></span>
											</div>
											<div class='test-body'>
												<div class='test-info'>
													<span title='Test started time' alt='Test started time' class='test-started-time label green lighten-1 text-white'>2018-09-10 20:58:14</span>
													<span title='Test ended time' alt='Test ended time' class='test-ended-time label red lighten-1 text-white'></span>
													<span title='Time taken to finish' alt='Time taken to finish' class='test-time-taken label blue-grey lighten-3 text-white'></span>
												</div>
												<div class='test-desc'></div>
												<div class='test-attributes'>
												</div>
												<div class='test-steps'>
													<table class='bordered table-results'>
														<thead>
															<tr>
																<th>Status</th>
																<th>Timestamp</th>
																<th>Details</th>
															</tr>
														</thead>
														<tbody>
																<tr>
																	<td class='status pass' title='pass' alt='pass'><i class='mdi-action-check-circle'></i></td>
																	<td class='timestamp'>20:58:14</td>
																	<td class='step-details'>Restricted Words Updated Successfully</td>
																</tr>
														</tbody>
													</table>
													<ul class='collapsible node-list' data-collapsible='accordion'>
													</ul>
												</div>
											</div>
										</li>
										<li class='collection-item test displayed active pass ' extentid='19736560-2f82-446b-addb-6bd33fb61810'>
											<div class='test-head'>
												<span class='test-name'>Delete RestrictedWords </span>
												<span class='test-status label right outline capitalize pass'>pass</span>
												<span class='category-assigned hide '></span>
											</div>
											<div class='test-body'>
												<div class='test-info'>
													<span title='Test started time' alt='Test started time' class='test-started-time label green lighten-1 text-white'>2018-09-10 20:58:19</span>
													<span title='Test ended time' alt='Test ended time' class='test-ended-time label red lighten-1 text-white'>2018-09-10 20:58:19</span>
													<span title='Time taken to finish' alt='Time taken to finish' class='test-time-taken label blue-grey lighten-3 text-white'>0h 0m 0s+1ms</span>
												</div>
												<div class='test-desc'></div>
												<div class='test-attributes'>
												</div>
												<div class='test-steps'>
													<table class='bordered table-results'>
														<thead>
															<tr>
																<th>Status</th>
																<th>Timestamp</th>
																<th>Details</th>
															</tr>
														</thead>
														<tbody>
																<tr>
																	<td class='status pass' title='pass' alt='pass'><i class='mdi-action-check-circle'></i></td>
																	<td class='timestamp'>20:58:19</td>
																	<td class='step-details'>RestrictedWords Deleted Successfully</td>
																</tr>
														</tbody>
													</table>
													<ul class='collapsible node-list' data-collapsible='accordion'>
													</ul>
												</div>
											</div>
										</li>
										<li class='collection-item test displayed active pass ' extentid='df7b893b-88e8-4d4a-b866-7a53d268725c'>
											<div class='test-head'>
												<span class='test-name'>Validation Listings </span>
												<span class='test-status label right outline capitalize pass'>pass</span>
												<span class='category-assigned hide '></span>
											</div>
											<div class='test-body'>
												<div class='test-info'>
													<span title='Test started time' alt='Test started time' class='test-started-time label green lighten-1 text-white'>2018-09-10 20:58:27</span>
													<span title='Test ended time' alt='Test ended time' class='test-ended-time label red lighten-1 text-white'>2018-09-10 20:59:27</span>
													<span title='Time taken to finish' alt='Time taken to finish' class='test-time-taken label blue-grey lighten-3 text-white'>0h 1m 0s+320ms</span>
												</div>
												<div class='test-desc'></div>
												<div class='test-attributes'>
												</div>
												<div class='test-steps'>
													<table class='bordered table-results'>
														<thead>
															<tr>
																<th>Status</th>
																<th>Timestamp</th>
																<th>Details</th>
															</tr>
														</thead>
														<tbody>
																<tr>
																	<td class='status pass' title='pass' alt='pass'><i class='mdi-action-check-circle'></i></td>
																	<td class='timestamp'>20:58:27</td>
																	<td class='step-details'>Enable/Disable Validation Listings displayed sucessfully on EIT dashboard</td>
																</tr>
														</tbody>
													</table>
													<ul class='collapsible node-list' data-collapsible='accordion'>
													</ul>
												</div>
											</div>
										</li>
										<li class='collection-item test displayed active pass ' extentid='098223dd-41eb-445b-90cd-4b7f830f3191'>
											<div class='test-head'>
												<span class='test-name'>Frequency Status changes to Quarterly on Scorecard </span>
												<span class='test-status label right outline capitalize pass'>pass</span>
												<span class='category-assigned hide '></span>
											</div>
											<div class='test-body'>
												<div class='test-info'>
													<span title='Test started time' alt='Test started time' class='test-started-time label green lighten-1 text-white'>2018-09-10 20:59:35</span>
													<span title='Test ended time' alt='Test ended time' class='test-ended-time label red lighten-1 text-white'></span>
													<span title='Time taken to finish' alt='Time taken to finish' class='test-time-taken label blue-grey lighten-3 text-white'></span>
												</div>
												<div class='test-desc'></div>
												<div class='test-attributes'>
												</div>
												<div class='test-steps'>
													<table class='bordered table-results'>
														<thead>
															<tr>
																<th>Status</th>
																<th>Timestamp</th>
																<th>Details</th>
															</tr>
														</thead>
														<tbody>
																<tr>
																	<td class='status pass' title='pass' alt='pass'><i class='mdi-action-check-circle'></i></td>
																	<td class='timestamp'>20:59:35</td>
																	<td class='step-details'>Frequency Status changes to Quarterly Sucessfully on Scorecard</td>
																</tr>
														</tbody>
													</table>
													<ul class='collapsible node-list' data-collapsible='accordion'>
													</ul>
												</div>
											</div>
										</li>
										<li class='collection-item test displayed active pass ' extentid='8bc55a93-6629-43e2-a99a-d60a9872ef3c'>
											<div class='test-head'>
												<span class='test-name'>Frequency Status changes to Monthly on Scorecard </span>
												<span class='test-status label right outline capitalize pass'>pass</span>
												<span class='category-assigned hide '></span>
											</div>
											<div class='test-body'>
												<div class='test-info'>
													<span title='Test started time' alt='Test started time' class='test-started-time label green lighten-1 text-white'>2018-09-10 20:59:40</span>
													<span title='Test ended time' alt='Test ended time' class='test-ended-time label red lighten-1 text-white'></span>
													<span title='Time taken to finish' alt='Time taken to finish' class='test-time-taken label blue-grey lighten-3 text-white'></span>
												</div>
												<div class='test-desc'></div>
												<div class='test-attributes'>
												</div>
												<div class='test-steps'>
													<table class='bordered table-results'>
														<thead>
															<tr>
																<th>Status</th>
																<th>Timestamp</th>
																<th>Details</th>
															</tr>
														</thead>
														<tbody>
																<tr>
																	<td class='status pass' title='pass' alt='pass'><i class='mdi-action-check-circle'></i></td>
																	<td class='timestamp'>20:59:40</td>
																	<td class='step-details'>Frequency Status changes to Monthly Sucessfully on Scorecard</td>
																</tr>
														</tbody>
													</table>
													<ul class='collapsible node-list' data-collapsible='accordion'>
													</ul>
												</div>
											</div>
										</li>
										<li class='collection-item test displayed active pass ' extentid='2fb38063-d0d3-4ac3-8925-a28d6d92daff'>
											<div class='test-head'>
												<span class='test-name'>Frequency Status changes to Biannually on Scorecard </span>
												<span class='test-status label right outline capitalize pass'>pass</span>
												<span class='category-assigned hide '></span>
											</div>
											<div class='test-body'>
												<div class='test-info'>
													<span title='Test started time' alt='Test started time' class='test-started-time label green lighten-1 text-white'>2018-09-10 20:59:45</span>
													<span title='Test ended time' alt='Test ended time' class='test-ended-time label red lighten-1 text-white'></span>
													<span title='Time taken to finish' alt='Time taken to finish' class='test-time-taken label blue-grey lighten-3 text-white'></span>
												</div>
												<div class='test-desc'></div>
												<div class='test-attributes'>
												</div>
												<div class='test-steps'>
													<table class='bordered table-results'>
														<thead>
															<tr>
																<th>Status</th>
																<th>Timestamp</th>
																<th>Details</th>
															</tr>
														</thead>
														<tbody>
																<tr>
																	<td class='status pass' title='pass' alt='pass'><i class='mdi-action-check-circle'></i></td>
																	<td class='timestamp'>20:59:45</td>
																	<td class='step-details'>Frequency Status changes to Biannually Sucessfully on Scorecard</td>
																</tr>
														</tbody>
													</table>
													<ul class='collapsible node-list' data-collapsible='accordion'>
													</ul>
												</div>
											</div>
										</li>
										<li class='collection-item test displayed active pass ' extentid='25cda003-40cd-47ea-be3c-234168687843'>
											<div class='test-head'>
												<span class='test-name'>Frequency Status changes to Never on Scorecard </span>
												<span class='test-status label right outline capitalize pass'>pass</span>
												<span class='category-assigned hide '></span>
											</div>
											<div class='test-body'>
												<div class='test-info'>
													<span title='Test started time' alt='Test started time' class='test-started-time label green lighten-1 text-white'>2018-09-10 20:59:49</span>
													<span title='Test ended time' alt='Test ended time' class='test-ended-time label red lighten-1 text-white'>2018-09-10 20:59:49</span>
													<span title='Time taken to finish' alt='Time taken to finish' class='test-time-taken label blue-grey lighten-3 text-white'>0h 0m 0s+2ms</span>
												</div>
												<div class='test-desc'></div>
												<div class='test-attributes'>
												</div>
												<div class='test-steps'>
													<table class='bordered table-results'>
														<thead>
															<tr>
																<th>Status</th>
																<th>Timestamp</th>
																<th>Details</th>
															</tr>
														</thead>
														<tbody>
																<tr>
																	<td class='status pass' title='pass' alt='pass'><i class='mdi-action-check-circle'></i></td>
																	<td class='timestamp'>20:59:49</td>
																	<td class='step-details'>Frequency Status changes to Never Sucessfully on Scorecard</td>
																</tr>
														</tbody>
													</table>
													<ul class='collapsible node-list' data-collapsible='accordion'>
													</ul>
												</div>
											</div>
										</li>
										<li class='collection-item test displayed active pass ' extentid='44ac48b0-05bd-4a80-9e0b-feb9a0f180d4'>
											<div class='test-head'>
												<span class='test-name'>Frequency Status changes taking effect when changes form EIT Admin to Biannually on Scorecard </span>
												<span class='test-status label right outline capitalize pass'>pass</span>
												<span class='category-assigned hide '></span>
											</div>
											<div class='test-body'>
												<div class='test-info'>
													<span title='Test started time' alt='Test started time' class='test-started-time label green lighten-1 text-white'>2018-09-10 21:00:33</span>
													<span title='Test ended time' alt='Test ended time' class='test-ended-time label red lighten-1 text-white'>2018-09-10 21:00:33</span>
													<span title='Time taken to finish' alt='Time taken to finish' class='test-time-taken label blue-grey lighten-3 text-white'>0h 0m 0s+1ms</span>
												</div>
												<div class='test-desc'></div>
												<div class='test-attributes'>
												</div>
												<div class='test-steps'>
													<table class='bordered table-results'>
														<thead>
															<tr>
																<th>Status</th>
																<th>Timestamp</th>
																<th>Details</th>
															</tr>
														</thead>
														<tbody>
																<tr>
																	<td class='status pass' title='pass' alt='pass'><i class='mdi-action-check-circle'></i></td>
																	<td class='timestamp'>21:00:33</td>
																	<td class='step-details'>Frequency Status changes taking effect when changes form EIT Admin to Biannually on Scorecard</td>
																</tr>
														</tbody>
													</table>
													<ul class='collapsible node-list' data-collapsible='accordion'>
													</ul>
												</div>
											</div>
										</li>
										<li class='collection-item test displayed active pass ' extentid='f0e0081d-2854-4859-aab6-bac30c4d74f3'>
											<div class='test-head'>
												<span class='test-name'>Search Heading On ScoreCard </span>
												<span class='test-status label right outline capitalize pass'>pass</span>
												<span class='category-assigned hide '></span>
											</div>
											<div class='test-body'>
												<div class='test-info'>
													<span title='Test started time' alt='Test started time' class='test-started-time label green lighten-1 text-white'>2018-09-10 21:00:38</span>
													<span title='Test ended time' alt='Test ended time' class='test-ended-time label red lighten-1 text-white'></span>
													<span title='Time taken to finish' alt='Time taken to finish' class='test-time-taken label blue-grey lighten-3 text-white'></span>
												</div>
												<div class='test-desc'></div>
												<div class='test-attributes'>
												</div>
												<div class='test-steps'>
													<table class='bordered table-results'>
														<thead>
															<tr>
																<th>Status</th>
																<th>Timestamp</th>
																<th>Details</th>
															</tr>
														</thead>
														<tbody>
																<tr>
																	<td class='status pass' title='pass' alt='pass'><i class='mdi-action-check-circle'></i></td>
																	<td class='timestamp'>21:00:38</td>
																	<td class='step-details'>Search Heading On ScoreCard Sucessfully</td>
																</tr>
														</tbody>
													</table>
													<ul class='collapsible node-list' data-collapsible='accordion'>
													</ul>
												</div>
											</div>
										</li>
										<li class='collection-item test displayed active pass ' extentid='a202a87e-a3fb-44d2-a4c4-c4b9b97eab6b'>
											<div class='test-head'>
												<span class='test-name'>Text changes on Scorecard </span>
												<span class='test-status label right outline capitalize pass'>pass</span>
												<span class='category-assigned hide '></span>
											</div>
											<div class='test-body'>
												<div class='test-info'>
													<span title='Test started time' alt='Test started time' class='test-started-time label green lighten-1 text-white'>2018-09-10 21:00:38</span>
													<span title='Test ended time' alt='Test ended time' class='test-ended-time label red lighten-1 text-white'></span>
													<span title='Time taken to finish' alt='Time taken to finish' class='test-time-taken label blue-grey lighten-3 text-white'></span>
												</div>
												<div class='test-desc'></div>
												<div class='test-attributes'>
												</div>
												<div class='test-steps'>
													<table class='bordered table-results'>
														<thead>
															<tr>
																<th>Status</th>
																<th>Timestamp</th>
																<th>Details</th>
															</tr>
														</thead>
														<tbody>
																<tr>
																	<td class='status pass' title='pass' alt='pass'><i class='mdi-action-check-circle'></i></td>
																	<td class='timestamp'>21:00:38</td>
																	<td class='step-details'>Product contains (s) in viw like product(s) Sucessfully</td>
																</tr>
														</tbody>
													</table>
													<ul class='collapsible node-list' data-collapsible='accordion'>
													</ul>
												</div>
											</div>
										</li>
										<li class='collection-item test displayed active fail ' extentid='463a47ce-636a-4949-900a-88f6f92376a6'>
											<div class='test-head'>
												<span class='test-name'>Scorecard Summary Displayed While Scrolling </span>
												<span class='test-status label right outline capitalize fail'>fail</span>
												<span class='category-assigned hide '></span>
											</div>
											<div class='test-body'>
												<div class='test-info'>
													<span title='Test started time' alt='Test started time' class='test-started-time label green lighten-1 text-white'>2018-09-10 21:00:38</span>
													<span title='Test ended time' alt='Test ended time' class='test-ended-time label red lighten-1 text-white'>2018-09-10 21:00:38</span>
													<span title='Time taken to finish' alt='Time taken to finish' class='test-time-taken label blue-grey lighten-3 text-white'>0h 0m 0s+1ms</span>
												</div>
												<div class='test-desc'></div>
												<div class='test-attributes'>
												</div>
												<div class='test-steps'>
													<table class='bordered table-results'>
														<thead>
															<tr>
																<th>Status</th>
																<th>Timestamp</th>
																<th>Details</th>
															</tr>
														</thead>
														<tbody>
																<tr>
																	<td class='status pass' title='pass' alt='pass'><i class='mdi-action-check-circle'></i></td>
																	<td class='timestamp'>21:00:38</td>
																	<td class='step-details'>Scorecard Summary displayed sucessfully after scrolling Sucessfully</td>
																</tr>
																<tr>
																	<td class='status fail' title='fail' alt='fail'><i class='mdi-navigation-cancel'></i></td>
																	<td class='timestamp'>21:01:11</td>
																	<td class='step-details'><pre>org.openqa.selenium.NoAlertPresentException: no alert open
  (Session info: chrome with embedded Chromium 68.0.3440.106)
  (Driver info: OperaDriver=2.37 (e258a0b2caf82204936ecc5f7cfc98d44f76feb9),platform=Windows NT 6.1.7601 SP1 x86_64) (WARNING: The server did not provide any stacktrace information)
Command duration or timeout: 0 milliseconds
Build info: version: '3.13.0', revision: '2f0d292', time: '2018-06-25T15:32:14.902Z'
System info: host: 'MACPK-WKS-0076', ip: '172.25.174.222', os.name: 'Windows 7', os.arch: 'amd64', os.version: '6.1', java.version: '1.8.0_181'
Driver info: org.openqa.selenium.opera.OperaDriver
Capabilities {acceptInsecureCerts: false, acceptSslCerts: false, applicationCacheEnabled: false, browserConnectionEnabled: false, browserName: chrome, chrome: {chromedriverVersion: 2.37 (e258a0b2caf82204936ec..., userDataDir: C:\Users\BILAL~1.MUB\AppDat...}, cssSelectorsEnabled: true, databaseEnabled: false, handlesAlerts: true, hasTouchScreen: false, javascriptEnabled: true, locationContextEnabled: true, mobileEmulationEnabled: false, nativeEvents: true, networkConnectionEnabled: false, pageLoadStrategy: normal, platform: XP, platformName: XP, rotatable: false, setWindowRect: true, takesHeapSnapshot: true, takesScreenshot: true, unexpectedAlertBehaviour: , unhandledPromptBehavior: , version: 68.0.3440.106, webStorageEnabled: true}
Session ID: 9f5e16d4efc6389b85f4585104b514b8
	at sun.reflect.NativeConstructorAccessorImpl.newInstance0(Native Method)
	at sun.reflect.NativeConstructorAccessorImpl.newInstance(Unknown Source)
	at sun.reflect.DelegatingConstructorAccessorImpl.newInstance(Unknown Source)
	at java.lang.reflect.Constructor.newInstance(Unknown Source)
	at org.openqa.selenium.remote.ErrorHandler.createThrowable(ErrorHandler.java:214)
	at org.openqa.selenium.remote.ErrorHandler.throwIfResponseFailed(ErrorHandler.java:166)
	at org.openqa.selenium.remote.http.JsonHttpResponseCodec.reconstructValue(JsonHttpResponseCodec.java:40)
	at org.openqa.selenium.remote.http.AbstractHttpResponseCodec.decode(AbstractHttpResponseCodec.java:80)
	at org.openqa.selenium.remote.http.AbstractHttpResponseCodec.decode(AbstractHttpResponseCodec.java:44)
	at org.openqa.selenium.remote.HttpCommandExecutor.execute(HttpCommandExecutor.java:158)
	at org.openqa.selenium.remote.service.DriverCommandExecutor.execute(DriverCommandExecutor.java:83)
	at org.openqa.selenium.remote.RemoteWebDriver.execute(RemoteWebDriver.java:548)
	at org.openqa.selenium.remote.RemoteWebDriver.execute(RemoteWebDriver.java:605)
	at org.openqa.selenium.remote.RemoteWebDriver$RemoteTargetLocator.alert(RemoteWebDriver.java:928)
	at Execution_Suite.RestrictedWords_and_Validations_Features.SentEmail_ToSuppliers(RestrictedWords_and_Validations_Features.java:2764)
	at sun.reflect.NativeMethodAccessorImpl.invoke0(Native Method)
	at sun.reflect.NativeMethodAccessorImpl.invoke(Unknown Source)
	at sun.reflect.DelegatingMethodAccessorImpl.invoke(Unknown Source)
	at java.lang.reflect.Method.invoke(Unknown Source)
	at org.testng.internal.MethodInvocationHelper.invokeMethod(MethodInvocationHelper.java:124)
	at org.testng.internal.Invoker.invokeMethod(Invoker.java:571)
	at org.testng.internal.Invoker.invokeTestMethod(Invoker.java:707)
	at org.testng.internal.Invoker.invokeTestMethods(Invoker.java:979)
	at org.testng.internal.TestMethodWorker.invokeTestMethods(TestMethodWorker.java:125)
	at org.testng.internal.TestMethodWorker.run(TestMethodWorker.java:109)
	at org.testng.TestRunner.privateRun(TestRunner.java:648)
	at org.testng.TestRunner.run(TestRunner.java:505)
	at org.testng.SuiteRunner.runTest(SuiteRunner.java:455)
	at org.testng.SuiteRunner.runSequentially(SuiteRunner.java:450)
	at org.testng.SuiteRunner.privateRun(SuiteRunner.java:415)
	at org.testng.SuiteRunner.run(SuiteRunner.java:364)
	at org.testng.SuiteRunnerWorker.runSuite(SuiteRunnerWorker.java:52)
	at org.testng.SuiteRunnerWorker.run(SuiteRunnerWorker.java:84)
	at org.testng.TestNG.runSuitesSequentially(TestNG.java:1187)
	at org.testng.TestNG.runSuitesLocally(TestNG.java:1116)
	at org.testng.TestNG.runSuites(TestNG.java:1028)
	at org.testng.TestNG.run(TestNG.java:996)
	at org.testng.remote.AbstractRemoteTestNG.run(AbstractRemoteTestNG.java:114)
	at org.testng.remote.RemoteTestNG.initAndRun(RemoteTestNG.java:251)
	at org.testng.remote.RemoteTestNG.main(RemoteTestNG.java:77)
</pre></td>
																</tr>
																<tr>
																	<td class='status fail' title='fail' alt='fail'><i class='mdi-navigation-cancel'></i></td>
																	<td class='timestamp'>21:01:11</td>
																	<td class='step-details'><textarea>org.openqa.selenium.UnhandledAlertException: unexpected alert open: {Alert text : Email was sent to MMubarik}
  (Session info: chrome with embedded Chromium 68.0.3440.106)
  (Driver info: OperaDriver=2.37 (e258a0b2caf82204936ecc5f7cfc98d44f76feb9),platform=Windows NT 6.1.7601 SP1 x86_64) (WARNING: The server did not provide any stacktrace information)
Command duration or timeout: 0 milliseconds: null
Build info: version: '3.13.0', revision: '2f0d292', time: '2018-06-25T15:32:14.902Z'
System info: host: 'MACPK-WKS-0076', ip: '172.25.174.222', os.name: 'Windows 7', os.arch: 'amd64', os.version: '6.1', java.version: '1.8.0_181'
Driver info: org.openqa.selenium.opera.OperaDriver
Capabilities {acceptInsecureCerts: false, acceptSslCerts: false, applicationCacheEnabled: false, browserConnectionEnabled: false, browserName: chrome, chrome: {chromedriverVersion: 2.37 (e258a0b2caf82204936ec..., userDataDir: C:\Users\BILAL~1.MUB\AppDat...}, cssSelectorsEnabled: true, databaseEnabled: false, handlesAlerts: true, hasTouchScreen: false, javascriptEnabled: true, locationContextEnabled: true, mobileEmulationEnabled: false, nativeEvents: true, networkConnectionEnabled: false, pageLoadStrategy: normal, platform: XP, platformName: XP, rotatable: false, setWindowRect: true, takesHeapSnapshot: true, takesScreenshot: true, unexpectedAlertBehaviour: , unhandledPromptBehavior: , version: 68.0.3440.106, webStorageEnabled: true}
Session ID: 9f5e16d4efc6389b85f4585104b514b8
*** Element info: {Using=css selector, value=#shellTop-view > div > div > ul > li:nth-child(1) > a}
	at sun.reflect.NativeConstructorAccessorImpl.newInstance0(Native Method)
	at sun.reflect.NativeConstructorAccessorImpl.newInstance(Unknown Source)
	at sun.reflect.DelegatingConstructorAccessorImpl.newInstance(Unknown Source)
	at java.lang.reflect.Constructor.newInstance(Unknown Source)
	at org.openqa.selenium.remote.ErrorHandler.createThrowable(ErrorHandler.java:214)
	at org.openqa.selenium.remote.ErrorHandler.throwIfResponseFailed(ErrorHandler.java:172)
	at org.openqa.selenium.remote.http.JsonHttpResponseCodec.reconstructValue(JsonHttpResponseCodec.java:40)
	at org.openqa.selenium.remote.http.AbstractHttpResponseCodec.decode(AbstractHttpResponseCodec.java:80)
	at org.openqa.selenium.remote.http.AbstractHttpResponseCodec.decode(AbstractHttpResponseCodec.java:44)
	at org.openqa.selenium.remote.HttpCommandExecutor.execute(HttpCommandExecutor.java:158)
	at org.openqa.selenium.remote.service.DriverCommandExecutor.execute(DriverCommandExecutor.java:83)
	at org.openqa.selenium.remote.RemoteWebDriver.execute(RemoteWebDriver.java:548)
	at org.openqa.selenium.remote.RemoteWebDriver.findElement(RemoteWebDriver.java:322)
	at org.openqa.selenium.remote.RemoteWebDriver.findElementByCssSelector(RemoteWebDriver.java:416)
	at org.openqa.selenium.By$ByCssSelector.findElement(By.java:431)
	at org.openqa.selenium.remote.RemoteWebDriver.findElement(RemoteWebDriver.java:314)
	at Execution_Suite.RestrictedWords_and_Validations_Features.NewProductFilter_Validation(RestrictedWords_and_Validations_Features.java:2805)
	at sun.reflect.NativeMethodAccessorImpl.invoke0(Native Method)
	at sun.reflect.NativeMethodAccessorImpl.invoke(Unknown Source)
	at sun.reflect.DelegatingMethodAccessorImpl.invoke(Unknown Source)
	at java.lang.reflect.Method.invoke(Unknown Source)
	at org.testng.internal.MethodInvocationHelper.invokeMethod(MethodInvocationHelper.java:124)
	at org.testng.internal.Invoker.invokeMethod(Invoker.java:571)
	at org.testng.internal.Invoker.invokeTestMethod(Invoker.java:707)
	at org.testng.internal.Invoker.invokeTestMethods(Invoker.java:979)
	at org.testng.internal.TestMethodWorker.invokeTestMethods(TestMethodWorker.java:125)
	at org.testng.internal.TestMethodWorker.run(TestMethodWorker.java:109)
	at org.testng.TestRunner.privateRun(TestRunner.java:648)
	at org.testng.TestRunner.run(TestRunner.java:505)
	at org.testng.SuiteRunner.runTest(SuiteRunner.java:455)
	at org.testng.SuiteRunner.runSequentially(SuiteRunner.java:450)
	at org.testng.SuiteRunner.privateRun(SuiteRunner.java:415)
	at org.testng.SuiteRunner.run(SuiteRunner.java:364)
	at org.testng.SuiteRunnerWorker.runSuite(SuiteRunnerWorker.java:52)
	at org.testng.SuiteRunnerWorker.run(SuiteRunnerWorker.java:84)
	at org.testng.TestNG.runSuitesSequentially(TestNG.java:1187)
	at org.testng.TestNG.runSuitesLocally(TestNG.java:1116)
	at org.testng.TestNG.runSuites(TestNG.java:1028)
	at org.testng.TestNG.run(TestNG.java:996)
	at org.testng.remote.AbstractRemoteTestNG.run(AbstractRemoteTestNG.java:114)
	at org.testng.remote.RemoteTestNG.initAndRun(RemoteTestNG.java:251)
	at org.testng.remote.RemoteTestNG.main(RemoteTestNG.java:77)
</textarea></td>
																</tr>
																<tr>
																	<td class='status fail' title='fail' alt='fail'><i class='mdi-navigation-cancel'></i></td>
																	<td class='timestamp'>21:01:11</td>
																	<td class='step-details'><textarea>org.openqa.selenium.UnhandledAlertException: unexpected alert open: {Alert text : Email was sent to MMubarik}
  (Session info: chrome with embedded Chromium 68.0.3440.106)
  (Driver info: OperaDriver=2.37 (e258a0b2caf82204936ecc5f7cfc98d44f76feb9),platform=Windows NT 6.1.7601 SP1 x86_64) (WARNING: The server did not provide any stacktrace information)
Command duration or timeout: 0 milliseconds: null
Build info: version: '3.13.0', revision: '2f0d292', time: '2018-06-25T15:32:14.902Z'
System info: host: 'MACPK-WKS-0076', ip: '172.25.174.222', os.name: 'Windows 7', os.arch: 'amd64', os.version: '6.1', java.version: '1.8.0_181'
Driver info: org.openqa.selenium.opera.OperaDriver
Capabilities {acceptInsecureCerts: false, acceptSslCerts: false, applicationCacheEnabled: false, browserConnectionEnabled: false, browserName: chrome, chrome: {chromedriverVersion: 2.37 (e258a0b2caf82204936ec..., userDataDir: C:\Users\BILAL~1.MUB\AppDat...}, cssSelectorsEnabled: true, databaseEnabled: false, handlesAlerts: true, hasTouchScreen: false, javascriptEnabled: true, locationContextEnabled: true, mobileEmulationEnabled: false, nativeEvents: true, networkConnectionEnabled: false, pageLoadStrategy: normal, platform: XP, platformName: XP, rotatable: false, setWindowRect: true, takesHeapSnapshot: true, takesScreenshot: true, unexpectedAlertBehaviour: , unhandledPromptBehavior: , version: 68.0.3440.106, webStorageEnabled: true}
Session ID: 9f5e16d4efc6389b85f4585104b514b8
*** Element info: {Using=css selector, value=#importExportButtonGroup > button:nth-child(14)}
	at sun.reflect.NativeConstructorAccessorImpl.newInstance0(Native Method)
	at sun.reflect.NativeConstructorAccessorImpl.newInstance(Unknown Source)
	at sun.reflect.DelegatingConstructorAccessorImpl.newInstance(Unknown Source)
	at java.lang.reflect.Constructor.newInstance(Unknown Source)
	at org.openqa.selenium.remote.ErrorHandler.createThrowable(ErrorHandler.java:214)
	at org.openqa.selenium.remote.ErrorHandler.throwIfResponseFailed(ErrorHandler.java:172)
	at org.openqa.selenium.remote.http.JsonHttpResponseCodec.reconstructValue(JsonHttpResponseCodec.java:40)
	at org.openqa.selenium.remote.http.AbstractHttpResponseCodec.decode(AbstractHttpResponseCodec.java:80)
	at org.openqa.selenium.remote.http.AbstractHttpResponseCodec.decode(AbstractHttpResponseCodec.java:44)
	at org.openqa.selenium.remote.HttpCommandExecutor.execute(HttpCommandExecutor.java:158)
	at org.openqa.selenium.remote.service.DriverCommandExecutor.execute(DriverCommandExecutor.java:83)
	at org.openqa.selenium.remote.RemoteWebDriver.execute(RemoteWebDriver.java:548)
	at org.openqa.selenium.remote.RemoteWebDriver.findElement(RemoteWebDriver.java:322)
	at org.openqa.selenium.remote.RemoteWebDriver.findElementByCssSelector(RemoteWebDriver.java:416)
	at org.openqa.selenium.By$ByCssSelector.findElement(By.java:431)
	at org.openqa.selenium.remote.RemoteWebDriver.findElement(RemoteWebDriver.java:314)
	at Execution_Suite.RestrictedWords_and_Validations_Features.CategorySaving_WithEITCategory_WithProductCategory(RestrictedWords_and_Validations_Features.java:3038)
	at sun.reflect.NativeMethodAccessorImpl.invoke0(Native Method)
	at sun.reflect.NativeMethodAccessorImpl.invoke(Unknown Source)
	at sun.reflect.DelegatingMethodAccessorImpl.invoke(Unknown Source)
	at java.lang.reflect.Method.invoke(Unknown Source)
	at org.testng.internal.MethodInvocationHelper.invokeMethod(MethodInvocationHelper.java:124)
	at org.testng.internal.Invoker.invokeMethod(Invoker.java:571)
	at org.testng.internal.Invoker.invokeTestMethod(Invoker.java:707)
	at org.testng.internal.Invoker.invokeTestMethods(Invoker.java:979)
	at org.testng.internal.TestMethodWorker.invokeTestMethods(TestMethodWorker.java:125)
	at org.testng.internal.TestMethodWorker.run(TestMethodWorker.java:109)
	at org.testng.TestRunner.privateRun(TestRunner.java:648)
	at org.testng.TestRunner.run(TestRunner.java:505)
	at org.testng.SuiteRunner.runTest(SuiteRunner.java:455)
	at org.testng.SuiteRunner.runSequentially(SuiteRunner.java:450)
	at org.testng.SuiteRunner.privateRun(SuiteRunner.java:415)
	at org.testng.SuiteRunner.run(SuiteRunner.java:364)
	at org.testng.SuiteRunnerWorker.runSuite(SuiteRunnerWorker.java:52)
	at org.testng.SuiteRunnerWorker.run(SuiteRunnerWorker.java:84)
	at org.testng.TestNG.runSuitesSequentially(TestNG.java:1187)
	at org.testng.TestNG.runSuitesLocally(TestNG.java:1116)
	at org.testng.TestNG.runSuites(TestNG.java:1028)
	at org.testng.TestNG.run(TestNG.java:996)
	at org.testng.remote.AbstractRemoteTestNG.run(AbstractRemoteTestNG.java:114)
	at org.testng.remote.RemoteTestNG.initAndRun(RemoteTestNG.java:251)
	at org.testng.remote.RemoteTestNG.main(RemoteTestNG.java:77)
</textarea></td>
																</tr>
																<tr>
																	<td class='status fail' title='fail' alt='fail'><i class='mdi-navigation-cancel'></i></td>
																	<td class='timestamp'>21:01:11</td>
																	<td class='step-details'><pre>org.openqa.selenium.UnhandledAlertException: unexpected alert open: {Alert text : Email was sent to MMubarik}
  (Session info: chrome with embedded Chromium 68.0.3440.106)
  (Driver info: OperaDriver=2.37 (e258a0b2caf82204936ecc5f7cfc98d44f76feb9),platform=Windows NT 6.1.7601 SP1 x86_64) (WARNING: The server did not provide any stacktrace information)
Command duration or timeout: 0 milliseconds: null
Build info: version: '3.13.0', revision: '2f0d292', time: '2018-06-25T15:32:14.902Z'
System info: host: 'MACPK-WKS-0076', ip: '172.25.174.222', os.name: 'Windows 7', os.arch: 'amd64', os.version: '6.1', java.version: '1.8.0_181'
Driver info: org.openqa.selenium.opera.OperaDriver
Capabilities {acceptInsecureCerts: false, acceptSslCerts: false, applicationCacheEnabled: false, browserConnectionEnabled: false, browserName: chrome, chrome: {chromedriverVersion: 2.37 (e258a0b2caf82204936ec..., userDataDir: C:\Users\BILAL~1.MUB\AppDat...}, cssSelectorsEnabled: true, databaseEnabled: false, handlesAlerts: true, hasTouchScreen: false, javascriptEnabled: true, locationContextEnabled: true, mobileEmulationEnabled: false, nativeEvents: true, networkConnectionEnabled: false, pageLoadStrategy: normal, platform: XP, platformName: XP, rotatable: false, setWindowRect: true, takesHeapSnapshot: true, takesScreenshot: true, unexpectedAlertBehaviour: , unhandledPromptBehavior: , version: 68.0.3440.106, webStorageEnabled: true}
Session ID: 9f5e16d4efc6389b85f4585104b514b8
*** Element info: {Using=xpath, value=//button[contains(@data-bind,'showCopyProductModal')]}
	at sun.reflect.NativeConstructorAccessorImpl.newInstance0(Native Method)
	at sun.reflect.NativeConstructorAccessorImpl.newInstance(Unknown Source)
	at sun.reflect.DelegatingConstructorAccessorImpl.newInstance(Unknown Source)
	at java.lang.reflect.Constructor.newInstance(Unknown Source)
	at org.openqa.selenium.remote.ErrorHandler.createThrowable(ErrorHandler.java:214)
	at org.openqa.selenium.remote.ErrorHandler.throwIfResponseFailed(ErrorHandler.java:172)
	at org.openqa.selenium.remote.http.JsonHttpResponseCodec.reconstructValue(JsonHttpResponseCodec.java:40)
	at org.openqa.selenium.remote.http.AbstractHttpResponseCodec.decode(AbstractHttpResponseCodec.java:80)
	at org.openqa.selenium.remote.http.AbstractHttpResponseCodec.decode(AbstractHttpResponseCodec.java:44)
	at org.openqa.selenium.remote.HttpCommandExecutor.execute(HttpCommandExecutor.java:158)
	at org.openqa.selenium.remote.service.DriverCommandExecutor.execute(DriverCommandExecutor.java:83)
	at org.openqa.selenium.remote.RemoteWebDriver.execute(RemoteWebDriver.java:548)
	at org.openqa.selenium.remote.RemoteWebDriver.findElement(RemoteWebDriver.java:322)
	at org.openqa.selenium.remote.RemoteWebDriver.findElementByXPath(RemoteWebDriver.java:424)
	at org.openqa.selenium.By$ByXPath.findElement(By.java:353)
	at org.openqa.selenium.remote.RemoteWebDriver.findElement(RemoteWebDriver.java:314)
	at Execution_Suite.RestrictedWords_and_Validations_Features.AfterCopyProduct_FieldsDefaultBehaviourValidation(RestrictedWords_and_Validations_Features.java:3553)
	at sun.reflect.NativeMethodAccessorImpl.invoke0(Native Method)
	at sun.reflect.NativeMethodAccessorImpl.invoke(Unknown Source)
	at sun.reflect.DelegatingMethodAccessorImpl.invoke(Unknown Source)
	at java.lang.reflect.Method.invoke(Unknown Source)
	at org.testng.internal.MethodInvocationHelper.invokeMethod(MethodInvocationHelper.java:124)
	at org.testng.internal.Invoker.invokeMethod(Invoker.java:571)
	at org.testng.internal.Invoker.invokeTestMethod(Invoker.java:707)
	at org.testng.internal.Invoker.invokeTestMethods(Invoker.java:979)
	at org.testng.internal.TestMethodWorker.invokeTestMethods(TestMethodWorker.java:125)
	at org.testng.internal.TestMethodWorker.run(TestMethodWorker.java:109)
	at org.testng.TestRunner.privateRun(TestRunner.java:648)
	at org.testng.TestRunner.run(TestRunner.java:505)
	at org.testng.SuiteRunner.runTest(SuiteRunner.java:455)
	at org.testng.SuiteRunner.runSequentially(SuiteRunner.java:450)
	at org.testng.SuiteRunner.privateRun(SuiteRunner.java:415)
	at org.testng.SuiteRunner.run(SuiteRunner.java:364)
	at org.testng.SuiteRunnerWorker.runSuite(SuiteRunnerWorker.java:52)
	at org.testng.SuiteRunnerWorker.run(SuiteRunnerWorker.java:84)
	at org.testng.TestNG.runSuitesSequentially(TestNG.java:1187)
	at org.testng.TestNG.runSuitesLocally(TestNG.java:1116)
	at org.testng.TestNG.runSuites(TestNG.java:1028)
	at org.testng.TestNG.run(TestNG.java:996)
	at org.testng.remote.AbstractRemoteTestNG.run(AbstractRemoteTestNG.java:114)
	at org.testng.remote.RemoteTestNG.initAndRun(RemoteTestNG.java:251)
	at org.testng.remote.RemoteTestNG.main(RemoteTestNG.java:77)
</pre></td>
																</tr>
																<tr>
																	<td class='status fail' title='fail' alt='fail'><i class='mdi-navigation-cancel'></i></td>
																	<td class='timestamp'>21:01:13</td>
																	<td class='step-details'><pre>org.openqa.selenium.UnhandledAlertException: unexpected alert open: {Alert text : Email was sent to MMubarik}
  (Session info: chrome with embedded Chromium 68.0.3440.106)
  (Driver info: OperaDriver=2.37 (e258a0b2caf82204936ecc5f7cfc98d44f76feb9),platform=Windows NT 6.1.7601 SP1 x86_64) (WARNING: The server did not provide any stacktrace information)
Command duration or timeout: 0 milliseconds: null
Build info: version: '3.13.0', revision: '2f0d292', time: '2018-06-25T15:32:14.902Z'
System info: host: 'MACPK-WKS-0076', ip: '172.25.174.222', os.name: 'Windows 7', os.arch: 'amd64', os.version: '6.1', java.version: '1.8.0_181'
Driver info: org.openqa.selenium.opera.OperaDriver
Capabilities {acceptInsecureCerts: false, acceptSslCerts: false, applicationCacheEnabled: false, browserConnectionEnabled: false, browserName: chrome, chrome: {chromedriverVersion: 2.37 (e258a0b2caf82204936ec..., userDataDir: C:\Users\BILAL~1.MUB\AppDat...}, cssSelectorsEnabled: true, databaseEnabled: false, handlesAlerts: true, hasTouchScreen: false, javascriptEnabled: true, locationContextEnabled: true, mobileEmulationEnabled: false, nativeEvents: true, networkConnectionEnabled: false, pageLoadStrategy: normal, platform: XP, platformName: XP, rotatable: false, setWindowRect: true, takesHeapSnapshot: true, takesScreenshot: true, unexpectedAlertBehaviour: , unhandledPromptBehavior: , version: 68.0.3440.106, webStorageEnabled: true}
Session ID: 9f5e16d4efc6389b85f4585104b514b8
*** Element info: {Using=xpath, value=//div[contains(@id,'info_pibusyindicator')]}
	at sun.reflect.NativeConstructorAccessorImpl.newInstance0(Native Method)
	at sun.reflect.NativeConstructorAccessorImpl.newInstance(Unknown Source)
	at sun.reflect.DelegatingConstructorAccessorImpl.newInstance(Unknown Source)
	at java.lang.reflect.Constructor.newInstance(Unknown Source)
	at org.openqa.selenium.remote.ErrorHandler.createThrowable(ErrorHandler.java:214)
	at org.openqa.selenium.remote.ErrorHandler.throwIfResponseFailed(ErrorHandler.java:172)
	at org.openqa.selenium.remote.http.JsonHttpResponseCodec.reconstructValue(JsonHttpResponseCodec.java:40)
	at org.openqa.selenium.remote.http.AbstractHttpResponseCodec.decode(AbstractHttpResponseCodec.java:80)
	at org.openqa.selenium.remote.http.AbstractHttpResponseCodec.decode(AbstractHttpResponseCodec.java:44)
	at org.openqa.selenium.remote.HttpCommandExecutor.execute(HttpCommandExecutor.java:158)
	at org.openqa.selenium.remote.service.DriverCommandExecutor.execute(DriverCommandExecutor.java:83)
	at org.openqa.selenium.remote.RemoteWebDriver.execute(RemoteWebDriver.java:548)
	at org.openqa.selenium.remote.RemoteWebDriver.findElement(RemoteWebDriver.java:322)
	at org.openqa.selenium.remote.RemoteWebDriver.findElementByXPath(RemoteWebDriver.java:424)
	at org.openqa.selenium.By$ByXPath.findElement(By.java:353)
	at org.openqa.selenium.remote.RemoteWebDriver.findElement(RemoteWebDriver.java:314)
	at Execution_Suite.RestrictedWords_and_Validations_Features.waitForPageLoad(RestrictedWords_and_Validations_Features.java:4654)
	at Execution_Suite.RestrictedWords_and_Validations_Features.SEOFlag_BulkRemove(RestrictedWords_and_Validations_Features.java:3647)
	at sun.reflect.NativeMethodAccessorImpl.invoke0(Native Method)
	at sun.reflect.NativeMethodAccessorImpl.invoke(Unknown Source)
	at sun.reflect.DelegatingMethodAccessorImpl.invoke(Unknown Source)
	at java.lang.reflect.Method.invoke(Unknown Source)
	at org.testng.internal.MethodInvocationHelper.invokeMethod(MethodInvocationHelper.java:124)
	at org.testng.internal.Invoker.invokeMethod(Invoker.java:571)
	at org.testng.internal.Invoker.invokeTestMethod(Invoker.java:707)
	at org.testng.internal.Invoker.invokeTestMethods(Invoker.java:979)
	at org.testng.internal.TestMethodWorker.invokeTestMethods(TestMethodWorker.java:125)
	at org.testng.internal.TestMethodWorker.run(TestMethodWorker.java:109)
	at org.testng.TestRunner.privateRun(TestRunner.java:648)
	at org.testng.TestRunner.run(TestRunner.java:505)
	at org.testng.SuiteRunner.runTest(SuiteRunner.java:455)
	at org.testng.SuiteRunner.runSequentially(SuiteRunner.java:450)
	at org.testng.SuiteRunner.privateRun(SuiteRunner.java:415)
	at org.testng.SuiteRunner.run(SuiteRunner.java:364)
	at org.testng.SuiteRunnerWorker.runSuite(SuiteRunnerWorker.java:52)
	at org.testng.SuiteRunnerWorker.run(SuiteRunnerWorker.java:84)
	at org.testng.TestNG.runSuitesSequentially(TestNG.java:1187)
	at org.testng.TestNG.runSuitesLocally(TestNG.java:1116)
	at org.testng.TestNG.runSuites(TestNG.java:1028)
	at org.testng.TestNG.run(TestNG.java:996)
	at org.testng.remote.AbstractRemoteTestNG.run(AbstractRemoteTestNG.java:114)
	at org.testng.remote.RemoteTestNG.initAndRun(RemoteTestNG.java:251)
	at org.testng.remote.RemoteTestNG.main(RemoteTestNG.java:77)
</pre></td>
																</tr>
																<tr>
																	<td class='status fail' title='fail' alt='fail'><i class='mdi-navigation-cancel'></i></td>
																	<td class='timestamp'>21:01:15</td>
																	<td class='step-details'><pre>org.openqa.selenium.UnhandledAlertException: unexpected alert open: {Alert text : Email was sent to MMubarik}
  (Session info: chrome with embedded Chromium 68.0.3440.106)
  (Driver info: OperaDriver=2.37 (e258a0b2caf82204936ecc5f7cfc98d44f76feb9),platform=Windows NT 6.1.7601 SP1 x86_64) (WARNING: The server did not provide any stacktrace information)
Command duration or timeout: 0 milliseconds: null
Build info: version: '3.13.0', revision: '2f0d292', time: '2018-06-25T15:32:14.902Z'
System info: host: 'MACPK-WKS-0076', ip: '172.25.174.222', os.name: 'Windows 7', os.arch: 'amd64', os.version: '6.1', java.version: '1.8.0_181'
Driver info: org.openqa.selenium.opera.OperaDriver
Capabilities {acceptInsecureCerts: false, acceptSslCerts: false, applicationCacheEnabled: false, browserConnectionEnabled: false, browserName: chrome, chrome: {chromedriverVersion: 2.37 (e258a0b2caf82204936ec..., userDataDir: C:\Users\BILAL~1.MUB\AppDat...}, cssSelectorsEnabled: true, databaseEnabled: false, handlesAlerts: true, hasTouchScreen: false, javascriptEnabled: true, locationContextEnabled: true, mobileEmulationEnabled: false, nativeEvents: true, networkConnectionEnabled: false, pageLoadStrategy: normal, platform: XP, platformName: XP, rotatable: false, setWindowRect: true, takesHeapSnapshot: true, takesScreenshot: true, unexpectedAlertBehaviour: , unhandledPromptBehavior: , version: 68.0.3440.106, webStorageEnabled: true}
Session ID: 9f5e16d4efc6389b85f4585104b514b8
*** Element info: {Using=xpath, value=//div[contains(@id,'info_pibusyindicator')]}
	at sun.reflect.NativeConstructorAccessorImpl.newInstance0(Native Method)
	at sun.reflect.NativeConstructorAccessorImpl.newInstance(Unknown Source)
	at sun.reflect.DelegatingConstructorAccessorImpl.newInstance(Unknown Source)
	at java.lang.reflect.Constructor.newInstance(Unknown Source)
	at org.openqa.selenium.remote.ErrorHandler.createThrowable(ErrorHandler.java:214)
	at org.openqa.selenium.remote.ErrorHandler.throwIfResponseFailed(ErrorHandler.java:172)
	at org.openqa.selenium.remote.http.JsonHttpResponseCodec.reconstructValue(JsonHttpResponseCodec.java:40)
	at org.openqa.selenium.remote.http.AbstractHttpResponseCodec.decode(AbstractHttpResponseCodec.java:80)
	at org.openqa.selenium.remote.http.AbstractHttpResponseCodec.decode(AbstractHttpResponseCodec.java:44)
	at org.openqa.selenium.remote.HttpCommandExecutor.execute(HttpCommandExecutor.java:158)
	at org.openqa.selenium.remote.service.DriverCommandExecutor.execute(DriverCommandExecutor.java:83)
	at org.openqa.selenium.remote.RemoteWebDriver.execute(RemoteWebDriver.java:548)
	at org.openqa.selenium.remote.RemoteWebDriver.findElement(RemoteWebDriver.java:322)
	at org.openqa.selenium.remote.RemoteWebDriver.findElementByXPath(RemoteWebDriver.java:424)
	at org.openqa.selenium.By$ByXPath.findElement(By.java:353)
	at org.openqa.selenium.remote.RemoteWebDriver.findElement(RemoteWebDriver.java:314)
	at Execution_Suite.RestrictedWords_and_Validations_Features.waitForPageLoad(RestrictedWords_and_Validations_Features.java:4654)
	at Execution_Suite.RestrictedWords_and_Validations_Features.AddToNewGroup_Products(RestrictedWords_and_Validations_Features.java:3769)
	at sun.reflect.NativeMethodAccessorImpl.invoke0(Native Method)
	at sun.reflect.NativeMethodAccessorImpl.invoke(Unknown Source)
	at sun.reflect.DelegatingMethodAccessorImpl.invoke(Unknown Source)
	at java.lang.reflect.Method.invoke(Unknown Source)
	at org.testng.internal.MethodInvocationHelper.invokeMethod(MethodInvocationHelper.java:124)
	at org.testng.internal.Invoker.invokeMethod(Invoker.java:571)
	at org.testng.internal.Invoker.invokeTestMethod(Invoker.java:707)
	at org.testng.internal.Invoker.invokeTestMethods(Invoker.java:979)
	at org.testng.internal.TestMethodWorker.invokeTestMethods(TestMethodWorker.java:125)
	at org.testng.internal.TestMethodWorker.run(TestMethodWorker.java:109)
	at org.testng.TestRunner.privateRun(TestRunner.java:648)
	at org.testng.TestRunner.run(TestRunner.java:505)
	at org.testng.SuiteRunner.runTest(SuiteRunner.java:455)
	at org.testng.SuiteRunner.runSequentially(SuiteRunner.java:450)
	at org.testng.SuiteRunner.privateRun(SuiteRunner.java:415)
	at org.testng.SuiteRunner.run(SuiteRunner.java:364)
	at org.testng.SuiteRunnerWorker.runSuite(SuiteRunnerWorker.java:52)
	at org.testng.SuiteRunnerWorker.run(SuiteRunnerWorker.java:84)
	at org.testng.TestNG.runSuitesSequentially(TestNG.java:1187)
	at org.testng.TestNG.runSuitesLocally(TestNG.java:1116)
	at org.testng.TestNG.runSuites(TestNG.java:1028)
	at org.testng.TestNG.run(TestNG.java:996)
	at org.testng.remote.AbstractRemoteTestNG.run(AbstractRemoteTestNG.java:114)
	at org.testng.remote.RemoteTestNG.initAndRun(RemoteTestNG.java:251)
	at org.testng.remote.RemoteTestNG.main(RemoteTestNG.java:77)
</pre></td>
																</tr>
																<tr>
																	<td class='status fail' title='fail' alt='fail'><i class='mdi-navigation-cancel'></i></td>
																	<td class='timestamp'>21:01:15</td>
																	<td class='step-details'><pre>org.openqa.selenium.UnhandledAlertException: unexpected alert open: {Alert text : Email was sent to MMubarik}
  (Session info: chrome with embedded Chromium 68.0.3440.106)
  (Driver info: OperaDriver=2.37 (e258a0b2caf82204936ecc5f7cfc98d44f76feb9),platform=Windows NT 6.1.7601 SP1 x86_64) (WARNING: The server did not provide any stacktrace information)
Command duration or timeout: 0 milliseconds: null
Build info: version: '3.13.0', revision: '2f0d292', time: '2018-06-25T15:32:14.902Z'
System info: host: 'MACPK-WKS-0076', ip: '172.25.174.222', os.name: 'Windows 7', os.arch: 'amd64', os.version: '6.1', java.version: '1.8.0_181'
Driver info: org.openqa.selenium.opera.OperaDriver
Capabilities {acceptInsecureCerts: false, acceptSslCerts: false, applicationCacheEnabled: false, browserConnectionEnabled: false, browserName: chrome, chrome: {chromedriverVersion: 2.37 (e258a0b2caf82204936ec..., userDataDir: C:\Users\BILAL~1.MUB\AppDat...}, cssSelectorsEnabled: true, databaseEnabled: false, handlesAlerts: true, hasTouchScreen: false, javascriptEnabled: true, locationContextEnabled: true, mobileEmulationEnabled: false, nativeEvents: true, networkConnectionEnabled: false, pageLoadStrategy: normal, platform: XP, platformName: XP, rotatable: false, setWindowRect: true, takesHeapSnapshot: true, takesScreenshot: true, unexpectedAlertBehaviour: , unhandledPromptBehavior: , version: 68.0.3440.106, webStorageEnabled: true}
Session ID: 9f5e16d4efc6389b85f4585104b514b8
*** Element info: {Using=xpath, value=//*[@id='dashboard-view']/div[2]/div[3]/div[2]/div/div[3]/table/tbody/tr/td[1]/input}
	at sun.reflect.NativeConstructorAccessorImpl.newInstance0(Native Method)
	at sun.reflect.NativeConstructorAccessorImpl.newInstance(Unknown Source)
	at sun.reflect.DelegatingConstructorAccessorImpl.newInstance(Unknown Source)
	at java.lang.reflect.Constructor.newInstance(Unknown Source)
	at org.openqa.selenium.remote.ErrorHandler.createThrowable(ErrorHandler.java:214)
	at org.openqa.selenium.remote.ErrorHandler.throwIfResponseFailed(ErrorHandler.java:172)
	at org.openqa.selenium.remote.http.JsonHttpResponseCodec.reconstructValue(JsonHttpResponseCodec.java:40)
	at org.openqa.selenium.remote.http.AbstractHttpResponseCodec.decode(AbstractHttpResponseCodec.java:80)
	at org.openqa.selenium.remote.http.AbstractHttpResponseCodec.decode(AbstractHttpResponseCodec.java:44)
	at org.openqa.selenium.remote.HttpCommandExecutor.execute(HttpCommandExecutor.java:158)
	at org.openqa.selenium.remote.service.DriverCommandExecutor.execute(DriverCommandExecutor.java:83)
	at org.openqa.selenium.remote.RemoteWebDriver.execute(RemoteWebDriver.java:548)
	at org.openqa.selenium.remote.RemoteWebDriver.findElement(RemoteWebDriver.java:322)
	at org.openqa.selenium.remote.RemoteWebDriver.findElementByXPath(RemoteWebDriver.java:424)
	at org.openqa.selenium.By$ByXPath.findElement(By.java:353)
	at org.openqa.selenium.remote.RemoteWebDriver.findElement(RemoteWebDriver.java:314)
	at Execution_Suite.RestrictedWords_and_Validations_Features.AddToExistingGroup(RestrictedWords_and_Validations_Features.java:3848)
	at sun.reflect.NativeMethodAccessorImpl.invoke0(Native Method)
	at sun.reflect.NativeMethodAccessorImpl.invoke(Unknown Source)
	at sun.reflect.DelegatingMethodAccessorImpl.invoke(Unknown Source)
	at java.lang.reflect.Method.invoke(Unknown Source)
	at org.testng.internal.MethodInvocationHelper.invokeMethod(MethodInvocationHelper.java:124)
	at org.testng.internal.Invoker.invokeMethod(Invoker.java:571)
	at org.testng.internal.Invoker.invokeTestMethod(Invoker.java:707)
	at org.testng.internal.Invoker.invokeTestMethods(Invoker.java:979)
	at org.testng.internal.TestMethodWorker.invokeTestMethods(TestMethodWorker.java:125)
	at org.testng.internal.TestMethodWorker.run(TestMethodWorker.java:109)
	at org.testng.TestRunner.privateRun(TestRunner.java:648)
	at org.testng.TestRunner.run(TestRunner.java:505)
	at org.testng.SuiteRunner.runTest(SuiteRunner.java:455)
	at org.testng.SuiteRunner.runSequentially(SuiteRunner.java:450)
	at org.testng.SuiteRunner.privateRun(SuiteRunner.java:415)
	at org.testng.SuiteRunner.run(SuiteRunner.java:364)
	at org.testng.SuiteRunnerWorker.runSuite(SuiteRunnerWorker.java:52)
	at org.testng.SuiteRunnerWorker.run(SuiteRunnerWorker.java:84)
	at org.testng.TestNG.runSuitesSequentially(TestNG.java:1187)
	at org.testng.TestNG.runSuitesLocally(TestNG.java:1116)
	at org.testng.TestNG.runSuites(TestNG.java:1028)
	at org.testng.TestNG.run(TestNG.java:996)
	at org.testng.remote.AbstractRemoteTestNG.run(AbstractRemoteTestNG.java:114)
	at org.testng.remote.RemoteTestNG.initAndRun(RemoteTestNG.java:251)
	at org.testng.remote.RemoteTestNG.main(RemoteTestNG.java:77)
</pre></td>
																</tr>
																<tr>
																	<td class='status fail' title='fail' alt='fail'><i class='mdi-navigation-cancel'></i></td>
																	<td class='timestamp'>21:01:15</td>
																	<td class='step-details'><pre>org.openqa.selenium.UnhandledAlertException: unexpected alert open: {Alert text : Email was sent to MMubarik}
  (Session info: chrome with embedded Chromium 68.0.3440.106)
  (Driver info: OperaDriver=2.37 (e258a0b2caf82204936ecc5f7cfc98d44f76feb9),platform=Windows NT 6.1.7601 SP1 x86_64) (WARNING: The server did not provide any stacktrace information)
Command duration or timeout: 0 milliseconds: null
Build info: version: '3.13.0', revision: '2f0d292', time: '2018-06-25T15:32:14.902Z'
System info: host: 'MACPK-WKS-0076', ip: '172.25.174.222', os.name: 'Windows 7', os.arch: 'amd64', os.version: '6.1', java.version: '1.8.0_181'
Driver info: org.openqa.selenium.opera.OperaDriver
Capabilities {acceptInsecureCerts: false, acceptSslCerts: false, applicationCacheEnabled: false, browserConnectionEnabled: false, browserName: chrome, chrome: {chromedriverVersion: 2.37 (e258a0b2caf82204936ec..., userDataDir: C:\Users\BILAL~1.MUB\AppDat...}, cssSelectorsEnabled: true, databaseEnabled: false, handlesAlerts: true, hasTouchScreen: false, javascriptEnabled: true, locationContextEnabled: true, mobileEmulationEnabled: false, nativeEvents: true, networkConnectionEnabled: false, pageLoadStrategy: normal, platform: XP, platformName: XP, rotatable: false, setWindowRect: true, takesHeapSnapshot: true, takesScreenshot: true, unexpectedAlertBehaviour: , unhandledPromptBehavior: , version: 68.0.3440.106, webStorageEnabled: true}
Session ID: 9f5e16d4efc6389b85f4585104b514b8
*** Element info: {Using=xpath, value=//input[contains(@data-bind,'checked: isSelected')]}
	at sun.reflect.NativeConstructorAccessorImpl.newInstance0(Native Method)
	at sun.reflect.NativeConstructorAccessorImpl.newInstance(Unknown Source)
	at sun.reflect.DelegatingConstructorAccessorImpl.newInstance(Unknown Source)
	at java.lang.reflect.Constructor.newInstance(Unknown Source)
	at org.openqa.selenium.remote.ErrorHandler.createThrowable(ErrorHandler.java:214)
	at org.openqa.selenium.remote.ErrorHandler.throwIfResponseFailed(ErrorHandler.java:172)
	at org.openqa.selenium.remote.http.JsonHttpResponseCodec.reconstructValue(JsonHttpResponseCodec.java:40)
	at org.openqa.selenium.remote.http.AbstractHttpResponseCodec.decode(AbstractHttpResponseCodec.java:80)
	at org.openqa.selenium.remote.http.AbstractHttpResponseCodec.decode(AbstractHttpResponseCodec.java:44)
	at org.openqa.selenium.remote.HttpCommandExecutor.execute(HttpCommandExecutor.java:158)
	at org.openqa.selenium.remote.service.DriverCommandExecutor.execute(DriverCommandExecutor.java:83)
	at org.openqa.selenium.remote.RemoteWebDriver.execute(RemoteWebDriver.java:548)
	at org.openqa.selenium.remote.RemoteWebDriver.findElement(RemoteWebDriver.java:322)
	at org.openqa.selenium.remote.RemoteWebDriver.findElementByXPath(RemoteWebDriver.java:424)
	at org.openqa.selenium.By$ByXPath.findElement(By.java:353)
	at org.openqa.selenium.remote.RemoteWebDriver.findElement(RemoteWebDriver.java:314)
	at Execution_Suite.RestrictedWords_and_Validations_Features.ManageGroups_Editing_WithGroupsRemoval(RestrictedWords_and_Validations_Features.java:3922)
	at sun.reflect.NativeMethodAccessorImpl.invoke0(Native Method)
	at sun.reflect.NativeMethodAccessorImpl.invoke(Unknown Source)
	at sun.reflect.DelegatingMethodAccessorImpl.invoke(Unknown Source)
	at java.lang.reflect.Method.invoke(Unknown Source)
	at org.testng.internal.MethodInvocationHelper.invokeMethod(MethodInvocationHelper.java:124)
	at org.testng.internal.Invoker.invokeMethod(Invoker.java:571)
	at org.testng.internal.Invoker.invokeTestMethod(Invoker.java:707)
	at org.testng.internal.Invoker.invokeTestMethods(Invoker.java:979)
	at org.testng.internal.TestMethodWorker.invokeTestMethods(TestMethodWorker.java:125)
	at org.testng.internal.TestMethodWorker.run(TestMethodWorker.java:109)
	at org.testng.TestRunner.privateRun(TestRunner.java:648)
	at org.testng.TestRunner.run(TestRunner.java:505)
	at org.testng.SuiteRunner.runTest(SuiteRunner.java:455)
	at org.testng.SuiteRunner.runSequentially(SuiteRunner.java:450)
	at org.testng.SuiteRunner.privateRun(SuiteRunner.java:415)
	at org.testng.SuiteRunner.run(SuiteRunner.java:364)
	at org.testng.SuiteRunnerWorker.runSuite(SuiteRunnerWorker.java:52)
	at org.testng.SuiteRunnerWorker.run(SuiteRunnerWorker.java:84)
	at org.testng.TestNG.runSuitesSequentially(TestNG.java:1187)
	at org.testng.TestNG.runSuitesLocally(TestNG.java:1116)
	at org.testng.TestNG.runSuites(TestNG.java:1028)
	at org.testng.TestNG.run(TestNG.java:996)
	at org.testng.remote.AbstractRemoteTestNG.run(AbstractRemoteTestNG.java:114)
	at org.testng.remote.RemoteTestNG.initAndRun(RemoteTestNG.java:251)
	at org.testng.remote.RemoteTestNG.main(RemoteTestNG.java:77)
</pre></td>
																</tr>
																<tr>
																	<td class='status fail' title='fail' alt='fail'><i class='mdi-navigation-cancel'></i></td>
																	<td class='timestamp'>21:01:15</td>
																	<td class='step-details'><pre>org.openqa.selenium.UnhandledAlertException: unexpected alert open: {Alert text : Email was sent to MMubarik}
  (Session info: chrome with embedded Chromium 68.0.3440.106)
  (Driver info: OperaDriver=2.37 (e258a0b2caf82204936ecc5f7cfc98d44f76feb9),platform=Windows NT 6.1.7601 SP1 x86_64) (WARNING: The server did not provide any stacktrace information)
Command duration or timeout: 0 milliseconds: null
Build info: version: '3.13.0', revision: '2f0d292', time: '2018-06-25T15:32:14.902Z'
System info: host: 'MACPK-WKS-0076', ip: '172.25.174.222', os.name: 'Windows 7', os.arch: 'amd64', os.version: '6.1', java.version: '1.8.0_181'
Driver info: org.openqa.selenium.opera.OperaDriver
Capabilities {acceptInsecureCerts: false, acceptSslCerts: false, applicationCacheEnabled: false, browserConnectionEnabled: false, browserName: chrome, chrome: {chromedriverVersion: 2.37 (e258a0b2caf82204936ec..., userDataDir: C:\Users\BILAL~1.MUB\AppDat...}, cssSelectorsEnabled: true, databaseEnabled: false, handlesAlerts: true, hasTouchScreen: false, javascriptEnabled: true, locationContextEnabled: true, mobileEmulationEnabled: false, nativeEvents: true, networkConnectionEnabled: false, pageLoadStrategy: normal, platform: XP, platformName: XP, rotatable: false, setWindowRect: true, takesHeapSnapshot: true, takesScreenshot: true, unexpectedAlertBehaviour: , unhandledPromptBehavior: , version: 68.0.3440.106, webStorageEnabled: true}
Session ID: 9f5e16d4efc6389b85f4585104b514b8
*** Element info: {Using=xpath, value=//a[contains(text(),'EIT Dashboard')]}
	at sun.reflect.NativeConstructorAccessorImpl.newInstance0(Native Method)
	at sun.reflect.NativeConstructorAccessorImpl.newInstance(Unknown Source)
	at sun.reflect.DelegatingConstructorAccessorImpl.newInstance(Unknown Source)
	at java.lang.reflect.Constructor.newInstance(Unknown Source)
	at org.openqa.selenium.remote.ErrorHandler.createThrowable(ErrorHandler.java:214)
	at org.openqa.selenium.remote.ErrorHandler.throwIfResponseFailed(ErrorHandler.java:172)
	at org.openqa.selenium.remote.http.JsonHttpResponseCodec.reconstructValue(JsonHttpResponseCodec.java:40)
	at org.openqa.selenium.remote.http.AbstractHttpResponseCodec.decode(AbstractHttpResponseCodec.java:80)
	at org.openqa.selenium.remote.http.AbstractHttpResponseCodec.decode(AbstractHttpResponseCodec.java:44)
	at org.openqa.selenium.remote.HttpCommandExecutor.execute(HttpCommandExecutor.java:158)
	at org.openqa.selenium.remote.service.DriverCommandExecutor.execute(DriverCommandExecutor.java:83)
	at org.openqa.selenium.remote.RemoteWebDriver.execute(RemoteWebDriver.java:548)
	at org.openqa.selenium.remote.RemoteWebDriver.findElement(RemoteWebDriver.java:322)
	at org.openqa.selenium.remote.RemoteWebDriver.findElementByXPath(RemoteWebDriver.java:424)
	at org.openqa.selenium.By$ByXPath.findElement(By.java:353)
	at org.openqa.selenium.remote.RemoteWebDriver.findElement(RemoteWebDriver.java:314)
	at Execution_Suite.RestrictedWords_and_Validations_Features.LockProducts(RestrictedWords_and_Validations_Features.java:4116)
	at sun.reflect.NativeMethodAccessorImpl.invoke0(Native Method)
	at sun.reflect.NativeMethodAccessorImpl.invoke(Unknown Source)
	at sun.reflect.DelegatingMethodAccessorImpl.invoke(Unknown Source)
	at java.lang.reflect.Method.invoke(Unknown Source)
	at org.testng.internal.MethodInvocationHelper.invokeMethod(MethodInvocationHelper.java:124)
	at org.testng.internal.Invoker.invokeMethod(Invoker.java:571)
	at org.testng.internal.Invoker.invokeTestMethod(Invoker.java:707)
	at org.testng.internal.Invoker.invokeTestMethods(Invoker.java:979)
	at org.testng.internal.TestMethodWorker.invokeTestMethods(TestMethodWorker.java:125)
	at org.testng.internal.TestMethodWorker.run(TestMethodWorker.java:109)
	at org.testng.TestRunner.privateRun(TestRunner.java:648)
	at org.testng.TestRunner.run(TestRunner.java:505)
	at org.testng.SuiteRunner.runTest(SuiteRunner.java:455)
	at org.testng.SuiteRunner.runSequentially(SuiteRunner.java:450)
	at org.testng.SuiteRunner.privateRun(SuiteRunner.java:415)
	at org.testng.SuiteRunner.run(SuiteRunner.java:364)
	at org.testng.SuiteRunnerWorker.runSuite(SuiteRunnerWorker.java:52)
	at org.testng.SuiteRunnerWorker.run(SuiteRunnerWorker.java:84)
	at org.testng.TestNG.runSuitesSequentially(TestNG.java:1187)
	at org.testng.TestNG.runSuitesLocally(TestNG.java:1116)
	at org.testng.TestNG.runSuites(TestNG.java:1028)
	at org.testng.TestNG.run(TestNG.java:996)
	at org.testng.remote.AbstractRemoteTestNG.run(AbstractRemoteTestNG.java:114)
	at org.testng.remote.RemoteTestNG.initAndRun(RemoteTestNG.java:251)
	at org.testng.remote.RemoteTestNG.main(RemoteTestNG.java:77)
</pre></td>
																</tr>
														</tbody>
													</table>
													<ul class='collapsible node-list' data-collapsible='accordion'>
													</ul>
												</div>
											</div>
										</li>
								</ul>
							</div>
						</div>
					</div>
				</div>
				<div id='test-details-wrapper' class='col _addedCell2'>
					<div class='contents'>
						<div class='card-panel details-view'>
							<h5 class='details-name'></h5>
							<div class='step-filters right'>
								<span class='btn-floating btn-small waves-effect waves-light blue' status='info' alt='info' title='info'><i class='mdi-action-info-outline'></i></span>
								<span class='btn-floating btn-small waves-effect waves-light green' status='pass' alt='pass' title='pass'><i class='mdi-action-check-circle'></i></span>
								<span class='btn-floating btn-small waves-effect waves-light red' status='fail' alt='fail' title='fail'><i class='mdi-navigation-cancel'></i></span>
								<span class='btn-floating btn-small waves-effect waves-light red darken-4' status='fatal' alt='fatal' title='fatal'><i class='mdi-navigation-cancel'></i></span>
								<span class='btn-floating btn-small waves-effect waves-light red lighten-2' status='error' alt='error' title='error'><i class='mdi-alert-error'></i></span>
								<span class='btn-floating btn-small waves-effect waves-light orange' alt='warning' status='warning' title='warning'><i class='mdi-alert-warning'></i></span>
								<span class='btn-floating btn-small waves-effect waves-light cyan' status='skip' alt='skip' title='skip'><i class='mdi-content-redo'></i></span>
								<span class='btn-floating btn-small waves-effect waves-light grey darken-2' status='clear-step-filter' alt='Clear filters' title='Clear filters'><i class='mdi-content-clear'></i></span>
							</div>
							<div class='details-container'>
							</div>
						</div>
					</div>
				</div>
			</div>
			<!-- /tests -->
			
			<!-- categories -->
			<!-- /categories -->
			
			<!-- exceptions -->
			<!-- /exceptions -->
			
			<!-- testrunner logs -->
			<!-- /testrunner logs -->
			
		</div>
		<!-- /container -->
		
		<!-- test dashboard counts setting -->
		<div id='test-count-setting' class='modal bottom-sheet'> 
			<div class='modal-content'> 
				<h5>Configure Tests Count Setting</h5> 
				<input name='test-count-setting' type='radio' id='parentWithoutNodes' class='with-gap'> 
				<label for='parentWithoutNodes'>Parent Tests Only (Does not include child nodes in counts)</label> 
				<br> 
				<input name='test-count-setting' type='radio' id='parentWithoutNodesAndNodes' class='with-gap'> 
				<label for='parentWithoutNodesAndNodes'>Parent Tests Without Child Tests + Child Tests</label> 
				<br> 
				<input name='test-count-setting' type='radio' id='childNodes' class='with-gap'> 
				<label for='childNodes'>Child Tests Only</label> 
			</div> 
			<div class='modal-footer'> 
				<a href='#!' class='modal-action modal-close waves-effect waves-green btn'>Save</a> 
			</div> 
		</div>
		<!-- /test dashboard counts setting -->
		
		<!-- filter for step status -->
		<div id='step-status-filter' class='modal bottom-sheet'> 
			<div class='modal-content'> 
				<h5>Select status</h5> 
				<input checked class='filled-in' type='checkbox' id='step-dashboard-filter-pass'> 
				<label for='step-dashboard-filter-pass'>Pass</label> 
				<br> 
				<input checked class='filled-in' type='checkbox' id='step-dashboard-filter-fail'> 
				<label for='step-dashboard-filter-fail'>Fail</label> 
				<br> 
				<input checked class='filled-in' type='checkbox' id='step-dashboard-filter-fatal'> 
				<label for='step-dashboard-filter-fatal'>Fatal</label> 
				<br> 
				<input checked class='filled-in' type='checkbox' id='step-dashboard-filter-error'> 
				<label for='step-dashboard-filter-error'>Error</label> 
				<br> 
				<input checked class='filled-in' type='checkbox' id='step-dashboard-filter-warning'> 
				<label for='step-dashboard-filter-warning'>Warning</label> 
				<br> 
				<input checked class='filled-in' type='checkbox' id='step-dashboard-filter-skip'> 
				<label for='step-dashboard-filter-skip'>Skipped</label> 
				<br> 
				<input checked class='filled-in' type='checkbox' id='step-dashboard-filter-info'> 
				<label for='step-dashboard-filter-info'>Info</label> 
				<br> 
				<input checked class='filled-in' type='checkbox' id='step-dashboard-filter-unknown'> 
				<label for='step-dashboard-filter-unknown'>Unknown</label> 
			</div>
			<div class='modal-footer'> 
				<a href='#!' class='modal-action modal-close waves-effect waves-green btn'>Save</a> 
			</div> 
		</div>
		<!-- /filter for step status -->
		
		<script src='https://cdn.rawgit.com/anshooarora/extentreports/6032d73243ba4fe4fb8769eb9c315d4fdf16fe68/cdn/extent.js' type='text/javascript'></script>

		<script>$(document).ready(function() { $('.logo span').html('ExtentReports'); });</script>
		<script>
				
            
                $(document).ready(function() {
                    
                });
            
        
		</script>
	</body>
</html>
